<?xml version="1.0" encoding="utf-8"?><testsuites name="pytest tests"><testsuite name="pytest" errors="0" failures="0" skipped="1" tests="16" time="9.010" timestamp="2026-03-31T10:04:53.037502+00:00" hostname="agent-env-51d366c5-5193-4188-87fd-d5473f21e7aa"><testcase classname="backend.tests.test_iteration48_admin_matches.TestAdminMatchesSection" name="test_admin_login_success" time="0.373" /><testcase classname="backend.tests.test_iteration48_admin_matches.TestAdminMatchesSection" name="test_list_matches_returns_data" time="0.376" /><testcase classname="backend.tests.test_iteration48_admin_matches.TestAdminMatchesSection" name="test_match_has_ist_date_format" time="0.379" /><testcase classname="backend.tests.test_iteration48_admin_matches.TestAdminMatchesSection" name="test_match_status_upcoming_to_live" time="0.436" /><testcase classname="backend.tests.test_iteration48_admin_matches.TestAdminMatchesSection" name="test_match_status_live_to_upcoming_unlive" time="0.408" /><testcase classname="backend.tests.test_iteration48_admin_matches.TestAdminMatchesSection" name="test_list_templates" time="0.372" /><testcase classname="backend.tests.test_iteration48_admin_matches.TestAdminMatchesSection" name="test_list_contests_for_match" time="0.434" /><testcase classname="backend.tests.test_iteration48_admin_matches.TestAdminMatchesSection" name="test_create_contest" time="0.515" /><testcase classname="backend.tests.test_iteration48_admin_matches.TestAdminMatchesSection" name="test_contest_status_open_to_live" time="0.634" /><testcase classname="backend.tests.test_iteration48_admin_matches.TestAdminMatchesSection" name="test_contest_status_live_to_open_unlive" time="0.673" /><testcase classname="backend.tests.test_iteration48_admin_matches.TestAdminMatchesSection" name="test_delete_contest" time="0.682" /><testcase classname="backend.tests.test_iteration48_admin_matches.TestAdminMatchesSection" name="test_max_5_contests_enforcement" time="1.345"><skipped type="pytest.skip" message="No match with 5 contests to test enforcement">/app/backend/tests/test_iteration48_admin_matches.py:355: No match with 5 contests to test enforcement</skipped></testcase><testcase classname="backend.tests.test_iteration48_admin_matches.TestAdminMatchesSection" name="test_sync_ipl_schedule" time="0.417" /><testcase classname="backend.tests.test_iteration48_admin_matches.TestAdminMatchesSection" name="test_questions_have_hindi_text" time="0.374" /><testcase classname="backend.tests.test_iteration48_admin_matches.TestContestStatusTransitions" name="test_contest_status_locked_to_open" time="0.718" /><testcase classname="backend.tests.test_iteration48_admin_matches.TestContestStatusTransitions" name="test_contest_status_locked_to_live" time="0.775" /></testsuite></testsuites>