<?xml version="1.0" encoding="utf-8"?><testsuites name="pytest tests"><testsuite name="pytest" errors="0" failures="0" skipped="0" tests="15" time="5.756" timestamp="2026-03-30T19:25:16.017379+00:00" hostname="agent-env-51d366c5-5193-4188-87fd-d5473f21e7aa"><testcase classname="backend.tests.test_iteration27_socketio_push_admin.TestSocketIO" name="test_socket_io_polling_endpoint" time="0.147" /><testcase classname="backend.tests.test_iteration27_socketio_push_admin.TestSocketIO" name="test_api_root_socket_status" time="0.127" /><testcase classname="backend.tests.test_iteration27_socketio_push_admin.TestPushNotifications" name="test_vapid_public_key_endpoint" time="0.121" /><testcase classname="backend.tests.test_iteration27_socketio_push_admin.TestPushNotifications" name="test_subscribe_requires_auth" time="0.112" /><testcase classname="backend.tests.test_iteration27_socketio_push_admin.TestPushNotifications" name="test_subscribe_with_auth" time="0.442" /><testcase classname="backend.tests.test_iteration27_socketio_push_admin.TestPushNotifications" name="test_unsubscribe_with_auth" time="0.460" /><testcase classname="backend.tests.test_iteration27_socketio_push_admin.TestAdminUserManagement" name="test_admin_users_list" time="0.471" /><testcase classname="backend.tests.test_iteration27_socketio_push_admin.TestAdminUserManagement" name="test_admin_users_search" time="0.475" /><testcase classname="backend.tests.test_iteration27_socketio_push_admin.TestAdminUserManagement" name="test_admin_users_requires_admin" time="0.461" /><testcase classname="backend.tests.test_iteration27_socketio_push_admin.TestAdminUserManagement" name="test_admin_user_detail" time="0.616" /><testcase classname="backend.tests.test_iteration27_socketio_push_admin.TestAdminUserManagement" name="test_admin_ban_toggle" time="0.679" /><testcase classname="backend.tests.test_iteration27_socketio_push_admin.TestAdminUserManagement" name="test_admin_adjust_coins" time="0.739" /><testcase classname="backend.tests.test_iteration27_socketio_push_admin.TestHealthAndBasics" name="test_health_endpoint" time="0.108" /><testcase classname="backend.tests.test_iteration27_socketio_push_admin.TestHealthAndBasics" name="test_admin_login" time="0.358" /><testcase classname="backend.tests.test_iteration27_socketio_push_admin.TestHealthAndBasics" name="test_player_login" time="0.366" /></testsuite></testsuites>