<?xml version="1.0" encoding="utf-8"?><testsuites name="pytest tests"><testsuite name="pytest" errors="0" failures="0" skipped="0" tests="17" time="7.318" timestamp="2026-03-30T10:24:57.024324+00:00" hostname="agent-env-268e87aa-6270-415e-b37d-9d09f89d3a00"><testcase classname="tests.test_iteration16_features.TestHealthAndBasics" name="test_health_check" time="0.126" /><testcase classname="tests.test_iteration16_features.TestNewUserSignupBonus" name="test_check_phone_new_user" time="0.104" /><testcase classname="tests.test_iteration16_features.TestNewUserSignupBonus" name="test_register_new_user_gets_100000_coins" time="0.319" /><testcase classname="tests.test_iteration16_features.TestAuthFlow" name="test_check_phone_existing_user" time="0.127" /><testcase classname="tests.test_iteration16_features.TestAuthFlow" name="test_super_admin_login" time="0.338" /><testcase classname="tests.test_iteration16_features.TestAuthFlow" name="test_regular_player_login" time="0.359" /><testcase classname="tests.test_iteration16_features.TestAutoContestOnMatchCreate" name="test_create_match_auto_creates_contest" time="0.435" /><testcase classname="tests.test_iteration16_features.TestAutoContestOnMatchCreate" name="test_auto_contest_has_correct_properties" time="0.425" /><testcase classname="tests.test_iteration16_features.TestDynamicPrizePool" name="test_prize_pool_increments_on_join" time="0.957" /><testcase classname="tests.test_iteration16_features.TestPrizeDistribution" name="test_finalize_distributes_50_30_20" time="0.540" /><testcase classname="tests.test_iteration16_features.TestAdminDashboard" name="test_admin_stats_endpoint" time="0.445" /><testcase classname="tests.test_iteration16_features.TestAdminDashboard" name="test_admin_questions_crud" time="0.427" /><testcase classname="tests.test_iteration16_features.TestAdminDashboard" name="test_admin_templates_crud" time="0.411" /><testcase classname="tests.test_iteration16_features.TestAdminContestCreation" name="test_admin_create_contest_default_fee" time="0.654" /><testcase classname="tests.test_iteration16_features.TestMatchStatusChange" name="test_match_status_change_to_live" time="0.731" /><testcase classname="tests.test_iteration16_features.TestPlayerRestrictions" name="test_player_cannot_access_admin_stats" time="0.427" /><testcase classname="tests.test_iteration16_features.TestPlayerRestrictions" name="test_player_cannot_create_match" time="0.425" /></testsuite></testsuites>