<?xml version="1.0" encoding="utf-8"?><testsuites name="pytest tests"><testsuite name="pytest" errors="0" failures="0" skipped="0" tests="21" time="2.556" timestamp="2026-03-31T05:08:03.108088+00:00" hostname="agent-env-51d366c5-5193-4188-87fd-d5473f21e7aa"><testcase classname="backend.tests.test_iteration35_ipl_real_data.TestIPLSeedEndpoint" name="test_seed_with_force_true" time="0.229" /><testcase classname="backend.tests.test_iteration35_ipl_real_data.TestIPLPlayersEndpoint" name="test_players_count" time="0.111" /><testcase classname="backend.tests.test_iteration35_ipl_real_data.TestIPLPlayersEndpoint" name="test_virat_kohli_8661_runs" time="0.112" /><testcase classname="backend.tests.test_iteration35_ipl_real_data.TestIPLPlayersEndpoint" name="test_yuzvendra_chahal_221_wickets" time="0.115" /><testcase classname="backend.tests.test_iteration35_ipl_real_data.TestIPLPlayersEndpoint" name="test_ms_dhoni_278_matches" time="0.114" /><testcase classname="backend.tests.test_iteration35_ipl_real_data.TestIPLPlayersEndpoint" name="test_rohit_sharma_stats" time="0.138" /><testcase classname="backend.tests.test_iteration35_ipl_real_data.TestIPLRecordsEndpoint" name="test_records_count" time="0.115" /><testcase classname="backend.tests.test_iteration35_ipl_real_data.TestIPLRecordsEndpoint" name="test_most_runs_kohli_8661" time="0.103" /><testcase classname="backend.tests.test_iteration35_ipl_real_data.TestIPLRecordsEndpoint" name="test_most_wickets_chahal_221" time="0.145" /><testcase classname="backend.tests.test_iteration35_ipl_real_data.TestIPLRecordsEndpoint" name="test_highest_team_total_srh_287" time="0.106" /><testcase classname="backend.tests.test_iteration35_ipl_real_data.TestIPLRecordsEndpoint" name="test_most_expensive_rishabh_pant_27cr" time="0.100" /><testcase classname="backend.tests.test_iteration35_ipl_real_data.TestIPLRecordsEndpoint" name="test_most_matches_dhoni_278" time="0.118" /><testcase classname="backend.tests.test_iteration35_ipl_real_data.TestIPLCapsEndpoint" name="test_caps_count" time="0.103" /><testcase classname="backend.tests.test_iteration35_ipl_real_data.TestIPLCapsEndpoint" name="test_2025_orange_cap_sai_sudharsan" time="0.103" /><testcase classname="backend.tests.test_iteration35_ipl_real_data.TestIPLCapsEndpoint" name="test_2025_purple_cap_prasidh_krishna" time="0.096" /><testcase classname="backend.tests.test_iteration35_ipl_real_data.TestIPLCapsEndpoint" name="test_2016_kohli_973_runs" time="0.102" /><testcase classname="backend.tests.test_iteration35_ipl_real_data.TestHeadToHeadEndpoint" name="test_head_to_head_kohli_vs_rohit" time="0.113" /><testcase classname="backend.tests.test_iteration35_ipl_real_data.TestHeadToHeadEndpoint" name="test_head_to_head_dhoni_vs_chahal" time="0.106" /><testcase classname="backend.tests.test_iteration35_ipl_real_data.TestHeadToHeadEndpoint" name="test_head_to_head_invalid_player" time="0.106" /><testcase classname="backend.tests.test_iteration35_ipl_real_data.TestIPLSearchEndpoint" name="test_search_kohli" time="0.112" /><testcase classname="backend.tests.test_iteration35_ipl_real_data.TestIPLSearchEndpoint" name="test_search_most_runs" time="0.108" /></testsuite></testsuites>