<?xml version="1.0" encoding="utf-8"?><testsuites name="pytest tests"><testsuite name="pytest" errors="0" failures="0" skipped="0" tests="17" time="9.596" timestamp="2026-03-30T11:56:55.585807+00:00" hostname="agent-env-268e87aa-6270-415e-b37d-9d09f89d3a00"><testcase classname="backend.tests.test_iteration19_autopilot.TestAuth" name="test_admin_login_success" time="0.462" /><testcase classname="backend.tests.test_iteration19_autopilot.TestTemplates" name="test_list_templates" time="0.463" /><testcase classname="backend.tests.test_iteration19_autopilot.TestTemplates" name="test_create_template" time="0.648" /><testcase classname="backend.tests.test_iteration19_autopilot.TestTemplates" name="test_update_template_add_remove_questions" time="0.741" /><testcase classname="backend.tests.test_iteration19_autopilot.TestQuestions" name="test_list_questions_with_auto_resolution" time="0.934" /><testcase classname="backend.tests.test_iteration19_autopilot.TestQuestions" name="test_questions_have_option_ranges" time="0.432" /><testcase classname="backend.tests.test_iteration19_autopilot.TestQuestions" name="test_create_question_with_auto_resolution" time="0.519" /><testcase classname="backend.tests.test_iteration19_autopilot.TestQuestions" name="test_update_question_auto_resolution" time="0.638" /><testcase classname="backend.tests.test_iteration19_autopilot.TestBulkImport" name="test_bulk_import_with_auto" time="0.462" /><testcase classname="backend.tests.test_iteration19_autopilot.TestSettlement" name="test_settlement_status" time="0.431" /><testcase classname="backend.tests.test_iteration19_autopilot.TestSettlement" name="test_settlement_run_rate_limited" time="1.509" /><testcase classname="backend.tests.test_iteration19_autopilot.TestAutoPilot" name="test_autopilot_status" time="0.429" /><testcase classname="backend.tests.test_iteration19_autopilot.TestAutoPilot" name="test_autopilot_start" time="0.437" /><testcase classname="backend.tests.test_iteration19_autopilot.TestAutoPilot" name="test_autopilot_stop" time="0.428" /><testcase classname="backend.tests.test_iteration19_autopilot.TestAutoPilot" name="test_autopilot_start_stop_cycle" time="0.758" /><testcase classname="backend.tests.test_iteration19_autopilot.TestAccessControl" name="test_autopilot_requires_admin" time="0.101" /><testcase classname="backend.tests.test_iteration19_autopilot.TestAccessControl" name="test_settlement_requires_admin" time="0.103" /></testsuite></testsuites>