<?xml version="1.0" encoding="utf-8"?><testsuites name="pytest tests"><testsuite name="pytest" errors="0" failures="0" skipped="1" tests="12" time="1.644" timestamp="2026-03-31T10:41:46.094383+00:00" hostname="agent-env-51d366c5-5193-4188-87fd-d5473f21e7aa"><testcase classname="backend.tests.test_iteration50_bug_fixes.TestBugFix1_ManualOverrideFlag" name="test_match_status_update_sets_manual_override" time="0.508" /><testcase classname="backend.tests.test_iteration50_bug_fixes.TestBugFix1_ManualOverrideFlag" name="test_contest_status_update_sets_manual_override" time="0.146" /><testcase classname="backend.tests.test_iteration50_bug_fixes.TestBugFix2_JoinContestForOpenAndLive" name="test_join_open_contest" time="0.102" /><testcase classname="backend.tests.test_iteration50_bug_fixes.TestBugFix2_JoinContestForOpenAndLive" name="test_join_live_contest" time="0.149" /><testcase classname="backend.tests.test_iteration50_bug_fixes.TestBugFix3_ContestsShowForLiveMatches" name="test_get_contests_for_any_match_status" time="0.261" /><testcase classname="backend.tests.test_iteration50_bug_fixes.TestBugFix4_ISTTimeFormatting" name="test_matches_have_ist_time_field" time="0.048" /><testcase classname="backend.tests.test_iteration50_bug_fixes.TestBugFix4_ISTTimeFormatting" name="test_ist_time_is_correct_offset" time="0.049" /><testcase classname="backend.tests.test_iteration50_bug_fixes.TestBugFix5_MatchesSortedRecentFirst" name="test_matches_sorted_descending" time="0.051" /><testcase classname="backend.tests.test_iteration50_bug_fixes.TestBugFix5_MatchesSortedRecentFirst" name="test_upcoming_matches_sorted_ascending_in_frontend" time="0.048" /><testcase classname="backend.tests.test_iteration50_bug_fixes.TestContestJoinEndpoint" name="test_join_contest_returns_proper_response" time="0.105" /><testcase classname="backend.tests.test_iteration50_bug_fixes.TestContestJoinEndpoint" name="test_join_locked_contest_fails" time="0.047"><skipped type="pytest.skip" message="No locked contests found">/app/backend/tests/test_iteration50_bug_fixes.py:338: No locked contests found</skipped></testcase><testcase classname="backend.tests.test_iteration50_bug_fixes.TestAutopilotManualOverrideRespect" name="test_autopilot_status_endpoint" time="0.045" /></testsuite></testsuites>