<?xml version="1.0" encoding="utf-8"?><testsuites name="pytest tests"><testsuite name="pytest" errors="0" failures="1" skipped="0" tests="22" time="10.155" timestamp="2026-03-31T12:32:27.908471+00:00" hostname="agent-env-51d366c5-5193-4188-87fd-d5473f21e7aa"><testcase classname="backend.tests.test_iteration55_features.TestAuthEndpoints" name="test_check_phone_exists" time="0.205" /><testcase classname="backend.tests.test_iteration55_features.TestAuthEndpoints" name="test_check_phone_not_exists" time="0.118" /><testcase classname="backend.tests.test_iteration55_features.TestAuthEndpoints" name="test_forgot_pin_success" time="0.689" /><testcase classname="backend.tests.test_iteration55_features.TestAuthEndpoints" name="test_forgot_pin_invalid_phone" time="0.139"><failure message="assert 422 in [400, 404]&#10; +  where 422 = &lt;Response [422]&gt;.status_code">backend/tests/test_iteration55_features.py:113: in test_forgot_pin_invalid_phone
    assert res.status_code in [400, 404]
E   assert 422 in [400, 404]
E    +  where 422 = &lt;Response [422]&gt;.status_code</failure></testcase><testcase classname="backend.tests.test_iteration55_features.TestAuthEndpoints" name="test_forgot_pin_invalid_pin_format" time="0.119" /><testcase classname="backend.tests.test_iteration55_features.TestAuthEndpoints" name="test_change_name_success" time="0.472" /><testcase classname="backend.tests.test_iteration55_features.TestAuthEndpoints" name="test_change_name_validation" time="0.456" /><testcase classname="backend.tests.test_iteration55_features.TestAuthEndpoints" name="test_change_name_unauthorized" time="0.110" /><testcase classname="backend.tests.test_iteration55_features.TestAuthEndpoints" name="test_change_pin_success" time="1.410" /><testcase classname="backend.tests.test_iteration55_features.TestAuthEndpoints" name="test_change_pin_wrong_old_pin" time="0.611" /><testcase classname="backend.tests.test_iteration55_features.TestAdminUserManagement" name="test_list_users" time="0.398" /><testcase classname="backend.tests.test_iteration55_features.TestAdminUserManagement" name="test_list_users_with_search" time="0.383" /><testcase classname="backend.tests.test_iteration55_features.TestAdminUserManagement" name="test_list_users_banned_filter" time="0.393" /><testcase classname="backend.tests.test_iteration55_features.TestAdminUserManagement" name="test_get_user_details" time="0.449" /><testcase classname="backend.tests.test_iteration55_features.TestAdminUserManagement" name="test_get_user_not_found" time="0.404" /><testcase classname="backend.tests.test_iteration55_features.TestAdminUserManagement" name="test_ban_unban_user" time="0.478" /><testcase classname="backend.tests.test_iteration55_features.TestAdminUserManagement" name="test_ban_admin_fails" time="0.379" /><testcase classname="backend.tests.test_iteration55_features.TestAdminUserManagement" name="test_adjust_coins" time="0.469" /><testcase classname="backend.tests.test_iteration55_features.TestAdminUserManagement" name="test_adjust_coins_negative_balance_protection" time="0.433" /><testcase classname="backend.tests.test_iteration55_features.TestAdminUserManagement" name="test_reset_pin" time="1.004" /><testcase classname="backend.tests.test_iteration55_features.TestAdminUserManagement" name="test_reset_pin_invalid_format" time="0.456" /><testcase classname="backend.tests.test_iteration55_features.TestHomepagePointsBanner" name="test_user_profile_has_total_points" time="0.453" /></testsuite></testsuites>