<?xml version="1.0" encoding="utf-8"?><testsuites name="pytest tests"><testsuite name="pytest" errors="0" failures="0" skipped="0" tests="13" time="5.615" timestamp="2026-03-30T17:11:34.886650+00:00" hostname="agent-env-51d366c5-5193-4188-87fd-d5473f21e7aa"><testcase classname="backend.tests.test_iteration24_mood_meter.TestAuth" name="test_login_super_admin" time="0.433" /><testcase classname="backend.tests.test_iteration24_mood_meter.TestMoodMeterEndpoints" name="test_mood_meter_get_public" time="0.483" /><testcase classname="backend.tests.test_iteration24_mood_meter.TestMoodMeterEndpoints" name="test_mood_meter_get_with_auth_shows_user_vote" time="0.868" /><testcase classname="backend.tests.test_iteration24_mood_meter.TestMoodMeterEndpoints" name="test_mood_vote_requires_auth" time="0.476" /><testcase classname="backend.tests.test_iteration24_mood_meter.TestMoodMeterEndpoints" name="test_mood_vote_validates_team_name" time="0.521" /><testcase classname="backend.tests.test_iteration24_mood_meter.TestMoodMeterEndpoints" name="test_mood_vote_success" time="0.603" /><testcase classname="backend.tests.test_iteration24_mood_meter.TestMoodMeterEndpoints" name="test_mood_vote_can_change_vote" time="0.575" /><testcase classname="backend.tests.test_iteration24_mood_meter.TestMoodMeterEndpoints" name="test_mood_meter_invalid_match" time="0.468" /><testcase classname="backend.tests.test_iteration24_mood_meter.TestMoodMeterEndpoints" name="test_mood_vote_invalid_match" time="0.485" /><testcase classname="backend.tests.test_iteration24_mood_meter.TestMatchEndpoints" name="test_matches_list" time="0.155" /><testcase classname="backend.tests.test_iteration24_mood_meter.TestMatchEndpoints" name="test_match_detail" time="0.166" /><testcase classname="backend.tests.test_iteration24_mood_meter.TestMatchEndpoints" name="test_match_contests" time="0.115" /><testcase classname="backend.tests.test_iteration24_mood_meter.TestHealthEndpoint" name="test_health" time="0.178" /></testsuite></testsuites>