<?xml version="1.0" encoding="utf-8"?><testsuites name="pytest tests"><testsuite name="pytest" errors="0" failures="0" skipped="0" tests="18" time="2.070" timestamp="2026-03-31T11:20:13.479836+00:00" hostname="agent-env-51d366c5-5193-4188-87fd-d5473f21e7aa"><testcase classname="backend.tests.test_iteration52_fixes.TestPredictionSubmit" name="test_get_contest_with_16_questions" time="0.612" /><testcase classname="backend.tests.test_iteration52_fixes.TestPredictionSubmit" name="test_submit_16_predictions_no_422" time="0.155" /><testcase classname="backend.tests.test_iteration52_fixes.TestMatchSorting" name="test_matches_smart_sorting" time="0.058" /><testcase classname="backend.tests.test_iteration52_fixes.TestMatchSorting" name="test_upcoming_matches_sorted_nearest_first" time="0.054" /><testcase classname="backend.tests.test_iteration52_fixes.TestMatchSorting" name="test_completed_matches_sorted_recent_first" time="0.048" /><testcase classname="backend.tests.test_iteration52_fixes.TestISTTimeDisplay" name="test_matches_have_start_time_ist" time="0.050" /><testcase classname="backend.tests.test_iteration52_fixes.TestISTTimeDisplay" name="test_ist_time_format_correct" time="0.051" /><testcase classname="backend.tests.test_iteration52_fixes.TestISTTimeDisplay" name="test_live_ticker_returns_ist_display" time="0.053" /><testcase classname="backend.tests.test_iteration52_fixes.TestISTTimeDisplay" name="test_live_ticker_status_has_ist_not_gmt" time="0.051" /><testcase classname="backend.tests.test_iteration52_fixes.TestMyContestsPage" name="test_my_contests_endpoint" time="0.052" /><testcase classname="backend.tests.test_iteration52_fixes.TestMyContestsPage" name="test_my_contests_has_match_info" time="0.057" /><testcase classname="backend.tests.test_iteration52_fixes.TestAdminMatchesPage" name="test_admin_matches_live_status" time="0.050" /><testcase classname="backend.tests.test_iteration52_fixes.TestAdminMatchesPage" name="test_admin_matches_upcoming_status" time="0.057" /><testcase classname="backend.tests.test_iteration52_fixes.TestAdminMatchesPage" name="test_admin_matches_completed_status" time="0.053" /><testcase classname="backend.tests.test_iteration52_fixes.TestAdminContests" name="test_admin_contests_endpoint" time="0.051" /><testcase classname="backend.tests.test_iteration52_fixes.TestAdminContests" name="test_contest_details_include_match" time="0.097" /><testcase classname="backend.tests.test_iteration52_fixes.TestHealthAndBasics" name="test_api_health" time="0.100" /><testcase classname="backend.tests.test_iteration52_fixes.TestHealthAndBasics" name="test_login_works" time="0.329" /></testsuite></testsuites>