<?xml version="1.0" encoding="utf-8"?><testsuites name="pytest tests"><testsuite name="pytest" errors="0" failures="0" skipped="1" tests="26" time="10.165" timestamp="2026-03-31T11:49:35.500131+00:00" hostname="agent-env-51d366c5-5193-4188-87fd-d5473f21e7aa"><testcase classname="backend.tests.test_iteration53_3phase.TestPhase1Auth" name="test_check_phone" time="0.150" /><testcase classname="backend.tests.test_iteration53_3phase.TestPhase1Auth" name="test_login_success" time="0.335" /><testcase classname="backend.tests.test_iteration53_3phase.TestPhase1Matches" name="test_matches_list_limit_50" time="0.445" /><testcase classname="backend.tests.test_iteration53_3phase.TestPhase1Matches" name="test_matches_status_live" time="0.443" /><testcase classname="backend.tests.test_iteration53_3phase.TestPhase1Matches" name="test_matches_status_upcoming" time="0.430" /><testcase classname="backend.tests.test_iteration53_3phase.TestPhase1Matches" name="test_matches_status_completed" time="0.442" /><testcase classname="backend.tests.test_iteration53_3phase.TestPhase1Matches" name="test_match_info" time="0.544" /><testcase classname="backend.tests.test_iteration53_3phase.TestPhase1Matches" name="test_match_contests" time="0.540" /><testcase classname="backend.tests.test_iteration53_3phase.TestPhase1Matches" name="test_match_status_update_sets_manual_override" time="0.566" /><testcase classname="backend.tests.test_iteration53_3phase.TestPhase1Contests" name="test_contest_join_open_or_live" time="0.657" /><testcase classname="backend.tests.test_iteration53_3phase.TestPhase1Contests" name="test_contest_questions_16_hindi_1270_points" time="0.554" /><testcase classname="backend.tests.test_iteration53_3phase.TestPhase1Contests" name="test_predict_16_predictions_max_50" time="0.453"><skipped type="pytest.skip" message="User has not joined any contests">/app/backend/tests/test_iteration53_3phase.py:236: User has not joined any contests</skipped></testcase><testcase classname="backend.tests.test_iteration53_3phase.TestPhase1Contests" name="test_my_contests_with_match_info" time="0.435" /><testcase classname="backend.tests.test_iteration53_3phase.TestPhase1Cricket" name="test_live_ticker_ist_times" time="0.098" /><testcase classname="backend.tests.test_iteration53_3phase.TestPhase1Cricket" name="test_points_table" time="0.117" /><testcase classname="backend.tests.test_iteration53_3phase.TestPhase1Wallet" name="test_wallet_balance" time="0.436" /><testcase classname="backend.tests.test_iteration53_3phase.TestPhase1Wallet" name="test_claim_daily" time="0.436" /><testcase classname="backend.tests.test_iteration53_3phase.TestPhase1Admin" name="test_admin_stats" time="0.440" /><testcase classname="backend.tests.test_iteration53_3phase.TestPhase1Admin" name="test_admin_templates" time="0.448" /><testcase classname="backend.tests.test_iteration53_3phase.TestPhase1Admin" name="test_admin_contests" time="0.434" /><testcase classname="backend.tests.test_iteration53_3phase.TestPhase2RedisCaching" name="test_matches_cache_performance" time="0.206" /><testcase classname="backend.tests.test_iteration53_3phase.TestPhase2RedisCaching" name="test_live_ticker_cache_performance" time="0.227" /><testcase classname="backend.tests.test_iteration53_3phase.TestPhase2RedisCaching" name="test_points_table_cache_performance" time="0.238" /><testcase classname="backend.tests.test_iteration53_3phase.TestPhase2Pagination" name="test_matches_pagination_with_status_filter" time="0.219" /><testcase classname="backend.tests.test_iteration53_3phase.TestPhase2CacheInvalidation" name="test_cache_invalidation_on_status_change" time="0.662" /><testcase classname="backend.tests.test_iteration53_3phase.TestHealthAndRedis" name="test_health_check" time="0.101" /></testsuite></testsuites>