<?xml version="1.0" encoding="utf-8"?><testsuites name="pytest tests"><testsuite name="pytest" errors="0" failures="0" skipped="0" tests="13" time="7.847" timestamp="2026-03-31T12:51:59.896667+00:00" hostname="agent-env-51d366c5-5193-4188-87fd-d5473f21e7aa"><testcase classname="backend.tests.test_iteration56_status_lock.TestContestStatusCheck" name="test_get_contest_exists" time="0.528" /><testcase classname="backend.tests.test_iteration56_status_lock.TestContestStatusCheck" name="test_predict_allowed_when_open" time="0.594" /><testcase classname="backend.tests.test_iteration56_status_lock.TestContestStatusCheck" name="test_predict_allowed_when_live" time="0.553" /><testcase classname="backend.tests.test_iteration56_status_lock.TestContestStatusCheck" name="test_predict_rejected_when_completed" time="0.614" /><testcase classname="backend.tests.test_iteration56_status_lock.TestContestStatusCheck" name="test_predict_rejected_when_locked" time="0.613" /><testcase classname="backend.tests.test_iteration56_status_lock.TestGetQuestionsStatusFields" name="test_questions_returns_contest_status_field" time="2.062" /><testcase classname="backend.tests.test_iteration56_status_lock.TestGetQuestionsStatusFields" name="test_questions_is_locked_false_when_open" time="0.472" /><testcase classname="backend.tests.test_iteration56_status_lock.TestGetQuestionsStatusFields" name="test_questions_is_locked_true_when_completed" time="0.469" /><testcase classname="backend.tests.test_iteration56_status_lock.TestGetQuestionsStatusFields" name="test_questions_is_locked_true_when_locked" time="0.464" /><testcase classname="backend.tests.test_iteration56_status_lock.TestMyContestsCurrentRank" name="test_my_contests_returns_entries" time="0.437" /><testcase classname="backend.tests.test_iteration56_status_lock.TestMyContestsCurrentRank" name="test_my_contests_entry_has_current_rank_field" time="0.435" /><testcase classname="backend.tests.test_iteration56_status_lock.TestMyContestsCurrentRank" name="test_my_contests_completed_has_final_rank" time="0.452" /><testcase classname="backend.tests.test_iteration56_status_lock.TestCleanup" name="test_restore_contest_status" time="0.003" /></testsuite></testsuites>