<?xml version="1.0" encoding="utf-8"?><testsuites name="pytest tests"><testsuite name="pytest" errors="0" failures="0" skipped="0" tests="23" time="3.115" timestamp="2026-03-29T22:01:03.800916+00:00" hostname="agent-env-268e87aa-6270-415e-b37d-9d09f89d3a00"><testcase classname="backend.tests.test_crickpredict_stage4.TestHealthEndpoints" name="test_health_endpoint_returns_healthy" time="0.246" /><testcase classname="backend.tests.test_crickpredict_stage4.TestHealthEndpoints" name="test_health_has_security_headers" time="0.057" /><testcase classname="backend.tests.test_crickpredict_stage4.TestAuthRegistration" name="test_register_new_user_with_signup_bonus" time="0.282" /><testcase classname="backend.tests.test_crickpredict_stage4.TestAuthRegistration" name="test_register_duplicate_phone_fails" time="0.050" /><testcase classname="backend.tests.test_crickpredict_stage4.TestAuthRegistration" name="test_register_invalid_pin_fails" time="0.049" /><testcase classname="backend.tests.test_crickpredict_stage4.TestAuthLogin" name="test_login_success" time="0.276" /><testcase classname="backend.tests.test_crickpredict_stage4.TestAuthLogin" name="test_login_wrong_pin_fails" time="0.274" /><testcase classname="backend.tests.test_crickpredict_stage4.TestAuthLogin" name="test_login_nonexistent_phone_fails" time="0.050" /><testcase classname="backend.tests.test_crickpredict_stage4.TestAuthMe" name="test_get_me_with_token" time="0.321" /><testcase classname="backend.tests.test_crickpredict_stage4.TestAuthMe" name="test_get_me_without_token_fails" time="0.107" /><testcase classname="backend.tests.test_crickpredict_stage4.TestAuthRefresh" name="test_refresh_token_returns_new_tokens" time="0.327" /><testcase classname="backend.tests.test_crickpredict_stage4.TestUserProfile" name="test_get_profile" time="0.053" /><testcase classname="backend.tests.test_crickpredict_stage4.TestUserProfile" name="test_update_profile_username" time="0.067" /><testcase classname="backend.tests.test_crickpredict_stage4.TestUserProfile" name="test_get_rank_progress" time="0.049" /><testcase classname="backend.tests.test_crickpredict_stage4.TestUserProfile" name="test_get_referral_stats" time="0.048" /><testcase classname="backend.tests.test_crickpredict_stage4.TestUserProfile" name="test_get_avatars" time="0.050" /><testcase classname="backend.tests.test_crickpredict_stage4.TestUserProfile" name="test_get_leaderboard" time="0.050" /><testcase classname="backend.tests.test_crickpredict_stage4.TestWallet" name="test_get_balance" time="0.051" /><testcase classname="backend.tests.test_crickpredict_stage4.TestWallet" name="test_get_transactions" time="0.051" /><testcase classname="backend.tests.test_crickpredict_stage4.TestWallet" name="test_claim_daily_reward" time="0.095" /><testcase classname="backend.tests.test_crickpredict_stage4.TestWallet" name="test_claim_daily_twice_fails" time="0.097" /><testcase classname="backend.tests.test_crickpredict_stage4.TestSecurity" name="test_security_headers_present" time="0.047" /><testcase classname="backend.tests.test_crickpredict_stage4.TestSecurity" name="test_rate_limiting_on_auth" time="0.275" /></testsuite></testsuites>