<?xml version="1.0" encoding="utf-8"?><testsuites name="pytest tests"><testsuite name="pytest" errors="0" failures="0" skipped="0" tests="11" time="1.918" timestamp="2026-03-31T07:11:25.762006+00:00" hostname="agent-env-51d366c5-5193-4188-87fd-d5473f21e7aa"><testcase classname="backend.tests.test_iteration40_data_quality.TestCompletedMatchesWithScores" name="test_completed_matches_exist" time="0.160" /><testcase classname="backend.tests.test_iteration40_data_quality.TestCompletedMatchesWithScores" name="test_completed_matches_have_real_scores" time="0.103" /><testcase classname="backend.tests.test_iteration40_data_quality.TestTeamNameConsistency" name="test_team_names_match_short_names" time="0.103" /><testcase classname="backend.tests.test_iteration40_data_quality.TestScorecardData" name="test_scorecard_has_batsmen" time="0.253" /><testcase classname="backend.tests.test_iteration40_data_quality.TestScorecardData" name="test_scorecard_has_top_scorer" time="0.202" /><testcase classname="backend.tests.test_iteration40_data_quality.TestAICommentary" name="test_ai_commentary_structure" time="0.242" /><testcase classname="backend.tests.test_iteration40_data_quality.TestAICommentary" name="test_ai_commentary_has_hinglish" time="0.223" /><testcase classname="backend.tests.test_iteration40_data_quality.TestPointsTable" name="test_points_table_has_rcb_not_rcbw" time="0.103" /><testcase classname="backend.tests.test_iteration40_data_quality.TestPointsTable" name="test_points_table_has_wins" time="0.101" /><testcase classname="backend.tests.test_iteration40_data_quality.TestMatchWinnerText" name="test_completed_matches_have_status_text" time="0.133" /><testcase classname="backend.tests.test_iteration40_data_quality.TestMVPRatings" name="test_mvp_virat_kohli_rating" time="0.208" /></testsuite></testsuites>