<?xml version="1.0" encoding="utf-8"?><testsuites name="pytest tests"><testsuite name="pytest" errors="0" failures="0" skipped="0" tests="19" time="6.761" timestamp="2026-03-30T10:04:47.790721+00:00" hostname="agent-env-268e87aa-6270-415e-b37d-9d09f89d3a00"><testcase classname="backend.tests.test_admin_separation_iteration15.TestAuthCheckPhone" name="test_check_phone_existing_user" time="0.204" /><testcase classname="backend.tests.test_admin_separation_iteration15.TestAuthCheckPhone" name="test_check_phone_new_user" time="0.112" /><testcase classname="backend.tests.test_admin_separation_iteration15.TestAuthCheckPhone" name="test_check_phone_regular_player" time="0.133" /><testcase classname="backend.tests.test_admin_separation_iteration15.TestAdminSeparation" name="test_super_admin_login_has_is_admin_true" time="0.320" /><testcase classname="backend.tests.test_admin_separation_iteration15.TestAdminSeparation" name="test_regular_player_login_has_is_admin_false" time="0.327" /><testcase classname="backend.tests.test_admin_separation_iteration15.TestAdminSeparation" name="test_old_admin_login_has_is_admin_true" time="0.360" /><testcase classname="backend.tests.test_admin_separation_iteration15.TestAdminAPIs" name="test_admin_stats_endpoint" time="0.416" /><testcase classname="backend.tests.test_admin_separation_iteration15.TestAdminAPIs" name="test_admin_questions_list" time="0.428" /><testcase classname="backend.tests.test_admin_separation_iteration15.TestAdminAPIs" name="test_admin_templates_list" time="0.415" /><testcase classname="backend.tests.test_admin_separation_iteration15.TestAdminAPIs" name="test_admin_matches_list" time="0.416" /><testcase classname="backend.tests.test_admin_separation_iteration15.TestAdminAPIs" name="test_admin_contests_list" time="0.418" /><testcase classname="backend.tests.test_admin_separation_iteration15.TestPlayerRestrictions" name="test_player_cannot_access_admin_stats" time="0.423" /><testcase classname="backend.tests.test_admin_separation_iteration15.TestPlayerRestrictions" name="test_player_cannot_create_match" time="0.431" /><testcase classname="backend.tests.test_admin_separation_iteration15.TestPlayerRestrictions" name="test_player_cannot_create_contest" time="0.446" /><testcase classname="backend.tests.test_admin_separation_iteration15.TestPlayerRestrictions" name="test_player_can_access_public_matches" time="0.442" /><testcase classname="backend.tests.test_admin_separation_iteration15.TestPlayerRestrictions" name="test_player_can_access_wallet" time="0.424" /><testcase classname="backend.tests.test_admin_separation_iteration15.TestRegressionAPIs" name="test_health_check" time="0.104" /><testcase classname="backend.tests.test_admin_separation_iteration15.TestRegressionAPIs" name="test_auth_me_with_admin_token" time="0.425" /><testcase classname="backend.tests.test_admin_separation_iteration15.TestRegressionAPIs" name="test_auth_me_with_player_token" time="0.423" /></testsuite></testsuites>