<?xml version="1.0" encoding="utf-8"?><testsuites name="pytest tests"><testsuite name="pytest" errors="0" failures="0" skipped="0" tests="24" time="6.627" timestamp="2026-03-30T20:18:55.635270+00:00" hostname="agent-env-51d366c5-5193-4188-87fd-d5473f21e7aa"><testcase classname="backend.tests.test_iteration28_cricket_cache.TestHealthAndBasics" name="test_health_endpoint" time="0.214" /><testcase classname="backend.tests.test_iteration28_cricket_cache.TestIPLPointsTable" name="test_points_table_returns_teams" time="0.052" /><testcase classname="backend.tests.test_iteration28_cricket_cache.TestIPLPointsTable" name="test_points_table_team_structure" time="0.060" /><testcase classname="backend.tests.test_iteration28_cricket_cache.TestIPLPointsTable" name="test_points_table_has_series_id" time="0.053" /><testcase classname="backend.tests.test_iteration28_cricket_cache.TestLiveTicker" name="test_live_ticker_returns_scores" time="0.951" /><testcase classname="backend.tests.test_iteration28_cricket_cache.TestLiveTicker" name="test_live_ticker_match_structure" time="0.061" /><testcase classname="backend.tests.test_iteration28_cricket_cache.TestLiveTicker" name="test_live_ticker_ms_values" time="0.056" /><testcase classname="backend.tests.test_iteration28_cricket_cache.TestTeamDrillDown" name="test_csk_matches_returns_data" time="0.059" /><testcase classname="backend.tests.test_iteration28_cricket_cache.TestTeamDrillDown" name="test_mi_matches_returns_data" time="0.057" /><testcase classname="backend.tests.test_iteration28_cricket_cache.TestTeamDrillDown" name="test_team_match_structure" time="0.052" /><testcase classname="backend.tests.test_iteration28_cricket_cache.TestTeamDrillDown" name="test_team_matches_sorted_by_date" time="0.063" /><testcase classname="backend.tests.test_iteration28_cricket_cache.TestMatchFullData" name="test_match_full_data_returns_sections" time="0.618" /><testcase classname="backend.tests.test_iteration28_cricket_cache.TestMatchFullData" name="test_match_full_data_has_match_info" time="0.608" /><testcase classname="backend.tests.test_iteration28_cricket_cache.TestMatchFullData" name="test_match_full_data_has_scorecard" time="0.623" /><testcase classname="backend.tests.test_iteration28_cricket_cache.TestMatchFullData" name="test_match_full_data_has_fantasy_points" time="0.632" /><testcase classname="backend.tests.test_iteration28_cricket_cache.TestMatchFullData" name="test_match_full_data_has_squad" time="0.617" /><testcase classname="backend.tests.test_iteration28_cricket_cache.TestMatchFullData" name="test_match_full_data_has_metrics" time="0.686" /><testcase classname="backend.tests.test_iteration28_cricket_cache.TestIPLSquads" name="test_ipl_squads_returns_teams" time="0.073" /><testcase classname="backend.tests.test_iteration28_cricket_cache.TestIPLSquads" name="test_ipl_squads_has_players" time="0.069" /><testcase classname="backend.tests.test_iteration28_cricket_cache.TestCacheStats" name="test_cache_stats_returns_data" time="0.060" /><testcase classname="backend.tests.test_iteration28_cricket_cache.TestCacheStats" name="test_cache_prevents_duplicate_api_calls" time="0.236" /><testcase classname="backend.tests.test_iteration28_cricket_cache.TestCacheStats" name="test_cache_has_expected_types" time="0.059" /><testcase classname="backend.tests.test_iteration28_cricket_cache.TestAuthentication" name="test_admin_login" time="0.280" /><testcase classname="backend.tests.test_iteration28_cricket_cache.TestAuthentication" name="test_player_login" time="0.284" /></testsuite></testsuites>