<?xml version="1.0" encoding="utf-8"?><testsuites name="pytest tests"><testsuite name="pytest" errors="0" failures="0" skipped="0" tests="16" time="4.116" timestamp="2026-03-31T06:45:47.409649+00:00" hostname="agent-env-51d366c5-5193-4188-87fd-d5473f21e7aa"><testcase classname="tests.test_ipl_data_iteration39.TestCompletedMatches" name="test_completed_matches_exist" time="0.189" /><testcase classname="tests.test_ipl_data_iteration39.TestCompletedMatches" name="test_completed_match_has_cricketdata_id" time="0.099" /><testcase classname="tests.test_ipl_data_iteration39.TestScorecard" name="test_scorecard_returns_innings" time="0.199" /><testcase classname="tests.test_ipl_data_iteration39.TestScorecard" name="test_scorecard_has_batting_data" time="0.217" /><testcase classname="tests.test_ipl_data_iteration39.TestScorecard" name="test_scorecard_has_metrics" time="0.211" /><testcase classname="tests.test_ipl_data_iteration39.TestSquad" name="test_squad_returns_two_teams" time="0.241" /><testcase classname="tests.test_ipl_data_iteration39.TestSquad" name="test_squad_has_players" time="0.204" /><testcase classname="tests.test_ipl_data_iteration39.TestMatchInfo" name="test_match_info_has_toss" time="0.227" /><testcase classname="tests.test_ipl_data_iteration39.TestMatchInfo" name="test_match_info_has_winner" time="0.210" /><testcase classname="tests.test_ipl_data_iteration39.TestMatchInfo" name="test_match_info_has_scores" time="0.208" /><testcase classname="tests.test_ipl_data_iteration39.TestPointsTable" name="test_points_table_returns_teams" time="0.117" /><testcase classname="tests.test_ipl_data_iteration39.TestPointsTable" name="test_points_table_has_rcb_not_rcbw" time="0.111" /><testcase classname="tests.test_ipl_data_iteration39.TestPointsTable" name="test_points_table_has_stats" time="0.107" /><testcase classname="tests.test_ipl_data_iteration39.TestLiveTicker" name="test_live_ticker_returns_scores" time="1.471" /><testcase classname="tests.test_ipl_data_iteration39.TestTeamMatches" name="test_rcb_matches" time="0.099" /><testcase classname="tests.test_ipl_data_iteration39.TestTeamMatches" name="test_rcb_has_completed_match" time="0.116" /></testsuite></testsuites>