<?xml version="1.0" encoding="utf-8"?><testsuites name="pytest tests"><testsuite name="pytest" errors="0" failures="0" skipped="0" tests="15" time="1.888" timestamp="2026-03-31T04:41:48.506966+00:00" hostname="agent-env-51d366c5-5193-4188-87fd-d5473f21e7aa"><testcase classname="backend.tests.test_iteration34_ipl_search.TestIPLRecords" name="test_get_all_records" time="0.161" /><testcase classname="backend.tests.test_iteration34_ipl_search.TestIPLRecords" name="test_records_have_categories" time="0.126" /><testcase classname="backend.tests.test_iteration34_ipl_search.TestIPLPlayers" name="test_get_all_players" time="0.110" /><testcase classname="backend.tests.test_iteration34_ipl_search.TestIPLPlayers" name="test_player_structure" time="0.122" /><testcase classname="backend.tests.test_iteration34_ipl_search.TestIPLPlayers" name="test_filter_by_role" time="0.144" /><testcase classname="backend.tests.test_iteration34_ipl_search.TestIPLPlayers" name="test_filter_by_team" time="0.107" /><testcase classname="backend.tests.test_iteration34_ipl_search.TestIPLCaps" name="test_get_cap_winners" time="0.101" /><testcase classname="backend.tests.test_iteration34_ipl_search.TestIPLCaps" name="test_cap_winner_structure" time="0.108" /><testcase classname="backend.tests.test_iteration34_ipl_search.TestIPLSearch" name="test_search_player_kohli" time="0.138" /><testcase classname="backend.tests.test_iteration34_ipl_search.TestIPLSearch" name="test_search_team_csk" time="0.107" /><testcase classname="backend.tests.test_iteration34_ipl_search.TestIPLSearch" name="test_search_bumrah" time="0.119" /><testcase classname="backend.tests.test_iteration34_ipl_search.TestIPLSearch" name="test_search_most_runs" time="0.099" /><testcase classname="backend.tests.test_iteration34_ipl_search.TestIPLSearch" name="test_search_empty_query" time="0.143" /><testcase classname="backend.tests.test_iteration34_ipl_search.TestIPLPlayerProfile" name="test_get_player_by_name" time="0.105" /><testcase classname="backend.tests.test_iteration34_ipl_search.TestIPLPlayerProfile" name="test_get_nonexistent_player" time="0.108" /></testsuite></testsuites>