<?xml version="1.0" encoding="utf-8"?><testsuites name="pytest tests"><testsuite name="pytest" errors="0" failures="0" skipped="1" tests="14" time="36.884" timestamp="2026-03-30T16:45:35.474520+00:00" hostname="agent-env-51d366c5-5193-4188-87fd-d5473f21e7aa"><testcase classname="backend.tests.test_iteration23_ai_commentary.TestHealthAndBasics" name="test_health_endpoint" time="0.313" /><testcase classname="backend.tests.test_iteration23_ai_commentary.TestHealthAndBasics" name="test_matches_endpoint" time="0.078" /><testcase classname="backend.tests.test_iteration23_ai_commentary.TestAICommentary" name="test_ai_commentary_endpoint_exists" time="0.083" /><testcase classname="backend.tests.test_iteration23_ai_commentary.TestAICommentary" name="test_ai_commentary_returns_structured_data" time="0.068" /><testcase classname="backend.tests.test_iteration23_ai_commentary.TestAICommentary" name="test_ai_commentary_force_refresh" time="33.498" /><testcase classname="backend.tests.test_iteration23_ai_commentary.TestAICommentary" name="test_ai_commentary_invalid_match" time="0.104" /><testcase classname="backend.tests.test_iteration23_ai_commentary.TestMatchScorecard" name="test_scorecard_endpoint" time="0.080" /><testcase classname="backend.tests.test_iteration23_ai_commentary.TestMatchInfo" name="test_match_info_endpoint" time="0.068" /><testcase classname="backend.tests.test_iteration23_ai_commentary.TestLiveScoreData" name="test_match_has_live_score" time="0.057" /><testcase classname="backend.tests.test_iteration23_ai_commentary.TestContestsAndLeaderboard" name="test_match_contests" time="0.074" /><testcase classname="backend.tests.test_iteration23_ai_commentary.TestContestsAndLeaderboard" name="test_leaderboard_endpoint" time="0.165"><skipped type="pytest.skip" message="PIN verification failed: {&quot;detail&quot;:&quot;Not Found&quot;}">/app/backend/tests/test_iteration23_ai_commentary.py:249: PIN verification failed: {"detail":"Not Found"}</skipped></testcase><testcase classname="backend.tests.test_iteration23_ai_commentary.TestBallByBall" name="test_ball_by_ball_endpoint" time="0.636" /><testcase classname="backend.tests.test_iteration23_ai_commentary.TestLiveMatchData" name="test_live_ticker" time="0.950" /><testcase classname="backend.tests.test_iteration23_ai_commentary.TestLiveMatchData" name="test_ipl_points_table" time="0.620" /></testsuite></testsuites>