<?xml version="1.0" encoding="utf-8"?><testsuites name="pytest tests"><testsuite name="pytest" errors="0" failures="1" skipped="0" tests="15" time="5.902" timestamp="2026-03-31T05:53:18.212444+00:00" hostname="agent-env-51d366c5-5193-4188-87fd-d5473f21e7aa"><testcase classname="tests.test_iteration37_features.TestAuth" name="test_admin_login" time="0.451" /><testcase classname="tests.test_iteration37_features.TestAdminUsersEndpoints" name="test_list_users_endpoint_exists" time="0.482" /><testcase classname="tests.test_iteration37_features.TestAdminUsersEndpoints" name="test_list_users_with_search" time="0.485" /><testcase classname="tests.test_iteration37_features.TestAdminUsersEndpoints" name="test_get_user_detail" time="0.531" /><testcase classname="tests.test_iteration37_features.TestAdminUsersEndpoints" name="test_user_detail_not_found" time="0.424" /><testcase classname="tests.test_iteration37_features.TestAdminUsersEndpoints" name="test_users_pagination" time="0.442" /><testcase classname="tests.test_iteration37_features.TestAdminStats" name="test_admin_stats_endpoint" time="0.441" /><testcase classname="tests.test_iteration37_features.TestServiceWorkerAndOffline" name="test_service_worker_exists" time="0.105" /><testcase classname="tests.test_iteration37_features.TestServiceWorkerAndOffline" name="test_offline_page_exists" time="0.101" /><testcase classname="tests.test_iteration37_features.TestFontLoadingOptimization" name="test_index_html_font_optimization" time="0.095"><failure message="AssertionError: Font loading not optimized with media=print&#10;assert ('media=&quot;print&quot;' in '&lt;!DOCTYPE html&gt;\n&lt;html lang=&quot;en&quot;&gt;\n  &lt;head&gt;\n    &lt;meta charset=&quot;utf-8&quot; /&gt;\n    &lt;meta name=&quot;viewport&quot; content=&quot;width=device-width, initial-scale=1, maximum-scale=1, user-scalable=no, viewport-fit=cover&quot; /&gt;\n    &lt;meta name=&quot;theme-color&quot; content=&quot;#0D0D0D&quot; /&gt;\n    &lt;meta name=&quot;description&quot; content=&quot;Bharat 11 - Fantasy Cricket Prediction Platform. Predict match outcomes, answer 11 questions per match, and win virtual coins!&quot; /&gt;\n    \n    &lt;!-- PWA Meta Tags --&gt;\n    &lt;meta name=&quot;mobile-web-app-capable&quot; content=&quot;yes&quot; /&gt;\n    &lt;meta name=&quot;apple-mobile-web-app-capable&quot; content=&quot;yes&quot; /&gt;\n    &lt;meta name=&quot;apple-mobile-web-app-status-bar-style&quot; content=&quot;black-translucent&quot; /&gt;\n    &lt;meta name=&quot;apple-mobile-web-app-title&quot; content=&quot;Bharat 11&quot; /&gt;\n    &lt;meta name=&quot;application-name&quot; content=&quot;Bharat 11&quot; /&gt;\n    &lt;meta name=&quot;msapplication-TileColor&quot; content=&quot;#0D0D0D&quot; /&gt;\n    &lt;meta name=&quot;msapplication-config&quot; content=&quot;/browserconfig.xml&quot; /&gt;\n    \n    &lt;!-- Preconnect for performance --&gt;\n    &lt;link rel=&quot;preconnect&quot; href=&quot;https://fonts.googleapis.com&quot; /&gt;\n    &lt;link rel=&quot;preconnect&quot; href=&quot;https://fonts.gstatic.com&quot; crossorigin /&gt;\n    \n    &lt;!-- Fonts - Poppins for UI, Rajdhani for numbers, Noto Sans Devana...     console.log(\'SW registered:\', registration.scope);\n            })\n            .catch(function(error) {\n              console.log(\'SW registration failed:\', error);\n            });\n        });\n      }\n    &lt;/script&gt;\n  &lt;script&gt;(function(){function c(){var b=a.contentDocument||a.contentWindow.document;if(b){var d=b.createElement(\'script\');d.innerHTML=&quot;window.__CF$cv$params={r:\'9e4d17df5f328c0a\',t:\'MTc3NDkzNjQwMQ==\'};var a=document.createElement(\'script\');a.src=\'/cdn-cgi/challenge-platform/scripts/jsd/main.js\';document.getElementsByTagName(\'head\')[0].appendChild(a);&quot;;b.getElementsByTagName(\'head\')[0].appendChild(d)}}if(document.body){var a=document.createElement(\'iframe\');a.height=1;a.width=1;a.style.position=\'absolute\';a.style.top=0;a.style.left=0;a.style.border=\'none\';a.style.visibility=\'hidden\';document.body.appendChild(a);if(\'loading\'!==document.readyState)c();else if(window.addEventListener)document.addEventListener(\'DOMContentLoaded\',c);else{var e=document.onreadystatechange||function(){};document.onreadystatechange=function(b){e(b);\'loading\'!==document.readyState&amp;&amp;(document.onreadystatechange=e,c())}}}})();&lt;/script&gt;&lt;/body&gt;\n&lt;/html&gt;\n' or &quot;media='print'&quot; in '&lt;!DOCTYPE html&gt;\n&lt;html lang=&quot;en&quot;&gt;\n  &lt;head&gt;\n    &lt;meta charset=&quot;utf-8&quot; /&gt;\n    &lt;meta name=&quot;viewport&quot; content=&quot;width=device-width, initial-scale=1, maximum-scale=1, user-scalable=no, viewport-fit=cover&quot; /&gt;\n    &lt;meta name=&quot;theme-color&quot; content=&quot;#0D0D0D&quot; /&gt;\n    &lt;meta name=&quot;description&quot; content=&quot;Bharat 11 - Fantasy Cricket Prediction Platform. Predict match outcomes, answer 11 questions per match, and win virtual coins!&quot; /&gt;\n    \n    &lt;!-- PWA Meta Tags --&gt;\n    &lt;meta name=&quot;mobile-web-app-capable&quot; content=&quot;yes&quot; /&gt;\n    &lt;meta name=&quot;apple-mobile-web-app-capable&quot; content=&quot;yes&quot; /&gt;\n    &lt;meta name=&quot;apple-mobile-web-app-status-bar-style&quot; content=&quot;black-translucent&quot; /&gt;\n    &lt;meta name=&quot;apple-mobile-web-app-title&quot; content=&quot;Bharat 11&quot; /&gt;\n    &lt;meta name=&quot;application-name&quot; content=&quot;Bharat 11&quot; /&gt;\n    &lt;meta name=&quot;msapplication-TileColor&quot; content=&quot;#0D0D0D&quot; /&gt;\n    &lt;meta name=&quot;msapplication-config&quot; content=&quot;/browserconfig.xml&quot; /&gt;\n    \n    &lt;!-- Preconnect for performance --&gt;\n    &lt;link rel=&quot;preconnect&quot; href=&quot;https://fonts.googleapis.com&quot; /&gt;\n    &lt;link rel=&quot;preconnect&quot; href=&quot;https://fonts.gstatic.com&quot; crossorigin /&gt;\n    \n    &lt;!-- Fonts - Poppins for UI, Rajdhani for numbers, Noto Sans Devana...     console.log(\'SW registered:\', registration.scope);\n            })\n            .catch(function(error) {\n              console.log(\'SW registration failed:\', error);\n            });\n        });\n      }\n    &lt;/script&gt;\n  &lt;script&gt;(function(){function c(){var b=a.contentDocument||a.contentWindow.document;if(b){var d=b.createElement(\'script\');d.innerHTML=&quot;window.__CF$cv$params={r:\'9e4d17df5f328c0a\',t:\'MTc3NDkzNjQwMQ==\'};var a=document.createElement(\'script\');a.src=\'/cdn-cgi/challenge-platform/scripts/jsd/main.js\';document.getElementsByTagName(\'head\')[0].appendChild(a);&quot;;b.getElementsByTagName(\'head\')[0].appendChild(d)}}if(document.body){var a=document.createElement(\'iframe\');a.height=1;a.width=1;a.style.position=\'absolute\';a.style.top=0;a.style.left=0;a.style.border=\'none\';a.style.visibility=\'hidden\';document.body.appendChild(a);if(\'loading\'!==document.readyState)c();else if(window.addEventListener)document.addEventListener(\'DOMContentLoaded\',c);else{var e=document.onreadystatechange||function(){};document.onreadystatechange=function(b){e(b);\'loading\'!==document.readyState&amp;&amp;(document.onreadystatechange=e,c())}}}})();&lt;/script&gt;&lt;/body&gt;\n&lt;/html&gt;\n')">tests/test_iteration37_features.py:171: in test_index_html_font_optimization
    assert 'media="print"' in content or "media='print'" in content, "Font loading not optimized with media=print"
E   AssertionError: Font loading not optimized with media=print
E   assert ('media="print"' in '&lt;!DOCTYPE html&gt;\n&lt;html lang="en"&gt;\n  &lt;head&gt;\n    &lt;meta charset="utf-8" /&gt;\n    &lt;meta name="viewport" content="width=device-width, initial-scale=1, maximum-scale=1, user-scalable=no, viewport-fit=cover" /&gt;\n    &lt;meta name="theme-color" content="#0D0D0D" /&gt;\n    &lt;meta name="description" content="Bharat 11 - Fantasy Cricket Prediction Platform. Predict match outcomes, answer 11 questions per match, and win virtual coins!" /&gt;\n    \n    &lt;!-- PWA Meta Tags --&gt;\n    &lt;meta name="mobile-web-app-capable" content="yes" /&gt;\n    &lt;meta name="apple-mobile-web-app-capable" content="yes" /&gt;\n    &lt;meta name="apple-mobile-web-app-status-bar-style" content="black-translucent" /&gt;\n    &lt;meta name="apple-mobile-web-app-title" content="Bharat 11" /&gt;\n    &lt;meta name="application-name" content="Bharat 11" /&gt;\n    &lt;meta name="msapplication-TileColor" content="#0D0D0D" /&gt;\n    &lt;meta name="msapplication-config" content="/browserconfig.xml" /&gt;\n    \n    &lt;!-- Preconnect for performance --&gt;\n    &lt;link rel="preconnect" href="https://fonts.googleapis.com" /&gt;\n    &lt;link rel="preconnect" href="https://fonts.gstatic.com" crossorigin /&gt;\n    \n    &lt;!-- Fonts - Poppins for UI, Rajdhani for numbers, Noto Sans Devana...     console.log(\'SW registered:\', registration.scope);\n            })\n            .catch(function(error) {\n              console.log(\'SW registration failed:\', error);\n            });\n        });\n      }\n    &lt;/script&gt;\n  &lt;script&gt;(function(){function c(){var b=a.contentDocument||a.contentWindow.document;if(b){var d=b.createElement(\'script\');d.innerHTML="window.__CF$cv$params={r:\'9e4d17df5f328c0a\',t:\'MTc3NDkzNjQwMQ==\'};var a=document.createElement(\'script\');a.src=\'/cdn-cgi/challenge-platform/scripts/jsd/main.js\';document.getElementsByTagName(\'head\')[0].appendChild(a);";b.getElementsByTagName(\'head\')[0].appendChild(d)}}if(document.body){var a=document.createElement(\'iframe\');a.height=1;a.width=1;a.style.position=\'absolute\';a.style.top=0;a.style.left=0;a.style.border=\'none\';a.style.visibility=\'hidden\';document.body.appendChild(a);if(\'loading\'!==document.readyState)c();else if(window.addEventListener)document.addEventListener(\'DOMContentLoaded\',c);else{var e=document.onreadystatechange||function(){};document.onreadystatechange=function(b){e(b);\'loading\'!==document.readyState&amp;&amp;(document.onreadystatechange=e,c())}}}})();&lt;/script&gt;&lt;/body&gt;\n&lt;/html&gt;\n' or "media='print'" in '&lt;!DOCTYPE html&gt;\n&lt;html lang="en"&gt;\n  &lt;head&gt;\n    &lt;meta charset="utf-8" /&gt;\n    &lt;meta name="viewport" content="width=device-width, initial-scale=1, maximum-scale=1, user-scalable=no, viewport-fit=cover" /&gt;\n    &lt;meta name="theme-color" content="#0D0D0D" /&gt;\n    &lt;meta name="description" content="Bharat 11 - Fantasy Cricket Prediction Platform. Predict match outcomes, answer 11 questions per match, and win virtual coins!" /&gt;\n    \n    &lt;!-- PWA Meta Tags --&gt;\n    &lt;meta name="mobile-web-app-capable" content="yes" /&gt;\n    &lt;meta name="apple-mobile-web-app-capable" content="yes" /&gt;\n    &lt;meta name="apple-mobile-web-app-status-bar-style" content="black-translucent" /&gt;\n    &lt;meta name="apple-mobile-web-app-title" content="Bharat 11" /&gt;\n    &lt;meta name="application-name" content="Bharat 11" /&gt;\n    &lt;meta name="msapplication-TileColor" content="#0D0D0D" /&gt;\n    &lt;meta name="msapplication-config" content="/browserconfig.xml" /&gt;\n    \n    &lt;!-- Preconnect for performance --&gt;\n    &lt;link rel="preconnect" href="https://fonts.googleapis.com" /&gt;\n    &lt;link rel="preconnect" href="https://fonts.gstatic.com" crossorigin /&gt;\n    \n    &lt;!-- Fonts - Poppins for UI, Rajdhani for numbers, Noto Sans Devana...     console.log(\'SW registered:\', registration.scope);\n            })\n            .catch(function(error) {\n              console.log(\'SW registration failed:\', error);\n            });\n        });\n      }\n    &lt;/script&gt;\n  &lt;script&gt;(function(){function c(){var b=a.contentDocument||a.contentWindow.document;if(b){var d=b.createElement(\'script\');d.innerHTML="window.__CF$cv$params={r:\'9e4d17df5f328c0a\',t:\'MTc3NDkzNjQwMQ==\'};var a=document.createElement(\'script\');a.src=\'/cdn-cgi/challenge-platform/scripts/jsd/main.js\';document.getElementsByTagName(\'head\')[0].appendChild(a);";b.getElementsByTagName(\'head\')[0].appendChild(d)}}if(document.body){var a=document.createElement(\'iframe\');a.height=1;a.width=1;a.style.position=\'absolute\';a.style.top=0;a.style.left=0;a.style.border=\'none\';a.style.visibility=\'hidden\';document.body.appendChild(a);if(\'loading\'!==document.readyState)c();else if(window.addEventListener)document.addEventListener(\'DOMContentLoaded\',c);else{var e=document.onreadystatechange||function(){};document.onreadystatechange=function(b){e(b);\'loading\'!==document.readyState&amp;&amp;(document.onreadystatechange=e,c())}}}})();&lt;/script&gt;&lt;/body&gt;\n&lt;/html&gt;\n')</failure></testcase><testcase classname="tests.test_iteration37_features.TestTemplatesAndContests" name="test_templates_list" time="0.435" /><testcase classname="tests.test_iteration37_features.TestTemplatesAndContests" name="test_auto_contests_24h_endpoint" time="0.469" /><testcase classname="tests.test_iteration37_features.TestMatchesAndContests" name="test_matches_list" time="0.435" /><testcase classname="tests.test_iteration37_features.TestMatchesAndContests" name="test_contests_list" time="0.432" /><testcase classname="tests.test_iteration37_features.TestQuestionsBank" name="test_questions_list" time="0.465" /></testsuite></testsuites>