<?xml version="1.0" encoding="utf-8"?><testsuites name="pytest tests"><testsuite name="pytest" errors="0" failures="0" skipped="0" tests="13" time="4.033" timestamp="2026-03-30T10:50:50.027867+00:00" hostname="agent-env-268e87aa-6270-415e-b37d-9d09f89d3a00"><testcase classname="tests.test_iteration17_cricket_data.TestCricbuzzPrimary" name="test_live_cricket_returns_matches" time="0.897" /><testcase classname="tests.test_iteration17_cricket_data.TestCricbuzzPrimary" name="test_ipl_only_filter" time="0.213" /><testcase classname="tests.test_iteration17_cricket_data.TestCricketDataFallback" name="test_live_status_shows_key_set" time="0.101" /><testcase classname="tests.test_iteration17_cricket_data.TestSyncPipeline" name="test_sync_creates_matches" time="0.144" /><testcase classname="tests.test_iteration17_cricket_data.TestSyncPipeline" name="test_sync_auto_creates_contests" time="0.103" /><testcase classname="tests.test_iteration17_cricket_data.TestSyncPipeline" name="test_second_sync_updates_existing" time="0.200" /><testcase classname="tests.test_iteration17_cricket_data.TestAutoContestLinked" name="test_synced_matches_have_contests" time="0.405" /><testcase classname="tests.test_iteration17_cricket_data.TestRegressionAuth" name="test_super_admin_login" time="0.321" /><testcase classname="tests.test_iteration17_cricket_data.TestRegressionAuth" name="test_regular_player_login" time="0.322" /><testcase classname="tests.test_iteration17_cricket_data.TestRegressionContestJoin" name="test_contest_join_deducts_coins" time="0.613" /><testcase classname="tests.test_iteration17_cricket_data.TestRegressionNewUserSignup" name="test_new_user_gets_100000_coins" time="0.431" /><testcase classname="tests.test_iteration17_cricket_data.TestAdminRestrictions" name="test_player_cannot_sync" time="0.096" /><testcase classname="tests.test_iteration17_cricket_data.TestAdminRestrictions" name="test_player_cannot_create_match" time="0.094" /></testsuite></testsuites>