<?xml version="1.0" encoding="utf-8"?><testsuites name="pytest tests"><testsuite name="pytest" errors="0" failures="0" skipped="0" tests="17" time="7.039" timestamp="2026-03-30T16:05:46.569047+00:00" hostname="agent-env-51d366c5-5193-4188-87fd-d5473f21e7aa"><testcase classname="backend.tests.test_iteration22_stages.TestStage1_IPLCleanup" name="test_matches_endpoint_returns_only_ipl" time="0.187" /><testcase classname="backend.tests.test_iteration22_stages.TestStage1_IPLCleanup" name="test_no_non_ipl_matches_in_response" time="0.190" /><testcase classname="backend.tests.test_iteration22_stages.TestStage2_DeadlineEnforcement" name="test_template_deadlines_endpoint" time="0.120" /><testcase classname="backend.tests.test_iteration22_stages.TestStage2_DeadlineEnforcement" name="test_full_match_deadline_rule" time="0.154" /><testcase classname="backend.tests.test_iteration22_stages.TestStage2_DeadlineEnforcement" name="test_in_match_pp_deadline_rule" time="0.124" /><testcase classname="backend.tests.test_iteration22_stages.TestStage2_DeadlineEnforcement" name="test_in_match_death_deadline_rule" time="0.195" /><testcase classname="backend.tests.test_iteration22_stages.TestStage3_TemplateRules" name="test_apply_default_templates_endpoint" time="0.135" /><testcase classname="backend.tests.test_iteration22_stages.TestStage3_TemplateRules" name="test_template_question_count_max_11" time="0.145" /><testcase classname="backend.tests.test_iteration22_stages.TestStage4_AutoContests24h" name="test_auto_contests_24h_endpoint" time="0.128" /><testcase classname="backend.tests.test_iteration22_stages.TestStage4_AutoContests24h" name="test_match_has_contests" time="0.126" /><testcase classname="backend.tests.test_iteration22_stages.TestStage5_PointsLeaderboard" name="test_match_fantasy_points" time="1.718" /><testcase classname="backend.tests.test_iteration22_stages.TestStage5_PointsLeaderboard" name="test_contest_leaderboard" time="0.256" /><testcase classname="backend.tests.test_iteration22_stages.TestStage6_BallByBallAndPlayerProfile" name="test_ball_by_ball_endpoint" time="0.673" /><testcase classname="backend.tests.test_iteration22_stages.TestStage6_BallByBallAndPlayerProfile" name="test_ball_by_ball_for_upcoming_match" time="0.782" /><testcase classname="backend.tests.test_iteration22_stages.TestStage6_BallByBallAndPlayerProfile" name="test_player_profile_endpoint" time="1.697" /><testcase classname="backend.tests.test_iteration22_stages.TestHealthAndBasics" name="test_health_endpoint" time="0.202" /><testcase classname="backend.tests.test_iteration22_stages.TestHealthAndBasics" name="test_matches_endpoint_basic" time="0.114" /></testsuite></testsuites>