<?xml version="1.0" encoding="utf-8"?><testsuites name="pytest tests"><testsuite name="pytest" errors="0" failures="0" skipped="0" tests="10" time="2.192" timestamp="2026-03-30T17:34:22.279493+00:00" hostname="agent-env-51d366c5-5193-4188-87fd-d5473f21e7aa"><testcase classname="backend.tests.test_iteration25_badge.TestAuth" name="test_admin_login" time="0.517" /><testcase classname="backend.tests.test_iteration25_badge.TestGlobalBadgeEndpoints" name="test_my_badge_requires_auth" time="0.124" /><testcase classname="backend.tests.test_iteration25_badge.TestGlobalBadgeEndpoints" name="test_my_badge_with_auth" time="0.512" /><testcase classname="backend.tests.test_iteration25_badge.TestGlobalBadgeEndpoints" name="test_my_badge_values" time="0.157" /><testcase classname="backend.tests.test_iteration25_badge.TestGlobalBadgeEndpoints" name="test_global_leaderboard_public" time="0.146" /><testcase classname="backend.tests.test_iteration25_badge.TestGlobalBadgeEndpoints" name="test_global_leaderboard_structure" time="0.143" /><testcase classname="backend.tests.test_iteration25_badge.TestGlobalBadgeEndpoints" name="test_global_leaderboard_ranking" time="0.130" /><testcase classname="backend.tests.test_iteration25_badge.TestGlobalBadgeEndpoints" name="test_global_leaderboard_badge_assignment" time="0.121" /><testcase classname="backend.tests.test_iteration25_badge.TestGlobalBadgeEndpoints" name="test_global_leaderboard_limit_param" time="0.130" /><testcase classname="backend.tests.test_iteration25_badge.TestHealthCheck" name="test_health_endpoint" time="0.127" /></testsuite></testsuites>