<?xml version="1.0" encoding="utf-8"?><testsuites name="pytest tests"><testsuite name="pytest" errors="0" failures="0" skipped="8" tests="56" time="5.922" timestamp="2026-03-30T08:10:56.194796+00:00" hostname="agent-env-268e87aa-6270-415e-b37d-9d09f89d3a00"><testcase classname="tests.test_stages10_14_deep.TestStage10LeaderboardPolish" name="test_s10_01_leaderboard_returns_ranked_entries" time="0.602" /><testcase classname="tests.test_stages10_14_deep.TestStage10LeaderboardPolish" name="test_s10_02_leaderboard_entry_fields" time="0.102"><skipped type="pytest.skip" message="No leaderboard entries">/app/backend/tests/test_stages10_14_deep.py:85: No leaderboard entries</skipped></testcase><testcase classname="tests.test_stages10_14_deep.TestStage10LeaderboardPolish" name="test_s10_03_top_3_ranks" time="0.000" /><testcase classname="tests.test_stages10_14_deep.TestStage10LeaderboardPolish" name="test_s10_04_leaderboard_limit_param" time="0.097" /><testcase classname="tests.test_stages10_14_deep.TestStage10LeaderboardPolish" name="test_s10_05_my_position" time="0.102" /><testcase classname="tests.test_stages10_14_deep.TestStage10LeaderboardPolish" name="test_s10_06_my_position_fields" time="0.097" /><testcase classname="tests.test_stages10_14_deep.TestStage10LeaderboardPolish" name="test_s10_07_user_answer_detail" time="0.000"><skipped type="pytest.skip" message="No leaderboard entries">/app/backend/tests/test_stages10_14_deep.py:132: No leaderboard entries</skipped></testcase><testcase classname="tests.test_stages10_14_deep.TestStage10LeaderboardPolish" name="test_s10_08_answer_detail_fields" time="0.000"><skipped type="pytest.skip" message="No leaderboard entries">/app/backend/tests/test_stages10_14_deep.py:143: No leaderboard entries</skipped></testcase><testcase classname="tests.test_stages10_14_deep.TestStage10LeaderboardPolish" name="test_s10_09_answer_detail_predictions" time="0.000"><skipped type="pytest.skip" message="No leaderboard entries">/app/backend/tests/test_stages10_14_deep.py:156: No leaderboard entries</skipped></testcase><testcase classname="tests.test_stages10_14_deep.TestStage10LeaderboardPolish" name="test_s10_10_prediction_fields" time="0.000"><skipped type="pytest.skip" message="No leaderboard entries">/app/backend/tests/test_stages10_14_deep.py:168: No leaderboard entries</skipped></testcase><testcase classname="tests.test_stages10_14_deep.TestStage10LeaderboardPolish" name="test_s10_11_prediction_options" time="0.000"><skipped type="pytest.skip" message="No leaderboard entries">/app/backend/tests/test_stages10_14_deep.py:183: No leaderboard entries</skipped></testcase><testcase classname="tests.test_stages10_14_deep.TestStage10LeaderboardPolish" name="test_s10_12_correct_option_enriched" time="0.000"><skipped type="pytest.skip" message="No leaderboard entries">/app/backend/tests/test_stages10_14_deep.py:197: No leaderboard entries</skipped></testcase><testcase classname="tests.test_stages10_14_deep.TestStage10LeaderboardPolish" name="test_s10_13_contest_name_field" time="0.000"><skipped type="pytest.skip" message="No leaderboard entries">/app/backend/tests/test_stages10_14_deep.py:210: No leaderboard entries</skipped></testcase><testcase classname="tests.test_stages10_14_deep.TestStage10LeaderboardPolish" name="test_s10_14_nonexistent_user_404" time="0.106" /><testcase classname="tests.test_stages10_14_deep.TestStage10LeaderboardPolish" name="test_s10_15_to_22_redis_manager_methods" time="0.293" /><testcase classname="tests.test_stages10_14_deep.TestStage10LeaderboardPolish" name="test_s10_23_composite_score_formula" time="0.002" /><testcase classname="tests.test_stages10_14_deep.TestStage10LeaderboardPolish" name="test_s10_24_to_50_frontend_placeholder" time="0.000" /><testcase classname="tests.test_stages10_14_deep.TestStage10LeaderboardPolish" name="test_s10_49_no_id_in_responses" time="0.100" /><testcase classname="tests.test_stages10_14_deep.TestStage10LeaderboardPolish" name="test_s10_50_leaderboard_both_statuses" time="0.392" /><testcase classname="tests.test_stages10_14_deep.TestStage11LiveCricketData" name="test_s11_01_cricket_data_service_exists" time="0.020" /><testcase classname="tests.test_stages10_14_deep.TestStage11LiveCricketData" name="test_s11_02_uses_pycricbuzz" time="0.000" /><testcase classname="tests.test_stages10_14_deep.TestStage11LiveCricketData" name="test_s11_03_cache_ttl" time="0.000" /><testcase classname="tests.test_stages10_14_deep.TestStage11LiveCricketData" name="test_s11_04_fetch_live_matches_method" time="0.000" /><testcase classname="tests.test_stages10_14_deep.TestStage11LiveCricketData" name="test_s11_05_fetch_live_score_method" time="0.000" /><testcase classname="tests.test_stages10_14_deep.TestStage11LiveCricketData" name="test_s11_06_fetch_scorecard_method" time="0.000" /><testcase classname="tests.test_stages10_14_deep.TestStage11LiveCricketData" name="test_s11_07_is_connected_property" time="0.000" /><testcase classname="tests.test_stages10_14_deep.TestStage11LiveCricketData" name="test_s11_08_graceful_error_handling" time="0.061" /><testcase classname="tests.test_stages10_14_deep.TestStage11LiveCricketData" name="test_s11_09_parse_match_method" time="0.000" /><testcase classname="tests.test_stages10_14_deep.TestStage11LiveCricketData" name="test_s11_10_ipl_team_mapping" time="0.000" /><testcase classname="tests.test_stages10_14_deep.TestStage11LiveCricketData" name="test_s11_11_international_team_mapping" time="0.000" /><testcase classname="tests.test_stages10_14_deep.TestStage11LiveCricketData" name="test_s11_12_parse_live_score_method" time="0.000" /><testcase classname="tests.test_stages10_14_deep.TestStage11LiveCricketData" name="test_s11_13_batsmen_bowlers_arrays" time="0.000" /><testcase classname="tests.test_stages10_14_deep.TestStage11LiveCricketData" name="test_s11_14_cricbuzz_endpoint" time="0.144" /><testcase classname="tests.test_stages10_14_deep.TestStage11LiveCricketData" name="test_s11_15_cricbuzz_source" time="0.097" /><testcase classname="tests.test_stages10_14_deep.TestStage11LiveCricketData" name="test_s11_16_connected_false_in_container" time="0.109" /><testcase classname="tests.test_stages10_14_deep.TestStage11LiveCricketData" name="test_s11_17_sync_requires_auth" time="0.106" /><testcase classname="tests.test_stages10_14_deep.TestStage11LiveCricketData" name="test_s11_18_sync_response_fields" time="0.431" /><testcase classname="tests.test_stages10_14_deep.TestStage11LiveCricketData" name="test_s11_19_sync_creates_matches" time="0.102" /><testcase classname="tests.test_stages10_14_deep.TestStage11LiveCricketData" name="test_s11_20_sync_score_requires_auth" time="0.104" /><testcase classname="tests.test_stages10_14_deep.TestStage11LiveCricketData" name="test_s11_21_22_sync_score_requires_external_id" time="0.195" /><testcase classname="tests.test_stages10_14_deep.TestStage11LiveCricketData" name="test_s11_23_pycricbuzz_installed" time="0.000" /><testcase classname="tests.test_stages10_14_deep.TestStage11LiveCricketData" name="test_s11_24_requirements_includes_pycricbuzz" time="0.000" /><testcase classname="tests.test_stages10_14_deep.TestStage11LiveCricketData" name="test_s11_25_async_executor" time="0.001" /><testcase classname="tests.test_stages10_14_deep.TestStage12HomeFrontend" name="test_s12_placeholder" time="0.000" /><testcase classname="tests.test_stages10_14_deep.TestStage13AdminPanel" name="test_s13_frontend_placeholder" time="0.000" /><testcase classname="tests.test_stages10_14_deep.TestStage13AdminPanel" name="test_s13_16_dashboard_data_sources" time="0.195" /><testcase classname="tests.test_stages10_14_deep.TestStage13AdminPanel" name="test_s13_17_matches_list" time="0.110" /><testcase classname="tests.test_stages10_14_deep.TestStage13AdminPanel" name="test_s13_18_match_status_values" time="0.102" /><testcase classname="tests.test_stages10_14_deep.TestStage13AdminPanel" name="test_s13_19_to_22_sync_cricbuzz" time="0.438" /><testcase classname="tests.test_stages10_14_deep.TestStage13AdminPanel" name="test_s13_25_26_status_change" time="0.198" /><testcase classname="tests.test_stages10_14_deep.TestStage13AdminPanel" name="test_s13_30_open_contests_list" time="0.107" /><testcase classname="tests.test_stages10_14_deep.TestStage13AdminPanel" name="test_s13_32_to_34_load_questions" time="0.196" /><testcase classname="tests.test_stages10_14_deep.TestStage13AdminPanel" name="test_s13_35_36_resolve_endpoint" time="0.204" /><testcase classname="tests.test_stages10_14_deep.TestStage13AdminPanel" name="test_s13_38_39_finalize_endpoint" time="0.235" /><testcase classname="tests.test_stages10_14_deep.TestStage13AdminPanel" name="test_s13_44_admin_endpoints_require_auth" time="0.395" /><testcase classname="tests.test_stages10_14_deep.TestStage13AdminPanel" name="test_s13_50_no_id_in_responses" time="0.344" /></testsuite></testsuites>