<?xml version="1.0" encoding="utf-8"?><testsuites name="pytest tests"><testsuite name="pytest" errors="0" failures="0" skipped="0" tests="23" time="9.097" timestamp="2026-03-30T07:14:04.507034+00:00" hostname="agent-env-268e87aa-6270-415e-b37d-9d09f89d3a00"><testcase classname="tests.test_stage7_14.TestHealthAndBasics" name="test_health_endpoint" time="0.230" /><testcase classname="tests.test_stage7_14.TestHealthAndBasics" name="test_matches_list" time="0.151" /><testcase classname="tests.test_stage7_14.TestHealthAndBasics" name="test_contests_list" time="0.103" /><testcase classname="tests.test_stage7_14.TestAuthentication" name="test_login_success" time="0.372" /><testcase classname="tests.test_stage7_14.TestAuthentication" name="test_login_invalid_pin" time="0.320" /><testcase classname="tests.test_stage7_14.TestMatchEndpoints" name="test_match_detail" time="0.238" /><testcase classname="tests.test_stage7_14.TestMatchEndpoints" name="test_match_contests" time="0.199" /><testcase classname="tests.test_stage7_14.TestMatchEndpoints" name="test_match_live_score" time="0.209" /><testcase classname="tests.test_stage7_14.TestCricbuzzIntegration" name="test_cricbuzz_live_endpoint" time="0.174" /><testcase classname="tests.test_stage7_14.TestCricbuzzIntegration" name="test_cricbuzz_sync_endpoint" time="0.419" /><testcase classname="tests.test_stage7_14.TestContestJoinAndPredict" name="test_my_contests" time="0.416" /><testcase classname="tests.test_stage7_14.TestContestJoinAndPredict" name="test_contest_questions" time="0.517" /><testcase classname="tests.test_stage7_14.TestContestJoinAndPredict" name="test_contest_detail" time="0.544" /><testcase classname="tests.test_stage7_14.TestLeaderboard" name="test_contest_leaderboard" time="0.524" /><testcase classname="tests.test_stage7_14.TestLeaderboard" name="test_my_leaderboard_position" time="0.559" /><testcase classname="tests.test_stage7_14.TestLeaderboard" name="test_user_answers_endpoint" time="0.635" /><testcase classname="tests.test_stage7_14.TestAdminEndpoints" name="test_match_status_update" time="0.531" /><testcase classname="tests.test_stage7_14.TestAdminEndpoints" name="test_resolve_question_endpoint" time="0.519" /><testcase classname="tests.test_stage7_14.TestAdminEndpoints" name="test_finalize_contest_endpoint_exists" time="0.621" /><testcase classname="tests.test_stage7_14.TestUserProfile" name="test_user_profile" time="0.433" /><testcase classname="tests.test_stage7_14.TestUserProfile" name="test_wallet_transactions" time="0.435" /><testcase classname="tests.test_stage7_14.TestUserProfile" name="test_rank_progress" time="0.424" /><testcase classname="tests.test_stage7_14.TestUserProfile" name="test_referral_stats" time="0.424" /></testsuite></testsuites>