<?xml version="1.0" encoding="utf-8"?><testsuites name="pytest tests"><testsuite name="pytest" errors="0" failures="0" skipped="0" tests="11" time="8.326" timestamp="2026-03-30T15:28:31.556983+00:00" hostname="agent-env-51d366c5-5193-4188-87fd-d5473f21e7aa"><testcase classname="backend.tests.test_iteration21_cricket_apis.TestCricketIPLEndpoints" name="test_ipl_points_table" time="0.848" /><testcase classname="backend.tests.test_iteration21_cricket_apis.TestCricketIPLEndpoints" name="test_live_ticker" time="0.991" /><testcase classname="backend.tests.test_iteration21_cricket_apis.TestCricketIPLEndpoints" name="test_ipl_squads" time="1.205" /><testcase classname="backend.tests.test_iteration21_cricket_apis.TestCricketIPLEndpoints" name="test_player_profile" time="0.820" /><testcase classname="backend.tests.test_iteration21_cricket_apis.TestMatchSpecificEndpoints" name="test_match_squad" time="0.818" /><testcase classname="backend.tests.test_iteration21_cricket_apis.TestMatchSpecificEndpoints" name="test_match_fantasy_points" time="1.029" /><testcase classname="backend.tests.test_iteration21_cricket_apis.TestMatchSpecificEndpoints" name="test_match_info" time="0.780" /><testcase classname="backend.tests.test_iteration21_cricket_apis.TestMatchSpecificEndpoints" name="test_match_scorecard" time="0.687" /><testcase classname="backend.tests.test_iteration21_cricket_apis.TestMatchWithoutCricketDataId" name="test_squad_without_cricketdata_id" time="0.784" /><testcase classname="backend.tests.test_iteration21_cricket_apis.TestHealthAndStatus" name="test_health" time="0.141" /><testcase classname="backend.tests.test_iteration21_cricket_apis.TestHealthAndStatus" name="test_cricket_status" time="0.129" /></testsuite></testsuites>