<?xml version="1.0" encoding="utf-8"?><testsuites name="pytest tests"><testsuite name="pytest" errors="0" failures="0" skipped="0" tests="12" time="1.561" timestamp="2026-03-31T13:05:51.363247+00:00" hostname="agent-env-51d366c5-5193-4188-87fd-d5473f21e7aa"><testcase classname="backend.tests.test_iteration57_status_access.TestContestStatusAccessControl" name="test_join_contest_rejects_when_status_open" time="0.533" /><testcase classname="backend.tests.test_iteration57_status_access.TestContestStatusAccessControl" name="test_join_contest_allows_when_status_live" time="0.052" /><testcase classname="backend.tests.test_iteration57_status_access.TestContestStatusAccessControl" name="test_join_contest_rejects_when_status_completed" time="0.051" /><testcase classname="backend.tests.test_iteration57_status_access.TestContestStatusAccessControl" name="test_predict_rejects_when_status_open" time="0.171" /><testcase classname="backend.tests.test_iteration57_status_access.TestContestStatusAccessControl" name="test_predict_allows_when_status_live" time="0.158" /><testcase classname="backend.tests.test_iteration57_status_access.TestContestStatusAccessControl" name="test_predict_rejects_when_status_completed" time="0.109" /><testcase classname="backend.tests.test_iteration57_status_access.TestContestStatusAccessControl" name="test_get_questions_returns_is_locked_true_when_open" time="0.054" /><testcase classname="backend.tests.test_iteration57_status_access.TestContestStatusAccessControl" name="test_get_questions_returns_is_locked_false_when_live" time="0.054" /><testcase classname="backend.tests.test_iteration57_status_access.TestContestStatusAccessControl" name="test_get_questions_returns_is_locked_true_when_completed" time="0.053" /><testcase classname="backend.tests.test_iteration57_status_access.TestContestStatusAccessControl" name="test_leaderboard_accessible_when_open" time="0.058" /><testcase classname="backend.tests.test_iteration57_status_access.TestContestStatusAccessControl" name="test_user_answers_accessible_when_open" time="0.119" /><testcase classname="backend.tests.test_iteration57_status_access.TestContestStatusCleanup" name="test_restore_contest_status" time="0.002" /></testsuite></testsuites>