<?xml version="1.0" encoding="utf-8"?><testsuites name="pytest tests"><testsuite name="pytest" errors="0" failures="0" skipped="0" tests="15" time="4.520" timestamp="2026-03-30T18:21:27.568485+00:00" hostname="agent-env-51d366c5-5193-4188-87fd-d5473f21e7aa"><testcase classname="tests.test_iteration26_streak.TestHealthAndAuth" name="test_health_endpoint" time="0.233" /><testcase classname="tests.test_iteration26_streak.TestHealthAndAuth" name="test_admin_login" time="0.393" /><testcase classname="tests.test_iteration26_streak.TestHealthAndAuth" name="test_player_login" time="0.371" /><testcase classname="tests.test_iteration26_streak.TestStreakAPIs" name="test_top_streak_endpoint_public" time="0.133" /><testcase classname="tests.test_iteration26_streak.TestStreakAPIs" name="test_top_streak_with_limit" time="0.135" /><testcase classname="tests.test_iteration26_streak.TestStreakAPIs" name="test_my_streak_requires_auth" time="0.168" /><testcase classname="tests.test_iteration26_streak.TestStreakAPIs" name="test_my_streak_with_auth" time="0.490" /><testcase classname="tests.test_iteration26_streak.TestStreakAPIs" name="test_my_streak_multiplier_logic" time="0.504" /><testcase classname="tests.test_iteration26_streak.TestStreakAPIs" name="test_my_streak_streak_to_next" time="0.454" /><testcase classname="tests.test_iteration26_streak.TestAuthMeStreakFields" name="test_auth_me_includes_streak_fields" time="0.479" /><testcase classname="tests.test_iteration26_streak.TestAuthMeStreakFields" name="test_auth_me_streak_fields_initialized" time="0.453" /><testcase classname="tests.test_iteration26_streak.TestSettlementEngineStreakFunctions" name="test_get_streak_multiplier_function" time="0.299" /><testcase classname="tests.test_iteration26_streak.TestSettlementEngineStreakFunctions" name="test_update_user_streaks_function_exists" time="0.000" /><testcase classname="tests.test_iteration26_streak.TestStreakKingLogic" name="test_top_streak_returns_is_hot_flag" time="0.159" /><testcase classname="tests.test_iteration26_streak.TestStreakKingLogic" name="test_top_streak_sorted_by_streak_desc" time="0.148" /></testsuite></testsuites>