<?xml version="1.0" encoding="utf-8"?><testsuites name="pytest tests"><testsuite name="pytest" errors="0" failures="1" skipped="0" tests="20" time="7.463" timestamp="2026-03-30T21:09:46.280331+00:00" hostname="agent-env-51d366c5-5193-4188-87fd-d5473f21e7aa"><testcase classname="tests.test_iteration30_features.TestHealthAndAuth" name="test_health_endpoint" time="0.256" /><testcase classname="tests.test_iteration30_features.TestHealthAndAuth" name="test_admin_login" time="0.326" /><testcase classname="tests.test_iteration30_features.TestHealthAndAuth" name="test_player_login" time="0.331" /><testcase classname="tests.test_iteration30_features.TestAdminQuestionsAPI" name="test_list_questions_paginated" time="0.544" /><testcase classname="tests.test_iteration30_features.TestAdminQuestionsAPI" name="test_questions_have_bilingual_text" time="0.110" /><testcase classname="tests.test_iteration30_features.TestAdminQuestionsAPI" name="test_questions_have_required_fields" time="0.113" /><testcase classname="tests.test_iteration30_features.TestAdminQuestionsAPI" name="test_create_question" time="0.145" /><testcase classname="tests.test_iteration30_features.TestAdminQuestionsAPI" name="test_update_question" time="0.371" /><testcase classname="tests.test_iteration30_features.TestAdminQuestionsAPI" name="test_delete_question" time="0.389" /><testcase classname="tests.test_iteration30_features.TestQuestionPoolSeeding" name="test_seed_question_pool_endpoint_exists" time="0.159" /><testcase classname="tests.test_iteration30_features.TestQuestionPoolSeeding" name="test_seed_supports_count_parameter" time="0.131" /><testcase classname="tests.test_iteration30_features.TestContestQuestions" name="test_get_contests_list" time="0.439" /><testcase classname="tests.test_iteration30_features.TestContestQuestions" name="test_contest_questions_returns_11_questions" time="0.230" /><testcase classname="tests.test_iteration30_features.TestContestQuestions" name="test_contest_questions_have_valid_structure" time="0.239" /><testcase classname="tests.test_iteration30_features.TestAutoTemplates" name="test_get_matches_list" time="0.105" /><testcase classname="tests.test_iteration30_features.TestAutoTemplates" name="test_auto_templates_endpoint_exists" time="0.333"><failure message="AssertionError: Unexpected: 500 - {&quot;error&quot;:&quot;INTERNAL_ERROR&quot;,&quot;message&quot;:&quot;An unexpected error occurred&quot;,&quot;details&quot;:{}}&#10;assert 500 in [200, 201, 400]&#10; +  where 500 = &lt;Response [500]&gt;.status_code">tests/test_iteration30_features.py:331: in test_auto_templates_endpoint_exists
    assert response.status_code in [200, 201, 400], f"Unexpected: {response.status_code} - {response.text}"
E   AssertionError: Unexpected: 500 - {"error":"INTERNAL_ERROR","message":"An unexpected error occurred","details":{}}
E   assert 500 in [200, 201, 400]
E    +  where 500 = &lt;Response [500]&gt;.status_code</failure></testcase><testcase classname="tests.test_iteration30_features.TestAutoTemplates" name="test_templates_list" time="0.131" /><testcase classname="tests.test_iteration30_features.TestAdminStats" name="test_admin_stats" time="0.115" /><testcase classname="tests.test_iteration30_features.TestIPLData" name="test_ipl_points_table" time="1.727" /><testcase classname="tests.test_iteration30_features.TestIPLData" name="test_live_ticker" time="1.151" /></testsuite></testsuites>