<?xml version="1.0" encoding="utf-8"?><testsuites name="pytest tests"><testsuite name="pytest" errors="0" failures="0" skipped="0" tests="19" time="5.098" timestamp="2026-03-30T21:46:21.762930+00:00" hostname="agent-env-51d366c5-5193-4188-87fd-d5473f21e7aa"><testcase classname="backend.tests.test_iteration31_admin_overhaul.TestAdminAuth" name="test_admin_login" time="0.453" /><testcase classname="backend.tests.test_iteration31_admin_overhaul.TestBulkDeleteQuestions" name="test_bulk_delete_questions_endpoint_exists" time="0.452" /><testcase classname="backend.tests.test_iteration31_admin_overhaul.TestBulkDeleteQuestions" name="test_bulk_delete_empty_ids" time="0.119" /><testcase classname="backend.tests.test_iteration31_admin_overhaul.TestBulkDeleteTemplates" name="test_bulk_delete_templates_endpoint_exists" time="0.350" /><testcase classname="backend.tests.test_iteration31_admin_overhaul.TestBulkDeleteContests" name="test_bulk_delete_contests_endpoint_exists" time="0.244" /><testcase classname="backend.tests.test_iteration31_admin_overhaul.TestDefaultTemplates" name="test_get_default_templates" time="0.113" /><testcase classname="backend.tests.test_iteration31_admin_overhaul.TestDefaultTemplates" name="test_toggle_default_template" time="0.372" /><testcase classname="backend.tests.test_iteration31_admin_overhaul.TestAdminContestsList" name="test_admin_contests_list_enriched" time="0.114" /><testcase classname="backend.tests.test_iteration31_admin_overhaul.TestAIPreview" name="test_ai_preview_endpoint" time="0.777" /><testcase classname="backend.tests.test_iteration31_admin_overhaul.TestAIPreview" name="test_ai_preview_not_found" time="0.141" /><testcase classname="backend.tests.test_iteration31_admin_overhaul.TestResolveOverride" name="test_resolve_override_endpoint_exists" time="0.873" /><testcase classname="backend.tests.test_iteration31_admin_overhaul.TestResolveOverride" name="test_resolve_override_validation" time="0.226" /><testcase classname="backend.tests.test_iteration31_admin_overhaul.TestEndpointSecurity" name="test_bulk_delete_questions_requires_auth" time="0.123" /><testcase classname="backend.tests.test_iteration31_admin_overhaul.TestEndpointSecurity" name="test_bulk_delete_templates_requires_auth" time="0.099" /><testcase classname="backend.tests.test_iteration31_admin_overhaul.TestEndpointSecurity" name="test_bulk_delete_contests_requires_auth" time="0.123" /><testcase classname="backend.tests.test_iteration31_admin_overhaul.TestEndpointSecurity" name="test_default_templates_requires_auth" time="0.097" /><testcase classname="backend.tests.test_iteration31_admin_overhaul.TestEndpointSecurity" name="test_toggle_default_requires_auth" time="0.113" /><testcase classname="backend.tests.test_iteration31_admin_overhaul.TestEndpointSecurity" name="test_ai_preview_requires_auth" time="0.099" /><testcase classname="backend.tests.test_iteration31_admin_overhaul.TestEndpointSecurity" name="test_resolve_override_requires_auth" time="0.115" /></testsuite></testsuites>