<?xml version="1.0" encoding="utf-8"?><testsuites name="pytest tests"><testsuite name="pytest" errors="0" failures="2" skipped="0" tests="26" time="5.787" timestamp="2026-03-30T09:46:31.618708+00:00" hostname="agent-env-268e87aa-6270-415e-b37d-9d09f89d3a00"><testcase classname="backend.tests.test_admin_panel_iteration14.TestSuperAdminLogin" name="test_super_admin_login_success" time="0.708" /><testcase classname="backend.tests.test_admin_panel_iteration14.TestSuperAdminLogin" name="test_super_admin_has_admin_flag" time="0.111" /><testcase classname="backend.tests.test_admin_panel_iteration14.TestAdminStats" name="test_admin_stats_returns_counts" time="0.109" /><testcase classname="backend.tests.test_admin_panel_iteration14.TestAdminStats" name="test_non_admin_cannot_access_stats" time="0.416" /><testcase classname="backend.tests.test_admin_panel_iteration14.TestAdminQuestionsCRUD" name="test_create_question" time="0.105" /><testcase classname="backend.tests.test_admin_panel_iteration14.TestAdminQuestionsCRUD" name="test_list_questions" time="0.101" /><testcase classname="backend.tests.test_admin_panel_iteration14.TestAdminQuestionsCRUD" name="test_filter_questions_by_category" time="0.098" /><testcase classname="backend.tests.test_admin_panel_iteration14.TestAdminQuestionsCRUD" name="test_update_question" time="0.204" /><testcase classname="backend.tests.test_admin_panel_iteration14.TestAdminQuestionsCRUD" name="test_delete_question" time="0.308" /><testcase classname="backend.tests.test_admin_panel_iteration14.TestAdminTemplatesCRUD" name="test_create_full_match_template" time="0.418" /><testcase classname="backend.tests.test_admin_panel_iteration14.TestAdminTemplatesCRUD" name="test_create_in_match_template" time="0.112" /><testcase classname="backend.tests.test_admin_panel_iteration14.TestAdminTemplatesCRUD" name="test_list_templates_shows_type" time="0.100"><failure message="AssertionError: assert 'template_type' in {'created_at': '2026-03-30T07:49:03.780671+00:00', 'description': '', 'id': '247ca47f-8edf-4635-a023-0d17974da2b1', 'is_active': True, ...}">backend/tests/test_admin_panel_iteration14.py:279: in test_list_templates_shows_type
    assert "template_type" in t
E   AssertionError: assert 'template_type' in {'created_at': '2026-03-30T07:49:03.780671+00:00', 'description': '', 'id': '247ca47f-8edf-4635-a023-0d17974da2b1', 'is_active': True, ...}</failure></testcase><testcase classname="backend.tests.test_admin_panel_iteration14.TestAdminTemplatesCRUD" name="test_set_template_as_default" time="0.335" /><testcase classname="backend.tests.test_admin_panel_iteration14.TestAdminTemplatesCRUD" name="test_delete_template" time="0.195" /><testcase classname="backend.tests.test_admin_panel_iteration14.TestAdminMatchManagement" name="test_admin_create_match" time="0.092" /><testcase classname="backend.tests.test_admin_panel_iteration14.TestAdminMatchManagement" name="test_non_admin_cannot_create_match" time="0.126" /><testcase classname="backend.tests.test_admin_panel_iteration14.TestAdminMatchManagement" name="test_admin_update_match_status" time="0.199"><failure message="AssertionError: Status update failed: {&quot;detail&quot;:&quot;Invalid transition: live -&gt; upcoming. Allowed: ['completed', 'abandoned']&quot;}&#10;assert 400 == 200&#10; +  where 400 = &lt;Response [400]&gt;.status_code">backend/tests/test_admin_panel_iteration14.py:383: in test_admin_update_match_status
    assert update_res.status_code == 200, f"Status update failed: {update_res.text}"
E   AssertionError: Status update failed: {"detail":"Invalid transition: live -&gt; upcoming. Allowed: ['completed', 'abandoned']"}
E   assert 400 == 200
E    +  where 400 = &lt;Response [400]&gt;.status_code</failure></testcase><testcase classname="backend.tests.test_admin_panel_iteration14.TestAdminMatchManagement" name="test_non_admin_cannot_update_status" time="0.202" /><testcase classname="backend.tests.test_admin_panel_iteration14.TestAdminAssignTemplates" name="test_assign_templates_requires_full_match" time="0.286" /><testcase classname="backend.tests.test_admin_panel_iteration14.TestAdminAssignTemplates" name="test_assign_templates_max_4_in_match" time="0.099" /><testcase classname="backend.tests.test_admin_panel_iteration14.TestAdminContestCreation" name="test_create_contest" time="0.305" /><testcase classname="backend.tests.test_admin_panel_iteration14.TestAdminContestCreation" name="test_non_admin_cannot_create_contest" time="0.111" /><testcase classname="backend.tests.test_admin_panel_iteration14.TestRegressionBasics" name="test_health_check" time="0.095" /><testcase classname="backend.tests.test_admin_panel_iteration14.TestRegressionBasics" name="test_matches_list_public" time="0.098" /><testcase classname="backend.tests.test_admin_panel_iteration14.TestRegressionBasics" name="test_old_admin_still_works" time="0.449" /><testcase classname="backend.tests.test_admin_panel_iteration14.TestRegressionBasics" name="test_non_admin_wallet_works" time="0.290" /></testsuite></testsuites>