<?xml version="1.0" encoding="utf-8"?><testsuites name="pytest tests"><testsuite name="pytest" errors="0" failures="0" skipped="0" tests="20" time="6.761" timestamp="2026-03-30T20:37:33.608139+00:00" hostname="agent-env-51d366c5-5193-4188-87fd-d5473f21e7aa"><testcase classname="tests.test_iteration29_new_features.TestHealthAndAuth" name="test_health_endpoint" time="0.247" /><testcase classname="tests.test_iteration29_new_features.TestHealthAndAuth" name="test_admin_login" time="0.335" /><testcase classname="tests.test_iteration29_new_features.TestHealthAndAuth" name="test_player_login" time="0.363" /><testcase classname="tests.test_iteration29_new_features.TestCricketDataAPIs" name="test_ipl_points_table_returns_teams" time="0.721" /><testcase classname="tests.test_iteration29_new_features.TestCricketDataAPIs" name="test_ipl_points_table_team_structure" time="0.150" /><testcase classname="tests.test_iteration29_new_features.TestCricketDataAPIs" name="test_live_ticker_returns_scores" time="0.987" /><testcase classname="tests.test_iteration29_new_features.TestCricketDataAPIs" name="test_live_ticker_match_structure" time="0.101" /><testcase classname="tests.test_iteration29_new_features.TestCricketDataAPIs" name="test_team_matches_mi" time="0.138" /><testcase classname="tests.test_iteration29_new_features.TestCricketDataAPIs" name="test_team_matches_csk" time="0.119" /><testcase classname="tests.test_iteration29_new_features.TestCricketDataAPIs" name="test_cache_stats" time="0.166" /><testcase classname="tests.test_iteration29_new_features.TestQuestionPoolSeed" name="test_seed_question_pool_requires_admin" time="0.111" /><testcase classname="tests.test_iteration29_new_features.TestQuestionPoolSeed" name="test_seed_question_pool_with_force" time="0.142" /><testcase classname="tests.test_iteration29_new_features.TestQuestionPoolSeed" name="test_seed_question_pool_categories" time="0.423" /><testcase classname="tests.test_iteration29_new_features.TestQuestionPoolSeed" name="test_questions_are_bilingual" time="0.129" /><testcase classname="tests.test_iteration29_new_features.TestAutoTemplateEngine" name="test_auto_templates_requires_admin" time="0.145" /><testcase classname="tests.test_iteration29_new_features.TestAutoTemplateEngine" name="test_auto_templates_for_match" time="0.539" /><testcase classname="tests.test_iteration29_new_features.TestAutoTemplateEngine" name="test_auto_templates_idempotent" time="0.387" /><testcase classname="tests.test_iteration29_new_features.TestAutoTemplateEngine" name="test_auto_templates_all" time="0.138" /><testcase classname="tests.test_iteration29_new_features.TestMatchFullData" name="test_match_full_data_returns_sections" time="1.190" /><testcase classname="tests.test_iteration29_new_features.TestTemplateStructure" name="test_template_has_phase_routing" time="0.135" /></testsuite></testsuites>