<?xml version="1.0" encoding="utf-8"?><testsuites name="pytest tests"><testsuite name="pytest" errors="0" failures="0" skipped="0" tests="10" time="9.441" timestamp="2026-03-31T09:23:59.684289+00:00" hostname="agent-env-51d366c5-5193-4188-87fd-d5473f21e7aa"><testcase classname="backend.tests.test_admin_contests.TestAdminContests" name="test_admin_login_success" time="0.425" /><testcase classname="backend.tests.test_admin_contests.TestAdminContests" name="test_admin_login_wrong_pin" time="0.338" /><testcase classname="backend.tests.test_admin_contests.TestAdminContests" name="test_list_matches" time="0.440" /><testcase classname="backend.tests.test_admin_contests.TestAdminContests" name="test_list_templates" time="0.102" /><testcase classname="backend.tests.test_admin_contests.TestAdminContests" name="test_questions_seeded" time="0.107" /><testcase classname="backend.tests.test_admin_contests.TestAdminContests" name="test_list_contests_for_match" time="0.214" /><testcase classname="backend.tests.test_admin_contests.TestAdminContests" name="test_create_contest" time="0.551" /><testcase classname="backend.tests.test_admin_contests.TestAdminContests" name="test_delete_contest" time="0.870" /><testcase classname="backend.tests.test_admin_contests.TestAdminContests" name="test_max_5_contests_enforcement" time="5.667" /><testcase classname="backend.tests.test_admin_contests.TestAdminContests" name="test_admin_stats" time="0.639" /></testsuite></testsuites>