<?xml version="1.0" encoding="utf-8"?><testsuites name="pytest tests"><testsuite name="pytest" errors="0" failures="0" skipped="0" tests="12" time="4.977" timestamp="2026-03-30T08:39:40.777135+00:00" hostname="agent-env-268e87aa-6270-415e-b37d-9d09f89d3a00"><testcase classname="tests.test_stage456_fixes.TestStage456Fixes" name="test_fix1_profile_update_sets_updated_at" time="0.496" /><testcase classname="tests.test_stage456_fixes.TestStage456Fixes" name="test_fix2_username_validation_too_short" time="0.361" /><testcase classname="tests.test_stage456_fixes.TestStage456Fixes" name="test_fix2_username_validation_valid" time="0.373" /><testcase classname="tests.test_stage456_fixes.TestStage456Fixes" name="test_fix3_admin_can_create_question" time="0.409" /><testcase classname="tests.test_stage456_fixes.TestStage456Fixes" name="test_fix3_non_admin_cannot_create_question" time="0.486" /><testcase classname="tests.test_stage456_fixes.TestStage456Fixes" name="test_fix4_non_admin_can_read_questions" time="0.365" /><testcase classname="tests.test_stage456_fixes.TestStage456Fixes" name="test_fix5_match_status_upcoming_to_live" time="0.413" /><testcase classname="tests.test_stage456_fixes.TestStage456Fixes" name="test_fix6_terminal_state_blocked" time="0.442" /><testcase classname="tests.test_stage456_fixes.TestStage456Fixes" name="test_fix7_wallet_balance_has_last_claimed" time="0.375" /><testcase classname="tests.test_stage456_fixes.TestStage456Fixes" name="test_fix8_daily_reward_creates_transaction" time="0.413" /><testcase classname="tests.test_stage456_fixes.TestStage456Fixes" name="test_fix9_double_daily_claim_error" time="0.398" /><testcase classname="tests.test_stage456_fixes.TestStage456Fixes" name="test_fix10_profile_has_required_fields" time="0.381" /></testsuite></testsuites>