<?xml version="1.0" encoding="utf-8"?><testsuites name="pytest tests"><testsuite name="pytest" errors="0" failures="0" skipped="0" tests="5" time="12.060" timestamp="2026-03-31T04:17:08.721253+00:00" hostname="agent-env-51d366c5-5193-4188-87fd-d5473f21e7aa"><testcase classname="backend.tests.test_iteration33_quick_resolve.TestQuickResolveEndpoint" name="test_quick_resolve_endpoint_exists" time="5.869" /><testcase classname="backend.tests.test_iteration33_quick_resolve.TestQuickResolveEndpoint" name="test_quick_resolve_returns_expected_structure" time="5.384" /><testcase classname="backend.tests.test_iteration33_quick_resolve.TestQuickResolveEndpoint" name="test_quick_resolve_without_auth_fails" time="0.138" /><testcase classname="backend.tests.test_iteration33_quick_resolve.TestAdminStatsEndpoint" name="test_admin_stats_endpoint" time="0.491" /><testcase classname="backend.tests.test_iteration33_quick_resolve.TestMatchesEndpoint" name="test_matches_list_public" time="0.105" /></testsuite></testsuites>