<?xml version="1.0" encoding="utf-8"?><testsuites name="pytest tests"><testsuite name="pytest" errors="0" failures="0" skipped="1" tests="17" time="78.042" timestamp="2026-03-31T10:18:02.441580+00:00" hostname="agent-env-51d366c5-5193-4188-87fd-d5473f21e7aa"><testcase classname="tests.test_iteration49_admin_matches.TestAdminLogin" name="test_admin_login_success" time="0.351" /><testcase classname="tests.test_iteration49_admin_matches.TestMatchesList" name="test_list_matches_returns_data" time="0.440" /><testcase classname="tests.test_iteration49_admin_matches.TestMatchesList" name="test_matches_have_three_statuses" time="0.102" /><testcase classname="tests.test_iteration49_admin_matches.TestMatchesList" name="test_pbks_vs_gt_is_upcoming" time="0.109" /><testcase classname="tests.test_iteration49_admin_matches.TestMatchesList" name="test_pbks_vs_gt_date_is_march_31" time="0.110" /><testcase classname="tests.test_iteration49_admin_matches.TestMatchStatusTransitions" name="test_match_status_upcoming_to_live" time="0.333" /><testcase classname="tests.test_iteration49_admin_matches.TestMatchStatusTransitions" name="test_match_status_live_to_upcoming_unlive" time="0.304" /><testcase classname="tests.test_iteration49_admin_matches.TestContestCRUD" name="test_list_contests" time="0.100" /><testcase classname="tests.test_iteration49_admin_matches.TestContestCRUD" name="test_create_contest" time="0.565" /><testcase classname="tests.test_iteration49_admin_matches.TestContestCRUD" name="test_contest_status_open_to_live" time="0.331" /><testcase classname="tests.test_iteration49_admin_matches.TestContestCRUD" name="test_contest_status_live_to_open_unlive" time="0.345" /><testcase classname="tests.test_iteration49_admin_matches.TestContestCRUD" name="test_delete_contest" time="0.525" /><testcase classname="tests.test_iteration49_admin_matches.TestMax5ContestsEnforcement" name="test_max_5_contests_enforcement" time="73.881"><skipped type="pytest.skip" message="No match with 5 contests found to test enforcement">/app/backend/tests/test_iteration49_admin_matches.py:375: No match with 5 contests found to test enforcement</skipped></testcase><testcase classname="tests.test_iteration49_admin_matches.TestTemplatesAndQuestions" name="test_list_templates" time="0.095" /><testcase classname="tests.test_iteration49_admin_matches.TestTemplatesAndQuestions" name="test_template_has_16_questions" time="0.104" /><testcase classname="tests.test_iteration49_admin_matches.TestTemplatesAndQuestions" name="test_questions_have_hindi_text" time="0.120" /><testcase classname="tests.test_iteration49_admin_matches.TestSyncIPLSchedule" name="test_sync_ipl_schedule" time="0.159" /></testsuite></testsuites>