<?xml version="1.0" encoding="utf-8"?><testsuites name="pytest tests"><testsuite name="pytest" errors="0" failures="0" skipped="0" tests="105" time="16.332" timestamp="2026-03-30T08:01:02.542289+00:00" hostname="agent-env-268e87aa-6270-415e-b37d-9d09f89d3a00"><testcase classname="backend.tests.test_stages789_deep.TestStage7ContestSystem" name="test_s7_01_list_contests_paginated" time="0.154" /><testcase classname="backend.tests.test_stages789_deep.TestStage7ContestSystem" name="test_s7_02_contest_list_structure" time="0.113" /><testcase classname="backend.tests.test_stages789_deep.TestStage7ContestSystem" name="test_s7_03_contest_fields" time="0.108" /><testcase classname="backend.tests.test_stages789_deep.TestStage7ContestSystem" name="test_s7_04_filter_by_status_open" time="0.115" /><testcase classname="backend.tests.test_stages789_deep.TestStage7ContestSystem" name="test_s7_05_filter_by_match_id" time="0.207" /><testcase classname="backend.tests.test_stages789_deep.TestStage7ContestSystem" name="test_s7_06_get_single_contest" time="0.201" /><testcase classname="backend.tests.test_stages789_deep.TestStage7ContestSystem" name="test_s7_07_get_nonexistent_contest" time="0.101" /><testcase classname="backend.tests.test_stages789_deep.TestStage7ContestSystem" name="test_s7_08_create_contest" time="0.639" /><testcase classname="backend.tests.test_stages789_deep.TestStage7ContestSystem" name="test_s7_09_contest_creation_validation" time="0.107" /><testcase classname="backend.tests.test_stages789_deep.TestStage7ContestSystem" name="test_s7_10_contest_prize_distribution" time="0.102" /><testcase classname="backend.tests.test_stages789_deep.TestStage7ContestSystem" name="test_s7_11_join_contest" time="0.307" /><testcase classname="backend.tests.test_stages789_deep.TestStage7ContestSystem" name="test_s7_12_join_response_structure" time="0.199" /><testcase classname="backend.tests.test_stages789_deep.TestStage7ContestSystem" name="test_s7_13_join_deducts_fee" time="0.628" /><testcase classname="backend.tests.test_stages789_deep.TestStage7ContestSystem" name="test_s7_14_join_creates_transaction" time="0.105" /><testcase classname="backend.tests.test_stages789_deep.TestStage7ContestSystem" name="test_s7_15_join_insufficient_balance" time="0.425" /><testcase classname="backend.tests.test_stages789_deep.TestStage7ContestSystem" name="test_s7_16_join_after_lock_time" time="0.407" /><testcase classname="backend.tests.test_stages789_deep.TestStage7ContestSystem" name="test_s7_17_join_duplicate" time="0.214" /><testcase classname="backend.tests.test_stages789_deep.TestStage7ContestSystem" name="test_s7_18_join_full_contest" time="0.301" /><testcase classname="backend.tests.test_stages789_deep.TestStage7ContestSystem" name="test_s7_19_free_contest_no_deduction" time="0.521" /><testcase classname="backend.tests.test_stages789_deep.TestStage7ContestSystem" name="test_s7_20_join_increments_participants" time="0.538" /><testcase classname="backend.tests.test_stages789_deep.TestStage7ContestSystem" name="test_s7_21_entry_fields" time="0.121" /><testcase classname="backend.tests.test_stages789_deep.TestStage7ContestSystem" name="test_s7_22_team_name_stored" time="0.113" /><testcase classname="backend.tests.test_stages789_deep.TestStage7ContestSystem" name="test_s7_23_my_contests_endpoint" time="0.118" /><testcase classname="backend.tests.test_stages789_deep.TestStage7ContestSystem" name="test_s7_24_my_contests_structure" time="0.100" /><testcase classname="backend.tests.test_stages789_deep.TestStage7ContestSystem" name="test_s7_25_my_contest_enriched" time="0.111" /><testcase classname="backend.tests.test_stages789_deep.TestStage7ContestSystem" name="test_s7_26_my_contests_filter_open" time="0.107" /><testcase classname="backend.tests.test_stages789_deep.TestStage7ContestSystem" name="test_s7_27_my_contests_filter_completed" time="0.104" /><testcase classname="backend.tests.test_stages789_deep.TestStage7ContestSystem" name="test_s7_28_unique_index_verified" time="0.000" /><testcase classname="backend.tests.test_stages789_deep.TestStage7ContestSystem" name="test_s7_29_lock_time_format" time="0.111" /><testcase classname="backend.tests.test_stages789_deep.TestStage7ContestSystem" name="test_s7_30_join_requires_open_status" time="0.195" /><testcase classname="backend.tests.test_stages789_deep.TestStage7ContestSystem" name="test_s7_31_to_42_frontend_placeholder" time="0.000" /><testcase classname="backend.tests.test_stages789_deep.TestStage7ContestSystem" name="test_s7_43_entry_fee_matches_deduction" time="0.000" /><testcase classname="backend.tests.test_stages789_deep.TestStage7ContestSystem" name="test_s7_44_free_entry_message" time="0.394" /><testcase classname="backend.tests.test_stages789_deep.TestStage7ContestSystem" name="test_s7_45_paid_entry_message" time="0.418" /><testcase classname="backend.tests.test_stages789_deep.TestStage7ContestSystem" name="test_s7_46_contest_has_template_id" time="0.096" /><testcase classname="backend.tests.test_stages789_deep.TestStage7ContestSystem" name="test_s7_47_auth_requirements" time="0.297" /><testcase classname="backend.tests.test_stages789_deep.TestStage7ContestSystem" name="test_s7_48_no_mongodb_id" time="0.107" /><testcase classname="backend.tests.test_stages789_deep.TestStage7ContestSystem" name="test_s7_49_participant_count_accurate" time="0.102" /><testcase classname="backend.tests.test_stages789_deep.TestStage7ContestSystem" name="test_s7_50_multiple_users_join" time="0.000" /><testcase classname="backend.tests.test_stages789_deep.TestStage8PredictionSubmission" name="test_s8_01_get_questions" time="0.525" /><testcase classname="backend.tests.test_stages789_deep.TestStage8PredictionSubmission" name="test_s8_02_questions_response_structure" time="0.100" /><testcase classname="backend.tests.test_stages789_deep.TestStage8PredictionSubmission" name="test_s8_03_eleven_questions" time="0.104" /><testcase classname="backend.tests.test_stages789_deep.TestStage8PredictionSubmission" name="test_s8_04_question_fields" time="0.110" /><testcase classname="backend.tests.test_stages789_deep.TestStage8PredictionSubmission" name="test_s8_05_option_fields" time="0.096" /><testcase classname="backend.tests.test_stages789_deep.TestStage8PredictionSubmission" name="test_s8_06_questions_requires_join" time="0.354" /><testcase classname="backend.tests.test_stages789_deep.TestStage8PredictionSubmission" name="test_s8_07_is_locked_false_before" time="0.127" /><testcase classname="backend.tests.test_stages789_deep.TestStage8PredictionSubmission" name="test_s8_08_is_locked_true_after" time="0.226" /><testcase classname="backend.tests.test_stages789_deep.TestStage8PredictionSubmission" name="test_s8_09_my_predictions_initially_empty" time="0.482" /><testcase classname="backend.tests.test_stages789_deep.TestStage8PredictionSubmission" name="test_s8_10_submit_predictions" time="0.120" /><testcase classname="backend.tests.test_stages789_deep.TestStage8PredictionSubmission" name="test_s8_11_predict_body_structure" time="0.099" /><testcase classname="backend.tests.test_stages789_deep.TestStage8PredictionSubmission" name="test_s8_12_option_validation" time="0.101" /><testcase classname="backend.tests.test_stages789_deep.TestStage8PredictionSubmission" name="test_s8_13_question_id_validation" time="0.129" /><testcase classname="backend.tests.test_stages789_deep.TestStage8PredictionSubmission" name="test_s8_14_predict_response_structure" time="0.096" /><testcase classname="backend.tests.test_stages789_deep.TestStage8PredictionSubmission" name="test_s8_15_predictions_stored" time="0.103" /><testcase classname="backend.tests.test_stages789_deep.TestStage8PredictionSubmission" name="test_s8_16_prediction_fields" time="0.091" /><testcase classname="backend.tests.test_stages789_deep.TestStage8PredictionSubmission" name="test_s8_17_resubmit_predictions" time="0.108" /><testcase classname="backend.tests.test_stages789_deep.TestStage8PredictionSubmission" name="test_s8_18_cannot_submit_after_lock" time="0.405" /><testcase classname="backend.tests.test_stages789_deep.TestStage8PredictionSubmission" name="test_s8_19_submission_time_recorded" time="0.100" /><testcase classname="backend.tests.test_stages789_deep.TestStage8PredictionSubmission" name="test_s8_20_my_predictions_filled" time="0.096" /><testcase classname="backend.tests.test_stages789_deep.TestStage8PredictionSubmission" name="test_s8_21_my_predictions_match" time="0.111" /><testcase classname="backend.tests.test_stages789_deep.TestStage8PredictionSubmission" name="test_s8_22_partial_predictions" time="0.529" /><testcase classname="backend.tests.test_stages789_deep.TestStage8PredictionSubmission" name="test_s8_23_to_44_frontend_placeholder" time="0.000" /><testcase classname="backend.tests.test_stages789_deep.TestStage8PredictionSubmission" name="test_s8_45_questions_ordered" time="0.096" /><testcase classname="backend.tests.test_stages789_deep.TestStage8PredictionSubmission" name="test_s8_46_predict_idempotent" time="0.106" /><testcase classname="backend.tests.test_stages789_deep.TestStage8PredictionSubmission" name="test_s8_47_no_mongodb_id" time="0.102" /><testcase classname="backend.tests.test_stages789_deep.TestStage8PredictionSubmission" name="test_s8_48_question_points_range" time="0.108" /><testcase classname="backend.tests.test_stages789_deep.TestStage8PredictionSubmission" name="test_s8_49_total_points_match" time="0.096" /><testcase classname="backend.tests.test_stages789_deep.TestStage8PredictionSubmission" name="test_s8_50_predictions_persist" time="0.190" /><testcase classname="backend.tests.test_stages789_deep.TestStage9ScoringEngine" name="test_s9_01_resolve_question" time="0.718" /><testcase classname="backend.tests.test_stages789_deep.TestStage9ScoringEngine" name="test_s9_02_resolve_body_structure" time="0.097" /><testcase classname="backend.tests.test_stages789_deep.TestStage9ScoringEngine" name="test_s9_03_correct_option_validation" time="0.098" /><testcase classname="backend.tests.test_stages789_deep.TestStage9ScoringEngine" name="test_s9_04_resolve_marks_correct" time="0.000" /><testcase classname="backend.tests.test_stages789_deep.TestStage9ScoringEngine" name="test_s9_05_resolve_marks_wrong" time="0.000" /><testcase classname="backend.tests.test_stages789_deep.TestStage9ScoringEngine" name="test_s9_06_resolve_increments_points" time="0.000" /><testcase classname="backend.tests.test_stages789_deep.TestStage9ScoringEngine" name="test_s9_07_resolve_idempotent" time="0.094" /><testcase classname="backend.tests.test_stages789_deep.TestStage9ScoringEngine" name="test_s9_08_resolve_response_structure" time="0.118" /><testcase classname="backend.tests.test_stages789_deep.TestStage9ScoringEngine" name="test_s9_09_question_results_stored" time="0.000" /><testcase classname="backend.tests.test_stages789_deep.TestStage9ScoringEngine" name="test_s9_10_points_earned_correct" time="0.000" /><testcase classname="backend.tests.test_stages789_deep.TestStage9ScoringEngine" name="test_s9_11_finalize_contest" time="0.099" /><testcase classname="backend.tests.test_stages789_deep.TestStage9ScoringEngine" name="test_s9_12_finalize_sorting" time="0.000" /><testcase classname="backend.tests.test_stages789_deep.TestStage9ScoringEngine" name="test_s9_13_finalize_assigns_rank" time="0.000" /><testcase classname="backend.tests.test_stages789_deep.TestStage9ScoringEngine" name="test_s9_14_finalize_distributes_prizes" time="0.000" /><testcase classname="backend.tests.test_stages789_deep.TestStage9ScoringEngine" name="test_s9_15_prize_credited" time="0.126" /><testcase classname="backend.tests.test_stages789_deep.TestStage9ScoringEngine" name="test_s9_16_prize_transaction" time="0.096" /><testcase classname="backend.tests.test_stages789_deep.TestStage9ScoringEngine" name="test_s9_17_matches_played_incremented" time="0.000" /><testcase classname="backend.tests.test_stages789_deep.TestStage9ScoringEngine" name="test_s9_18_contests_won_incremented" time="0.000" /><testcase classname="backend.tests.test_stages789_deep.TestStage9ScoringEngine" name="test_s9_19_finalize_sets_completed" time="0.094" /><testcase classname="backend.tests.test_stages789_deep.TestStage9ScoringEngine" name="test_s9_20_finalize_response" time="0.095" /><testcase classname="backend.tests.test_stages789_deep.TestStage9ScoringEngine" name="test_s9_21_top_3_fields" time="0.101" /><testcase classname="backend.tests.test_stages789_deep.TestStage9ScoringEngine" name="test_s9_22_cannot_finalize_completed" time="0.187" /><testcase classname="backend.tests.test_stages789_deep.TestStage9ScoringEngine" name="test_s9_23_get_leaderboard" time="0.093" /><testcase classname="backend.tests.test_stages789_deep.TestStage9ScoringEngine" name="test_s9_24_leaderboard_structure" time="0.095" /><testcase classname="backend.tests.test_stages789_deep.TestStage9ScoringEngine" name="test_s9_25_leaderboard_entry_fields" time="0.095" /><testcase classname="backend.tests.test_stages789_deep.TestStage9ScoringEngine" name="test_s9_26_leaderboard_sorted" time="0.130" /><testcase classname="backend.tests.test_stages789_deep.TestStage9ScoringEngine" name="test_s9_27_my_position" time="0.102" /><testcase classname="backend.tests.test_stages789_deep.TestStage9ScoringEngine" name="test_s9_28_my_position_fields" time="0.105" /><testcase classname="backend.tests.test_stages789_deep.TestStage9ScoringEngine" name="test_s9_29_user_answers" time="0.197" /><testcase classname="backend.tests.test_stages789_deep.TestStage9ScoringEngine" name="test_s9_30_user_answers_fields" time="0.105" /><testcase classname="backend.tests.test_stages789_deep.TestStage9ScoringEngine" name="test_s9_31_prediction_answer_fields" time="0.108" /><testcase classname="backend.tests.test_stages789_deep.TestStage9ScoringEngine" name="test_s9_32_correct_option_enrichment" time="0.095" /><testcase classname="backend.tests.test_stages789_deep.TestStage9ScoringEngine" name="test_s9_33_to_46_frontend_placeholder" time="0.000" /><testcase classname="backend.tests.test_stages789_deep.TestStage9ScoringEngine" name="test_s9_47_redis_leaderboard" time="0.000" /><testcase classname="backend.tests.test_stages789_deep.TestStage9ScoringEngine" name="test_s9_48_tiebreaker" time="0.000" /><testcase classname="backend.tests.test_stages789_deep.TestStage9ScoringEngine" name="test_s9_49_no_mongodb_id" time="0.096" /><testcase classname="backend.tests.test_stages789_deep.TestStage9ScoringEngine" name="test_s9_50_completion_status_reflected" time="0.101" /></testsuite></testsuites>