<?xml version="1.0" encoding="utf-8"?><testsuites name="pytest tests"><testsuite name="pytest" errors="0" failures="11" skipped="0" tests="16" time="7.250" timestamp="2026-03-30T15:08:11.217945+00:00" hostname="agent-env-51d366c5-5193-4188-87fd-d5473f21e7aa"><testcase classname="backend.tests.test_iteration20_200q_5templates.TestIteration20Features" name="test_seed_200_questions_first_call" time="0.519"><failure message="AssertionError: Seed failed: {&quot;detail&quot;:{&quot;error&quot;:&quot;INVALID_TOKEN&quot;,&quot;message&quot;:&quot;Invalid token&quot;,&quot;details&quot;:{}}}&#10;assert 401 in [200, 201]&#10; +  where 401 = &lt;Response [401]&gt;.status_code">backend/tests/test_iteration20_200q_5templates.py:41: in test_seed_200_questions_first_call
    assert resp.status_code in [200, 201], f"Seed failed: {resp.text}"
E   AssertionError: Seed failed: {"detail":{"error":"INVALID_TOKEN","message":"Invalid token","details":{}}}
E   assert 401 in [200, 201]
E    +  where 401 = &lt;Response [401]&gt;.status_code</failure></testcase><testcase classname="backend.tests.test_iteration20_200q_5templates.TestIteration20Features" name="test_seed_200_questions_idempotent" time="0.396"><failure message="assert 401 in [200, 201]&#10; +  where 401 = &lt;Response [401]&gt;.status_code">backend/tests/test_iteration20_200q_5templates.py:52: in test_seed_200_questions_idempotent
    assert resp1.status_code in [200, 201]
E   assert 401 in [200, 201]
E    +  where 401 = &lt;Response [401]&gt;.status_code</failure></testcase><testcase classname="backend.tests.test_iteration20_200q_5templates.TestIteration20Features" name="test_seed_200_questions_categories" time="0.450"><failure message="assert 401 in [200, 201]&#10; +  where 401 = &lt;Response [401]&gt;.status_code">backend/tests/test_iteration20_200q_5templates.py:69: in test_seed_200_questions_categories
    assert resp.status_code in [200, 201]
E   assert 401 in [200, 201]
E    +  where 401 = &lt;Response [401]&gt;.status_code</failure></testcase><testcase classname="backend.tests.test_iteration20_200q_5templates.TestIteration20Features" name="test_get_match_for_auto_templates" time="0.399" /><testcase classname="backend.tests.test_iteration20_200q_5templates.TestIteration20Features" name="test_auto_generate_5_templates" time="0.474"><failure message="AssertionError: Auto-generate failed: {&quot;detail&quot;:{&quot;error&quot;:&quot;INVALID_TOKEN&quot;,&quot;message&quot;:&quot;Invalid token&quot;,&quot;details&quot;:{}}}&#10;assert 401 in [200, 201]&#10; +  where 401 = &lt;Response [401]&gt;.status_code">backend/tests/test_iteration20_200q_5templates.py:106: in test_auto_generate_5_templates
    assert resp.status_code in [200, 201], f"Auto-generate failed: {resp.text}"
E   AssertionError: Auto-generate failed: {"detail":{"error":"INVALID_TOKEN","message":"Invalid token","details":{}}}
E   assert 401 in [200, 201]
E    +  where 401 = &lt;Response [401]&gt;.status_code</failure></testcase><testcase classname="backend.tests.test_iteration20_200q_5templates.TestIteration20Features" name="test_auto_templates_already_exists" time="0.460"><failure message="assert 401 in [200, 201]&#10; +  where 401 = &lt;Response [401]&gt;.status_code">backend/tests/test_iteration20_200q_5templates.py:127: in test_auto_templates_already_exists
    assert resp1.status_code in [200, 201]
E   assert 401 in [200, 201]
E    +  where 401 = &lt;Response [401]&gt;.status_code</failure></testcase><testcase classname="backend.tests.test_iteration20_200q_5templates.TestIteration20Features" name="test_templates_have_new_fields" time="0.398"><failure message="assert 401 == 200&#10; +  where 401 = &lt;Response [401]&gt;.status_code">backend/tests/test_iteration20_200q_5templates.py:144: in test_templates_have_new_fields
    assert resp.status_code == 200
E   assert 401 == 200
E    +  where 401 = &lt;Response [401]&gt;.status_code</failure></testcase><testcase classname="backend.tests.test_iteration20_200q_5templates.TestIteration20Features" name="test_templates_full_match_vs_in_match" time="0.408"><failure message="assert 401 == 200&#10; +  where 401 = &lt;Response [401]&gt;.status_code">backend/tests/test_iteration20_200q_5templates.py:182: in test_templates_full_match_vs_in_match
    assert resp.status_code == 200
E   assert 401 == 200
E    +  where 401 = &lt;Response [401]&gt;.status_code</failure></testcase><testcase classname="backend.tests.test_iteration20_200q_5templates.TestIteration20Features" name="test_admin_stats_counts" time="0.434"><failure message="assert 401 == 200&#10; +  where 401 = &lt;Response [401]&gt;.status_code">backend/tests/test_iteration20_200q_5templates.py:201: in test_admin_stats_counts
    assert resp.status_code == 200
E   assert 401 == 200
E    +  where 401 = &lt;Response [401]&gt;.status_code</failure></testcase><testcase classname="backend.tests.test_iteration20_200q_5templates.TestIteration20Features" name="test_update_template_in_match_fields" time="0.383"><failure message="assert 401 == 200&#10; +  where 401 = &lt;Response [401]&gt;.status_code">backend/tests/test_iteration20_200q_5templates.py:224: in test_update_template_in_match_fields
    assert resp.status_code == 200
E   assert 401 == 200
E    +  where 401 = &lt;Response [401]&gt;.status_code</failure></testcase><testcase classname="backend.tests.test_iteration20_200q_5templates.TestIteration20Features" name="test_questions_have_auto_resolution" time="0.462"><failure message="assert 401 == 200&#10; +  where 401 = &lt;Response [401]&gt;.status_code">backend/tests/test_iteration20_200q_5templates.py:278: in test_questions_have_auto_resolution
    assert resp.status_code == 200
E   assert 401 == 200
E    +  where 401 = &lt;Response [401]&gt;.status_code</failure></testcase><testcase classname="backend.tests.test_iteration20_200q_5templates.TestIteration20Features" name="test_seed_requires_admin" time="0.538" /><testcase classname="backend.tests.test_iteration20_200q_5templates.TestIteration20Features" name="test_auto_templates_requires_admin" time="0.489" /><testcase classname="backend.tests.test_iteration20_200q_5templates.TestTemplatePhaseLabels" name="test_auto_generated_templates_have_phase_labels" time="0.442"><failure message="assert 401 == 200&#10; +  where 401 = &lt;Response [401]&gt;.status_code">backend/tests/test_iteration20_200q_5templates.py:335: in test_auto_generated_templates_have_phase_labels
    assert resp.status_code == 200
E   assert 401 == 200
E    +  where 401 = &lt;Response [401]&gt;.status_code</failure></testcase><testcase classname="backend.tests.test_iteration20_200q_5templates.TestTemplatePhaseLabels" name="test_powerplay_templates_have_correct_overs" time="0.380" /><testcase classname="backend.tests.test_iteration20_200q_5templates.TestTemplatePhaseLabels" name="test_death_templates_have_correct_overs" time="0.398" /></testsuite></testsuites>