<?xml version="1.0" encoding="utf-8"?><testsuites name="pytest tests"><testsuite name="pytest" errors="0" failures="0" skipped="0" tests="26" time="2.293" timestamp="2026-03-29T22:14:21.677028+00:00" hostname="agent-env-268e87aa-6270-415e-b37d-9d09f89d3a00"><testcase classname="backend.tests.test_crickpredict_stages456.TestUserProfile" name="test_get_profile" time="0.596" /><testcase classname="backend.tests.test_crickpredict_stages456.TestUserProfile" name="test_update_profile_username" time="0.084" /><testcase classname="backend.tests.test_crickpredict_stages456.TestUserProfile" name="test_get_rank_progress" time="0.056" /><testcase classname="backend.tests.test_crickpredict_stages456.TestUserProfile" name="test_get_referral_stats" time="0.055" /><testcase classname="backend.tests.test_crickpredict_stages456.TestUserProfile" name="test_get_leaderboard" time="0.053" /><testcase classname="backend.tests.test_crickpredict_stages456.TestWallet" name="test_get_balance" time="0.058" /><testcase classname="backend.tests.test_crickpredict_stages456.TestWallet" name="test_get_transactions" time="0.054" /><testcase classname="backend.tests.test_crickpredict_stages456.TestWallet" name="test_claim_daily_reward_or_already_claimed" time="0.054" /><testcase classname="backend.tests.test_crickpredict_stages456.TestAdminQuestions" name="test_list_questions" time="0.059" /><testcase classname="backend.tests.test_crickpredict_stages456.TestAdminQuestions" name="test_list_questions_by_category" time="0.052" /><testcase classname="backend.tests.test_crickpredict_stages456.TestAdminQuestions" name="test_create_question" time="0.050" /><testcase classname="backend.tests.test_crickpredict_stages456.TestAdminQuestions" name="test_update_question" time="0.069" /><testcase classname="backend.tests.test_crickpredict_stages456.TestAdminQuestions" name="test_delete_question" time="0.051" /><testcase classname="backend.tests.test_crickpredict_stages456.TestAdminQuestions" name="test_bulk_import_questions" time="0.083" /><testcase classname="backend.tests.test_crickpredict_stages456.TestAdminTemplates" name="test_list_templates" time="0.052" /><testcase classname="backend.tests.test_crickpredict_stages456.TestAdminTemplates" name="test_get_template_with_resolved_questions" time="0.053" /><testcase classname="backend.tests.test_crickpredict_stages456.TestAdminTemplates" name="test_create_template" time="0.116" /><testcase classname="backend.tests.test_crickpredict_stages456.TestAdminTemplates" name="test_clone_template" time="0.053" /><testcase classname="backend.tests.test_crickpredict_stages456.TestAdminTemplates" name="test_delete_template" time="0.074" /><testcase classname="backend.tests.test_crickpredict_stages456.TestMatches" name="test_list_matches" time="0.056" /><testcase classname="backend.tests.test_crickpredict_stages456.TestMatches" name="test_get_match_detail" time="0.058" /><testcase classname="backend.tests.test_crickpredict_stages456.TestMatches" name="test_get_match_contests" time="0.056" /><testcase classname="backend.tests.test_crickpredict_stages456.TestMatches" name="test_create_match" time="0.074" /><testcase classname="backend.tests.test_crickpredict_stages456.TestMatches" name="test_update_match_status" time="0.069" /><testcase classname="backend.tests.test_crickpredict_stages456.TestMatches" name="test_assign_template_to_match" time="0.067" /><testcase classname="backend.tests.test_crickpredict_stages456.TestSecurityHeaders" name="test_security_headers_present" time="0.055" /></testsuite></testsuites>