<?xml version="1.0" encoding="utf-8"?><testsuites name="pytest tests"><testsuite name="pytest" errors="0" failures="0" skipped="0" tests="12" time="61.183" timestamp="2026-03-31T15:17:44.251333+00:00" hostname="agent-env-51d366c5-5193-4188-87fd-d5473f21e7aa"><testcase classname="tests.test_iteration60_commentary_cache.TestLogin" name="test_admin_login" time="0.443" /><testcase classname="tests.test_iteration60_commentary_cache.TestAICommentaryCache" name="test_ai_commentary_returns_data" time="28.820" /><testcase classname="tests.test_iteration60_commentary_cache.TestAICommentaryCache" name="test_ai_commentary_key_moments_cover_12_overs" time="0.168" /><testcase classname="tests.test_iteration60_commentary_cache.TestAICommentaryCache" name="test_force_refresh_bypasses_cache" time="30.368" /><testcase classname="tests.test_iteration60_commentary_cache.TestAICommentaryCache" name="test_match_pulse_present" time="0.166" /><testcase classname="tests.test_iteration60_commentary_cache.TestAICommentaryCache" name="test_star_performers_present" time="0.117" /><testcase classname="tests.test_iteration60_commentary_cache.TestScorecardCache" name="test_scorecard_returns_data" time="0.138" /><testcase classname="tests.test_iteration60_commentary_cache.TestScorecardCache" name="test_scorecard_shows_current_overs" time="0.117" /><testcase classname="tests.test_iteration60_commentary_cache.TestMatchEndpoints" name="test_match_details" time="0.116" /><testcase classname="tests.test_iteration60_commentary_cache.TestMatchEndpoints" name="test_match_contests" time="0.112" /><testcase classname="tests.test_iteration60_commentary_cache.TestMatchEndpoints" name="test_match_info" time="0.170" /><testcase classname="tests.test_iteration60_commentary_cache.TestCacheTTLConfig" name="test_api_cache_ttl_values" time="0.361" /></testsuite></testsuites>