<?xml version="1.0" encoding="utf-8"?><testsuites name="pytest tests"><testsuite name="pytest" errors="0" failures="0" skipped="0" tests="16" time="2.486" timestamp="2026-03-31T10:59:05.318446+00:00" hostname="agent-env-51d366c5-5193-4188-87fd-d5473f21e7aa"><testcase classname="backend.tests.test_iteration51_bug_fixes.TestBugFix1_LiveTickerIST" name="test_live_ticker_returns_ist_display" time="0.136" /><testcase classname="backend.tests.test_iteration51_bug_fixes.TestBugFix1_LiveTickerIST" name="test_live_ticker_status_has_ist_not_gmt" time="0.109" /><testcase classname="backend.tests.test_iteration51_bug_fixes.TestBugFix2_MatchCardDateTimeIST" name="test_matches_have_start_time_ist_field" time="0.102" /><testcase classname="backend.tests.test_iteration51_bug_fixes.TestBugFix2_MatchCardDateTimeIST" name="test_ist_time_format_correct" time="0.117" /><testcase classname="backend.tests.test_iteration51_bug_fixes.TestBugFix3_MatchesSortedCorrectly" name="test_matches_smart_sorting" time="0.111" /><testcase classname="backend.tests.test_iteration51_bug_fixes.TestBugFix3_MatchesSortedCorrectly" name="test_upcoming_matches_april_before_may" time="0.122" /><testcase classname="backend.tests.test_iteration51_bug_fixes.TestBugFix4_QuestionsLoading" name="test_contest_questions_endpoint" time="0.426" /><testcase classname="backend.tests.test_iteration51_bug_fixes.TestBugFix4_QuestionsLoading" name="test_contest_questions_with_kkr_dc" time="0.103" /><testcase classname="backend.tests.test_iteration51_bug_fixes.TestBugFix5_JoinContestFlow" name="test_join_contest_open_status" time="0.207" /><testcase classname="backend.tests.test_iteration51_bug_fixes.TestBugFix5_JoinContestFlow" name="test_join_contest_returns_proper_response" time="0.207" /><testcase classname="backend.tests.test_iteration51_bug_fixes.TestMyContestsPage" name="test_my_contests_endpoint" time="0.110" /><testcase classname="backend.tests.test_iteration51_bug_fixes.TestMyContestsPage" name="test_my_contests_has_match_info" time="0.103" /><testcase classname="backend.tests.test_iteration51_bug_fixes.TestContestDetails" name="test_contest_details_include_match" time="0.096" /><testcase classname="backend.tests.test_iteration51_bug_fixes.TestContestDetails" name="test_questions_have_hindi_text" time="0.101" /><testcase classname="backend.tests.test_iteration51_bug_fixes.TestPredictionSubmission" name="test_submit_prediction" time="0.239" /><testcase classname="backend.tests.test_iteration51_bug_fixes.TestLeaderboard" name="test_contest_leaderboard" time="0.100" /></testsuite></testsuites>