<?xml version="1.0" encoding="utf-8"?><testsuites name="pytest tests"><testsuite name="pytest" errors="0" failures="0" skipped="4" tests="15" time="3.057" timestamp="2026-03-31T07:44:13.313844+00:00" hostname="agent-env-51d366c5-5193-4188-87fd-d5473f21e7aa"><testcase classname="tests.test_iteration41_ipl_data_fix.TestIPLDataFix" name="test_01_api_health" time="0.161" /><testcase classname="tests.test_iteration41_ipl_data_fix.TestIPLDataFix" name="test_02_matches_only_ipl_teams" time="0.116" /><testcase classname="tests.test_iteration41_ipl_data_fix.TestIPLDataFix" name="test_03_no_duplicate_matches" time="0.105" /><testcase classname="tests.test_iteration41_ipl_data_fix.TestIPLDataFix" name="test_04_completed_matches_have_scores" time="0.096" /><testcase classname="tests.test_iteration41_ipl_data_fix.TestIPLDataFix" name="test_05_team_names_not_swapped" time="0.121" /><testcase classname="tests.test_iteration41_ipl_data_fix.TestIPLDataFix" name="test_06_admin_login" time="0.322" /><testcase classname="tests.test_iteration41_ipl_data_fix.TestIPLDataFix" name="test_07_live_sync_ipl_only" time="1.231" /><testcase classname="tests.test_iteration41_ipl_data_fix.TestIPLDataFix" name="test_08_sync_ipl_schedule" time="0.425" /><testcase classname="tests.test_iteration41_ipl_data_fix.TestIPLDataFix" name="test_09_verify_ipl_teams_after_sync" time="0.125" /><testcase classname="tests.test_iteration41_ipl_data_fix.TestIPLDataFix" name="test_10_cricket_service_status" time="0.100" /><testcase classname="tests.test_iteration41_ipl_data_fix.TestIPLDataFix" name="test_11_match_detail_team_consistency" time="0.168" /><testcase classname="tests.test_iteration41_ipl_data_fix.TestAlignTeamInfoFunction" name="test_align_team_info_import" time="0.000"><skipped type="pytest.skip" message="Cannot import from services: No module named 'services'">/app/backend/tests/test_iteration41_ipl_data_fix.py:284: Cannot import from services: No module named 'services'</skipped></testcase><testcase classname="tests.test_iteration41_ipl_data_fix.TestAlignTeamInfoFunction" name="test_is_strictly_ipl_valid" time="0.000"><skipped type="pytest.skip" message="Cannot import _is_strictly_ipl">/app/backend/tests/test_iteration41_ipl_data_fix.py:302: Cannot import _is_strictly_ipl</skipped></testcase><testcase classname="tests.test_iteration41_ipl_data_fix.TestAlignTeamInfoFunction" name="test_is_strictly_ipl_invalid" time="0.000"><skipped type="pytest.skip" message="Cannot import _is_strictly_ipl">/app/backend/tests/test_iteration41_ipl_data_fix.py:320: Cannot import _is_strictly_ipl</skipped></testcase><testcase classname="tests.test_iteration41_ipl_data_fix.TestAlignTeamInfoFunction" name="test_align_team_info_correct_order" time="0.000"><skipped type="pytest.skip" message="Cannot import _align_team_info">/app/backend/tests/test_iteration41_ipl_data_fix.py:343: Cannot import _align_team_info</skipped></testcase></testsuite></testsuites>