<?xml version="1.0" encoding="utf-8"?><testsuites name="pytest tests"><testsuite name="pytest" errors="0" failures="0" skipped="0" tests="25" time="2.973" timestamp="2026-03-31T05:34:45.102568+00:00" hostname="agent-env-51d366c5-5193-4188-87fd-d5473f21e7aa"><testcase classname="backend.tests.test_iteration36_ipl_records.TestIPLRecordsExpansion" name="test_total_records_count" time="0.205" /><testcase classname="backend.tests.test_iteration36_ipl_records.TestIPLRecordsExpansion" name="test_batting_records_count" time="0.117" /><testcase classname="backend.tests.test_iteration36_ipl_records.TestIPLRecordsExpansion" name="test_bowling_records_count" time="0.106" /><testcase classname="backend.tests.test_iteration36_ipl_records.TestIPLRecordsExpansion" name="test_fielding_records_count" time="0.141" /><testcase classname="backend.tests.test_iteration36_ipl_records.TestIPLRecordsExpansion" name="test_team_records_count" time="0.104" /><testcase classname="backend.tests.test_iteration36_ipl_records.TestIPLRecordsExpansion" name="test_controversy_records_count" time="0.100" /><testcase classname="backend.tests.test_iteration36_ipl_records.TestIPLRecordsExpansion" name="test_fun_records_count" time="0.121" /><testcase classname="backend.tests.test_iteration36_ipl_records.TestIPLRecordsExpansion" name="test_champions_records_count" time="0.163" /><testcase classname="backend.tests.test_iteration36_ipl_records.TestIPLRecordsExpansion" name="test_auction_records_count" time="0.099" /><testcase classname="backend.tests.test_iteration36_ipl_records.TestControversyRecordsContent" name="test_slapgate_record" time="0.113" /><testcase classname="backend.tests.test_iteration36_ipl_records.TestControversyRecordsContent" name="test_spot_fixing_record" time="0.095" /><testcase classname="backend.tests.test_iteration36_ipl_records.TestControversyRecordsContent" name="test_csk_ban_record" time="0.108" /><testcase classname="backend.tests.test_iteration36_ipl_records.TestControversyRecordsContent" name="test_mankading_record" time="0.120" /><testcase classname="backend.tests.test_iteration36_ipl_records.TestChampionsRecordsContent" name="test_ipl_2008_champion_rr" time="0.098" /><testcase classname="backend.tests.test_iteration36_ipl_records.TestChampionsRecordsContent" name="test_ipl_2025_champion_rcb" time="0.098" /><testcase classname="backend.tests.test_iteration36_ipl_records.TestChampionsRecordsContent" name="test_all_18_champions_present" time="0.108" /><testcase classname="backend.tests.test_iteration36_ipl_records.TestAuctionRecordsContent" name="test_pant_27cr_record" time="0.100" /><testcase classname="backend.tests.test_iteration36_ipl_records.TestAuctionRecordsContent" name="test_dhoni_first_auction_record" time="0.121" /><testcase classname="backend.tests.test_iteration36_ipl_records.TestFieldingRecordsContent" name="test_dhoni_201_dismissals" time="0.105" /><testcase classname="backend.tests.test_iteration36_ipl_records.TestTeamRecordsContent" name="test_srh_287_highest_total" time="0.116" /><testcase classname="backend.tests.test_iteration36_ipl_records.TestTeamRecordsContent" name="test_mi_vs_csk_h2h" time="0.115" /><testcase classname="backend.tests.test_iteration36_ipl_records.TestFunRecordsContent" name="test_srh_top_3_totals" time="0.110" /><testcase classname="backend.tests.test_iteration36_ipl_records.TestIPLPlayersEndpoint" name="test_players_endpoint_returns_data" time="0.094" /><testcase classname="backend.tests.test_iteration36_ipl_records.TestIPLPlayersEndpoint" name="test_kohli_stats_present" time="0.108" /><testcase classname="backend.tests.test_iteration36_ipl_records.TestHeadToHeadEndpoint" name="test_head_to_head_returns_both_players" time="0.104" /></testsuite></testsuites>