<?xml version="1.0" encoding="utf-8"?><testsuites name="pytest tests"><testsuite name="pytest" errors="0" failures="0" skipped="0" tests="13" time="5.915" timestamp="2026-03-31T19:15:34.668275+00:00" hostname="agent-env-51d366c5-5193-4188-87fd-d5473f21e7aa"><testcase classname="backend.tests.test_score_fetch_pipeline.TestScoreFetchPipeline" name="test_01_sync_ipl_schedule" time="1.523" /><testcase classname="backend.tests.test_score_fetch_pipeline.TestScoreFetchPipeline" name="test_02_get_matches_for_testing" time="0.385" /><testcase classname="backend.tests.test_score_fetch_pipeline.TestScoreFetchPipeline" name="test_03_get_score_fetch_status_global" time="0.148" /><testcase classname="backend.tests.test_score_fetch_pipeline.TestScoreFetchPipeline" name="test_04_get_match_score_fetch_status" time="0.112" /><testcase classname="backend.tests.test_score_fetch_pipeline.TestScoreFetchPipeline" name="test_05_start_score_fetch" time="0.126" /><testcase classname="backend.tests.test_score_fetch_pipeline.TestScoreFetchPipeline" name="test_06_verify_fetch_running" time="1.133" /><testcase classname="backend.tests.test_score_fetch_pipeline.TestScoreFetchPipeline" name="test_07_stop_score_fetch" time="0.110" /><testcase classname="backend.tests.test_score_fetch_pipeline.TestScoreFetchPipeline" name="test_08_get_scorecard_cached" time="0.112" /><testcase classname="backend.tests.test_score_fetch_pipeline.TestScoreFetchPipeline" name="test_09_get_scorecard_force" time="0.818" /><testcase classname="backend.tests.test_score_fetch_pipeline.TestScoreFetchPipeline" name="test_10_verify_global_status_after_stop" time="0.112" /><testcase classname="backend.tests.test_score_fetch_pipeline.TestScorecardContent" name="test_scorecard_has_batting_bowling_data" time="0.638" /><testcase classname="backend.tests.test_score_fetch_pipeline.TestAutoPilotAndAutoEngine" name="test_autopilot_status" time="0.485" /><testcase classname="backend.tests.test_score_fetch_pipeline.TestAutoPilotAndAutoEngine" name="test_seed_question_pool" time="0.124" /></testsuite></testsuites>