<?xml version="1.0" encoding="utf-8"?><testsuites name="pytest tests"><testsuite name="pytest" errors="0" failures="0" skipped="0" tests="15" time="3.825" timestamp="2026-03-30T11:26:13.851261+00:00" hostname="agent-env-268e87aa-6270-415e-b37d-9d09f89d3a00"><testcase classname="backend.tests.test_iteration18_settlement.TestAdminLogin" name="test_admin_login_success" time="0.348" /><testcase classname="backend.tests.test_iteration18_settlement.TestSettlementStatus" name="test_settlement_status_returns_matches" time="0.452" /><testcase classname="backend.tests.test_iteration18_settlement.TestSettlementStatus" name="test_settlement_status_requires_auth" time="0.104" /><testcase classname="backend.tests.test_iteration18_settlement.TestBulkImportAutoQuestions" name="test_bulk_import_auto_questions" time="0.102" /><testcase classname="backend.tests.test_iteration18_settlement.TestBulkImportAutoQuestions" name="test_bulk_import_requires_admin" time="0.104" /><testcase classname="backend.tests.test_iteration18_settlement.TestLinkCricketDataID" name="test_link_cricketdata_id" time="0.220" /><testcase classname="backend.tests.test_iteration18_settlement.TestLinkCricketDataID" name="test_link_nonexistent_match" time="0.126" /><testcase classname="backend.tests.test_iteration18_settlement.TestSettlementRun" name="test_settlement_run_with_linked_match" time="0.989" /><testcase classname="backend.tests.test_iteration18_settlement.TestSettlementRun" name="test_settlement_run_nonexistent_match" time="0.129" /><testcase classname="backend.tests.test_iteration18_settlement.TestSettlementMetrics" name="test_get_match_metrics" time="0.096" /><testcase classname="backend.tests.test_iteration18_settlement.TestSettlementScorecard" name="test_get_match_scorecard" time="0.107" /><testcase classname="backend.tests.test_iteration18_settlement.TestSettlementScorecard" name="test_scorecard_requires_auth" time="0.096" /><testcase classname="backend.tests.test_iteration18_settlement.TestSettlementIntegration" name="test_full_settlement_flow" time="0.238" /><testcase classname="backend.tests.test_iteration18_settlement.TestQuestionsWithAutoResolution" name="test_questions_have_auto_resolution" time="0.105" /><testcase classname="backend.tests.test_iteration18_settlement.TestRegularUserCannotAccessSettlement" name="test_regular_user_cannot_access_settlement" time="0.518" /></testsuite></testsuites>