<?xml version="1.0" encoding="utf-8"?><testsuites name="pytest tests"><testsuite name="pytest" errors="0" failures="0" skipped="0" tests="15" time="3.589" timestamp="2026-03-31T08:09:12.574265+00:00" hostname="agent-env-51d366c5-5193-4188-87fd-d5473f21e7aa"><testcase classname="tests.test_iteration42_data_accuracy.TestIPLDataAccuracy" name="test_api_health" time="0.173" /><testcase classname="tests.test_iteration42_data_accuracy.TestIPLDataAccuracy" name="test_total_matches_count" time="0.147" /><testcase classname="tests.test_iteration42_data_accuracy.TestIPLDataAccuracy" name="test_only_ipl_teams" time="0.115" /><testcase classname="tests.test_iteration42_data_accuracy.TestIPLDataAccuracy" name="test_completed_matches_count" time="0.107" /><testcase classname="tests.test_iteration42_data_accuracy.TestIPLDataAccuracy" name="test_upcoming_matches_count" time="0.103" /><testcase classname="tests.test_iteration42_data_accuracy.TestIPLDataAccuracy" name="test_live_matches_count" time="0.122" /><testcase classname="tests.test_iteration42_data_accuracy.TestIPLDataAccuracy" name="test_completed_matches_have_nonzero_scores" time="0.101" /><testcase classname="tests.test_iteration42_data_accuracy.TestIPLDataAccuracy" name="test_completed_matches_have_match_winner" time="0.099" /><testcase classname="tests.test_iteration42_data_accuracy.TestIPLDataAccuracy" name="test_score_normalization_both_formats" time="0.104" /><testcase classname="tests.test_iteration42_data_accuracy.TestIPLDataAccuracy" name="test_mi_vs_csk_status_is_upcoming" time="0.110" /><testcase classname="tests.test_iteration42_data_accuracy.TestIPLDataAccuracy" name="test_no_duplicate_matches" time="0.104" /><testcase classname="tests.test_iteration42_data_accuracy.TestLiveSyncEndpoints" name="test_live_status_endpoint" time="0.115" /><testcase classname="tests.test_iteration42_data_accuracy.TestLiveSyncEndpoints" name="test_sync_live_matches_ipl_only" time="1.309" /><testcase classname="tests.test_iteration42_data_accuracy.TestLiveSyncEndpoints" name="test_sync_ipl_schedule" time="0.559" /><testcase classname="tests.test_iteration42_data_accuracy.TestMatchDetailEndpoints" name="test_get_completed_match_detail" time="0.224" /></testsuite></testsuites>