<?xml version="1.0" encoding="utf-8"?><testsuites name="pytest tests"><testsuite name="pytest" errors="0" failures="0" skipped="0" tests="28" time="2.733" timestamp="2026-03-31T12:06:03.683661+00:00" hostname="agent-env-51d366c5-5193-4188-87fd-d5473f21e7aa"><testcase classname="tests.test_iteration54_3phase.TestPhase1AuthFlow" name="test_check_phone_existing_user" time="0.171" /><testcase classname="tests.test_iteration54_3phase.TestPhase1AuthFlow" name="test_login_returns_valid_token" time="0.286" /><testcase classname="tests.test_iteration54_3phase.TestPhase1MatchesSmartSort" name="test_matches_list_returns_data" time="0.057" /><testcase classname="tests.test_iteration54_3phase.TestPhase1MatchesSmartSort" name="test_matches_have_start_time_ist" time="0.056" /><testcase classname="tests.test_iteration54_3phase.TestPhase1MatchesSmartSort" name="test_smart_sort_live_first" time="0.064" /><testcase classname="tests.test_iteration54_3phase.TestPhase1MatchesByStatus" name="test_status_live_returns_only_live" time="0.056" /><testcase classname="tests.test_iteration54_3phase.TestPhase1MatchesByStatus" name="test_status_upcoming_sorted_nearest_first" time="0.058" /><testcase classname="tests.test_iteration54_3phase.TestPhase1MatchesByStatus" name="test_status_completed_sorted_recent_first" time="0.051" /><testcase classname="tests.test_iteration54_3phase.TestPhase1MatchInfo" name="test_match_info_has_required_fields" time="0.107" /><testcase classname="tests.test_iteration54_3phase.TestPhase1MatchContests" name="test_match_contests_have_required_fields" time="0.054" /><testcase classname="tests.test_iteration54_3phase.TestPhase1Questions" name="test_questions_have_16_with_required_fields" time="0.387" /><testcase classname="tests.test_iteration54_3phase.TestPhase1Predict" name="test_predict_16_predictions" time="0.129" /><testcase classname="tests.test_iteration54_3phase.TestPhase1MyContests" name="test_my_contests_has_match_info" time="0.065" /><testcase classname="tests.test_iteration54_3phase.TestPhase1LiveTicker" name="test_live_ticker_has_ist_format" time="0.058" /><testcase classname="tests.test_iteration54_3phase.TestPhase1PointsTable" name="test_points_table_has_team_fields" time="0.054" /><testcase classname="tests.test_iteration54_3phase.TestPhase1Wallet" name="test_wallet_balance_has_fields" time="0.052" /><testcase classname="tests.test_iteration54_3phase.TestPhase1AdminStats" name="test_admin_stats_has_counters" time="0.057" /><testcase classname="tests.test_iteration54_3phase.TestPhase1IPLData" name="test_ipl_players_returns_array" time="0.059" /><testcase classname="tests.test_iteration54_3phase.TestPhase1IPLData" name="test_ipl_records_returns_array" time="0.056" /><testcase classname="tests.test_iteration54_3phase.TestPhase1APIRoot" name="test_api_root_has_cache_stats" time="0.051" /><testcase classname="tests.test_iteration54_3phase.TestPhase1Pagination" name="test_pagination_has_more" time="0.052" /><testcase classname="tests.test_iteration54_3phase.TestPhase1Pagination" name="test_pagination_different_pages" time="0.105" /><testcase classname="tests.test_iteration54_3phase.TestPhase2RedisCaching" name="test_live_ticker_cache_performance" time="0.101" /><testcase classname="tests.test_iteration54_3phase.TestPhase2RedisCaching" name="test_match_info_cache_performance" time="0.111" /><testcase classname="tests.test_iteration54_3phase.TestPhase2RedisCaching" name="test_questions_cache_performance" time="0.110" /><testcase classname="tests.test_iteration54_3phase.TestPhase2RedisCaching" name="test_match_contests_cache_performance" time="0.100" /><testcase classname="tests.test_iteration54_3phase.TestPhase2RedisCaching" name="test_redis_cache_stats" time="0.055" /><testcase classname="tests.test_iteration54_3phase.TestPhase2CacheInvalidation" name="test_cache_invalidation_on_status_update" time="0.054" /></testsuite></testsuites>