<?xml version="1.0" encoding="utf-8"?><testsuites name="pytest tests"><testsuite name="pytest" errors="0" failures="0" skipped="0" tests="8" time="2.551" timestamp="2026-03-31T14:56:51.475258+00:00" hostname="agent-env-51d366c5-5193-4188-87fd-d5473f21e7aa"><testcase classname="backend.tests.test_iteration59_bug_fixes.TestBug1_ContestQuestionsLockStatus" name="test_live_contest_questions_not_locked" time="0.591" /><testcase classname="backend.tests.test_iteration59_bug_fixes.TestBug1_ContestQuestionsLockStatus" name="test_contest_status_returned" time="0.136" /><testcase classname="backend.tests.test_iteration59_bug_fixes.TestBug2_PredictionSubmissionWhenLive" name="test_get_contest_details" time="0.142" /><testcase classname="backend.tests.test_iteration59_bug_fixes.TestBug2_PredictionSubmissionWhenLive" name="test_prediction_endpoint_accepts_live_contest" time="0.352" /><testcase classname="backend.tests.test_iteration59_bug_fixes.TestBug3_AdminDeleteContest" name="test_delete_endpoint_exists" time="0.497" /><testcase classname="backend.tests.test_iteration59_bug_fixes.TestBug3_AdminDeleteContest" name="test_delete_nonexistent_contest_returns_404" time="0.111" /><testcase classname="backend.tests.test_iteration59_bug_fixes.TestLoginFlow" name="test_login_returns_token" time="0.350" /><testcase classname="backend.tests.test_iteration59_bug_fixes.TestContestStatusEndpoint" name="test_status_update_endpoint_exists" time="0.302" /></testsuite></testsuites>