<?xml version="1.0" encoding="utf-8"?><testsuites name="pytest tests"><testsuite name="pytest" errors="0" failures="0" skipped="0" tests="15" time="9.303" timestamp="2026-03-31T09:46:45.086172+00:00" hostname="agent-env-51d366c5-5193-4188-87fd-d5473f21e7aa"><testcase classname="tests.test_iteration47.TestAdminAuth" name="test_admin_login_success" time="0.422" /><testcase classname="tests.test_iteration47.TestMatchesAndContests" name="test_list_matches" time="0.457" /><testcase classname="tests.test_iteration47.TestMatchesAndContests" name="test_list_templates" time="0.431" /><testcase classname="tests.test_iteration47.TestMatchesAndContests" name="test_list_questions" time="0.433" /><testcase classname="tests.test_iteration47.TestMatchesAndContests" name="test_question_difficulty_points" time="0.444" /><testcase classname="tests.test_iteration47.TestContestStatusToggle" name="test_status_toggle_open_to_live" time="0.737" /><testcase classname="tests.test_iteration47.TestContestStatusToggle" name="test_status_toggle_live_to_locked" time="0.745" /><testcase classname="tests.test_iteration47.TestContestStatusToggle" name="test_status_toggle_locked_to_open" time="0.749" /><testcase classname="tests.test_iteration47.TestContestStatusToggle" name="test_invalid_status" time="0.626" /><testcase classname="tests.test_iteration47.TestContestDelete" name="test_delete_contest" time="0.860" /><testcase classname="tests.test_iteration47.TestContestDelete" name="test_delete_nonexistent_contest" time="0.420" /><testcase classname="tests.test_iteration47.TestMax5ContestsEnforcement" name="test_max_5_contests_enforcement" time="1.574" /><testcase classname="tests.test_iteration47.TestTemplateQuestions" name="test_only_one_full_match_template" time="0.448" /><testcase classname="tests.test_iteration47.TestTemplateQuestions" name="test_template_has_16_questions" time="0.441" /><testcase classname="tests.test_iteration47.TestTemplateQuestions" name="test_template_total_points_1270" time="0.423" /></testsuite></testsuites>