<?xml version="1.0" encoding="utf-8"?><testsuites name="pytest tests"><testsuite name="pytest" errors="0" failures="0" skipped="0" tests="120" time="61.585" timestamp="2026-03-30T07:48:09.035174+00:00" hostname="agent-env-268e87aa-6270-415e-b37d-9d09f89d3a00"><testcase classname="backend.tests.test_stages456_deep.TestStage4UserProfile" name="test_s4_01_get_profile_returns_user_data" time="0.539" /><testcase classname="backend.tests.test_stages456_deep.TestStage4UserProfile" name="test_s4_02_profile_has_stats_and_referral" time="0.097" /><testcase classname="backend.tests.test_stages456_deep.TestStage4UserProfile" name="test_s4_03_profile_requires_auth" time="0.090" /><testcase classname="backend.tests.test_stages456_deep.TestStage4UserProfile" name="test_s4_04_update_profile_username" time="0.102" /><testcase classname="backend.tests.test_stages456_deep.TestStage4UserProfile" name="test_s4_05_update_profile_avatar" time="0.121" /><testcase classname="backend.tests.test_stages456_deep.TestStage4UserProfile" name="test_s4_06_profile_update_returns_user_response" time="0.099" /><testcase classname="backend.tests.test_stages456_deep.TestStage4UserProfile" name="test_s4_07_rank_progress_returns_data" time="0.098" /><testcase classname="backend.tests.test_stages456_deep.TestStage4UserProfile" name="test_s4_08_rank_progression_thresholds" time="0.125" /><testcase classname="backend.tests.test_stages456_deep.TestStage4UserProfile" name="test_s4_09_referral_stats_returns_data" time="0.121" /><testcase classname="backend.tests.test_stages456_deep.TestStage4UserProfile" name="test_s4_10_avatars_returns_8_presets" time="0.090" /><testcase classname="backend.tests.test_stages456_deep.TestStage4UserProfile" name="test_s4_11_leaderboard_returns_top_players" time="0.098" /><testcase classname="backend.tests.test_stages456_deep.TestStage4UserProfile" name="test_s4_12_leaderboard_accepts_limit_param" time="0.095" /><testcase classname="backend.tests.test_stages456_deep.TestStage4UserProfile" name="test_s4_13_leaderboard_max_limit_100" time="0.096" /><testcase classname="backend.tests.test_stages456_deep.TestStage4Wallet" name="test_s4_14_wallet_balance_returns_data" time="0.097" /><testcase classname="backend.tests.test_stages456_deep.TestStage4Wallet" name="test_s4_15_balance_has_coins_numeric" time="0.102" /><testcase classname="backend.tests.test_stages456_deep.TestStage4Wallet" name="test_s4_16_balance_has_can_claim_daily" time="0.101" /><testcase classname="backend.tests.test_stages456_deep.TestStage4Wallet" name="test_s4_17_balance_has_daily_streak" time="0.094" /><testcase classname="backend.tests.test_stages456_deep.TestStage4Wallet" name="test_s4_18_balance_has_user_id" time="0.098" /><testcase classname="backend.tests.test_stages456_deep.TestStage4Wallet" name="test_s4_19_transactions_returns_paginated" time="0.108" /><testcase classname="backend.tests.test_stages456_deep.TestStage4Wallet" name="test_s4_20_transactions_have_required_fields" time="0.095" /><testcase classname="backend.tests.test_stages456_deep.TestStage4Wallet" name="test_s4_21_transactions_pagination_defaults" time="0.097" /><testcase classname="backend.tests.test_stages456_deep.TestStage4Wallet" name="test_s4_22_transactions_sorted_desc" time="0.097" /><testcase classname="backend.tests.test_stages456_deep.TestStage4Wallet" name="test_s4_23_claim_daily_or_already_claimed" time="0.097" /><testcase classname="backend.tests.test_stages456_deep.TestStage4Wallet" name="test_s4_24_daily_reward_base_500" time="0.213" /><testcase classname="backend.tests.test_stages456_deep.TestStage4Wallet" name="test_s4_25_daily_reward_increments_by_100" time="0.000" /><testcase classname="backend.tests.test_stages456_deep.TestStage4Wallet" name="test_s4_26_max_streak_7_days" time="0.000" /><testcase classname="backend.tests.test_stages456_deep.TestStage4Wallet" name="test_s4_27_double_claim_returns_error" time="0.190" /><testcase classname="backend.tests.test_stages456_deep.TestStage4Wallet" name="test_s4_28_streak_resets_if_missed" time="0.000" /><testcase classname="backend.tests.test_stages456_deep.TestStage4Wallet" name="test_s4_29_daily_claim_creates_transaction" time="0.098" /><testcase classname="backend.tests.test_stages456_deep.TestStage4Wallet" name="test_s4_30_daily_reward_type_credit" time="0.101" /><testcase classname="backend.tests.test_stages456_deep.TestStage4Wallet" name="test_s4_31_balance_after_matches" time="0.104" /><testcase classname="backend.tests.test_stages456_deep.TestStage4Wallet" name="test_s4_32_wallet_requires_auth" time="0.222" /><testcase classname="backend.tests.test_stages456_deep.TestStage4Wallet" name="test_s4_33_no_id_in_wallet_response" time="0.106" /><testcase classname="backend.tests.test_stages456_deep.TestStage4Wallet" name="test_s4_34_no_id_in_user_response" time="0.095" /><testcase classname="backend.tests.test_stages456_deep.TestStage4Wallet" name="test_s4_35_signup_bonus_transaction_exists" time="0.211" /><testcase classname="backend.tests.test_stages456_deep.TestStage4FrontendPlaceholders" name="test_s4_36_to_s4_50_frontend_tests" time="0.000" /><testcase classname="backend.tests.test_stages456_deep.TestStage5Questions" name="test_s5_01_list_questions_paginated" time="0.106" /><testcase classname="backend.tests.test_stages456_deep.TestStage5Questions" name="test_s5_02_questions_list_structure" time="0.105" /><testcase classname="backend.tests.test_stages456_deep.TestStage5Questions" name="test_s5_03_filter_by_category" time="0.106" /><testcase classname="backend.tests.test_stages456_deep.TestStage5Questions" name="test_s5_04_filter_by_difficulty" time="0.091" /><testcase classname="backend.tests.test_stages456_deep.TestStage5Questions" name="test_s5_05_filter_by_is_active" time="0.104" /><testcase classname="backend.tests.test_stages456_deep.TestStage5Questions" name="test_s5_06_combined_filters" time="0.093" /><testcase classname="backend.tests.test_stages456_deep.TestStage5Questions" name="test_s5_07_get_single_question" time="0.215" /><testcase classname="backend.tests.test_stages456_deep.TestStage5Questions" name="test_s5_08_get_nonexistent_question_404" time="0.107" /><testcase classname="backend.tests.test_stages456_deep.TestStage5Questions" name="test_s5_09_create_question" time="0.116" /><testcase classname="backend.tests.test_stages456_deep.TestStage5Questions" name="test_s5_10_created_question_has_all_fields" time="0.120" /><testcase classname="backend.tests.test_stages456_deep.TestStage5Questions" name="test_s5_11_option_key_validation" time="0.094" /><testcase classname="backend.tests.test_stages456_deep.TestStage5Questions" name="test_s5_12_points_validation_range" time="0.105" /><testcase classname="backend.tests.test_stages456_deep.TestStage5Questions" name="test_s5_13_options_min_max_length" time="0.102" /><testcase classname="backend.tests.test_stages456_deep.TestStage5Questions" name="test_s5_14_update_question" time="0.215" /><testcase classname="backend.tests.test_stages456_deep.TestStage5Questions" name="test_s5_15_partial_update" time="0.205" /><testcase classname="backend.tests.test_stages456_deep.TestStage5Questions" name="test_s5_16_update_changes_updated_at" time="1.195" /><testcase classname="backend.tests.test_stages456_deep.TestStage5Questions" name="test_s5_17_delete_question" time="0.291" /><testcase classname="backend.tests.test_stages456_deep.TestStage5Questions" name="test_s5_18_delete_nonexistent_404" time="36.144" /><testcase classname="backend.tests.test_stages456_deep.TestStage5Questions" name="test_s5_19_bulk_import_questions" time="0.151" /><testcase classname="backend.tests.test_stages456_deep.TestStage5Questions" name="test_s5_20_bulk_import_returns_count" time="0.119" /><testcase classname="backend.tests.test_stages456_deep.TestStage5Questions" name="test_s5_21_bulk_import_unique_ids" time="0.197" /><testcase classname="backend.tests.test_stages456_deep.TestStage5Templates" name="test_s5_22_list_templates_paginated" time="0.093" /><testcase classname="backend.tests.test_stages456_deep.TestStage5Templates" name="test_s5_23_templates_list_structure" time="0.094" /><testcase classname="backend.tests.test_stages456_deep.TestStage5Templates" name="test_s5_24_filter_by_match_type" time="0.095" /><testcase classname="backend.tests.test_stages456_deep.TestStage5Templates" name="test_s5_25_filter_by_is_active" time="0.121" /><testcase classname="backend.tests.test_stages456_deep.TestStage5Templates" name="test_s5_26_get_template_with_questions" time="0.212" /><testcase classname="backend.tests.test_stages456_deep.TestStage5Templates" name="test_s5_27_template_has_questions_array" time="4.277" /><testcase classname="backend.tests.test_stages456_deep.TestStage5Templates" name="test_s5_28_questions_maintain_order" time="0.218" /><testcase classname="backend.tests.test_stages456_deep.TestStage5Templates" name="test_s5_29_create_template" time="0.217" /><testcase classname="backend.tests.test_stages456_deep.TestStage5Templates" name="test_s5_30_template_validates_question_ids" time="0.100" /><testcase classname="backend.tests.test_stages456_deep.TestStage5Templates" name="test_s5_31_template_invalid_question_id_400" time="0.209" /><testcase classname="backend.tests.test_stages456_deep.TestStage5Templates" name="test_s5_32_template_calculates_total_points" time="3.257" /><testcase classname="backend.tests.test_stages456_deep.TestStage5Templates" name="test_s5_33_template_records_question_count" time="0.218" /><testcase classname="backend.tests.test_stages456_deep.TestStage5Templates" name="test_s5_34_update_template" time="0.218" /><testcase classname="backend.tests.test_stages456_deep.TestStage5Templates" name="test_s5_35_template_update_recalculates_points" time="0.311" /><testcase classname="backend.tests.test_stages456_deep.TestStage5Templates" name="test_s5_36_delete_template" time="0.436" /><testcase classname="backend.tests.test_stages456_deep.TestStage5Templates" name="test_s5_37_clone_template" time="0.203" /><testcase classname="backend.tests.test_stages456_deep.TestStage5Templates" name="test_s5_38_clone_has_copy_suffix" time="0.205" /><testcase classname="backend.tests.test_stages456_deep.TestStage5AdminAuth" name="test_s5_39_admin_endpoints_require_auth" time="0.193" /><testcase classname="backend.tests.test_stages456_deep.TestStage5AdminAuth" name="test_s5_40_seed_created_72_plus_questions" time="0.102" /><testcase classname="backend.tests.test_stages456_deep.TestStage5AdminAuth" name="test_s5_41_seed_created_5_plus_templates" time="0.103" /><testcase classname="backend.tests.test_stages456_deep.TestStage5AdminAuth" name="test_s5_42_questions_have_bilingual_text" time="0.098" /><testcase classname="backend.tests.test_stages456_deep.TestStage5AdminAuth" name="test_s5_43_options_have_bilingual_text" time="0.116" /><testcase classname="backend.tests.test_stages456_deep.TestStage5AdminAuth" name="test_s5_44_categories_covered" time="0.100" /><testcase classname="backend.tests.test_stages456_deep.TestStage5AdminAuth" name="test_s5_45_questions_sorted_desc" time="0.098" /><testcase classname="backend.tests.test_stages456_deep.TestStage5AdminAuth" name="test_s5_46_templates_sorted_desc" time="0.094" /><testcase classname="backend.tests.test_stages456_deep.TestStage5AdminAuth" name="test_s5_47_evaluation_rules_present" time="0.100" /><testcase classname="backend.tests.test_stages456_deep.TestStage5AdminAuth" name="test_s5_48_template_question_limits" time="0.097" /><testcase classname="backend.tests.test_stages456_deep.TestStage5AdminAuth" name="test_s5_49_no_id_in_admin_response" time="0.195" /><testcase classname="backend.tests.test_stages456_deep.TestStage5AdminAuth" name="test_s5_50_difficulty_options" time="0.096" /><testcase classname="backend.tests.test_stages456_deep.TestStage6Matches" name="test_s6_01_list_matches_paginated" time="0.095" /><testcase classname="backend.tests.test_stages456_deep.TestStage6Matches" name="test_s6_02_matches_list_structure" time="0.096" /><testcase classname="backend.tests.test_stages456_deep.TestStage6Matches" name="test_s6_03_match_has_required_fields" time="0.088" /><testcase classname="backend.tests.test_stages456_deep.TestStage6Matches" name="test_s6_04_team_a_has_name_short_name" time="0.097" /><testcase classname="backend.tests.test_stages456_deep.TestStage6Matches" name="test_s6_05_team_b_has_name_short_name" time="0.098" /><testcase classname="backend.tests.test_stages456_deep.TestStage6Matches" name="test_s6_06_filter_by_status_upcoming" time="0.093" /><testcase classname="backend.tests.test_stages456_deep.TestStage6Matches" name="test_s6_07_filter_by_status_live" time="0.094" /><testcase classname="backend.tests.test_stages456_deep.TestStage6Matches" name="test_s6_08_filter_by_status_completed" time="0.097" /><testcase classname="backend.tests.test_stages456_deep.TestStage6Matches" name="test_s6_09_get_single_match" time="0.205" /><testcase classname="backend.tests.test_stages456_deep.TestStage6Matches" name="test_s6_10_get_nonexistent_match_404" time="0.095" /><testcase classname="backend.tests.test_stages456_deep.TestStage6Matches" name="test_s6_11_create_match_admin" time="0.095" /><testcase classname="backend.tests.test_stages456_deep.TestStage6Matches" name="test_s6_12_update_match_status" time="0.310" /><testcase classname="backend.tests.test_stages456_deep.TestStage6Matches" name="test_s6_13_status_transitions" time="0.297" /><testcase classname="backend.tests.test_stages456_deep.TestStage6Matches" name="test_s6_14_get_match_contests" time="0.212" /><testcase classname="backend.tests.test_stages456_deep.TestStage6Matches" name="test_s6_15_assign_template_to_match" time="0.297" /><testcase classname="backend.tests.test_stages456_deep.TestStage6Matches" name="test_s6_16_assign_template_stores_id" time="0.000" /><testcase classname="backend.tests.test_stages456_deep.TestStage6Matches" name="test_s6_17_match_has_live_score" time="0.095" /><testcase classname="backend.tests.test_stages456_deep.TestStage6Matches" name="test_s6_18_seven_matches_seeded" time="0.104" /><testcase classname="backend.tests.test_stages456_deep.TestStage6Matches" name="test_s6_19_seeded_matches_include_teams" time="0.100" /><testcase classname="backend.tests.test_stages456_deep.TestStage6Matches" name="test_s6_20_ten_ipl_teams_exist" time="0.105" /><testcase classname="backend.tests.test_stages456_deep.TestStage6Matches" name="test_s6_21_cricbuzz_live_endpoint" time="0.178" /><testcase classname="backend.tests.test_stages456_deep.TestStage6Matches" name="test_s6_22_cricbuzz_no_auth_required" time="0.126" /><testcase classname="backend.tests.test_stages456_deep.TestStage6Matches" name="test_s6_23_sync_requires_auth" time="0.091" /><testcase classname="backend.tests.test_stages456_deep.TestStage6Matches" name="test_s6_24_sync_returns_stats" time="0.115" /><testcase classname="backend.tests.test_stages456_deep.TestStage6Matches" name="test_s6_25_sync_score_requires_external_id" time="0.204" /><testcase classname="backend.tests.test_stages456_deep.TestStage6Matches" name="test_s6_26_match_without_external_id_400" time="0.184" /><testcase classname="backend.tests.test_stages456_deep.TestStage6MatchData" name="test_s6_41_start_time_iso_format" time="0.095" /><testcase classname="backend.tests.test_stages456_deep.TestStage6MatchData" name="test_s6_43_matches_sorted_by_start_time" time="0.102" /><testcase classname="backend.tests.test_stages456_deep.TestStage6MatchData" name="test_s6_44_match_status_enum" time="0.104" /><testcase classname="backend.tests.test_stages456_deep.TestStage6MatchData" name="test_s6_45_contest_count_per_match" time="0.205" /><testcase classname="backend.tests.test_stages456_deep.TestStage6MatchData" name="test_s6_46_admin_can_create_contests" time="0.198" /><testcase classname="backend.tests.test_stages456_deep.TestStage6MatchData" name="test_s6_47_no_id_in_match_response" time="0.103" /><testcase classname="backend.tests.test_stages456_deep.TestStage6MatchData" name="test_s6_27_to_s6_40_frontend_tests" time="0.000" /><testcase classname="backend.tests.test_stages456_deep.TestStage6MatchData" name="test_s6_48_to_s6_50_frontend_tests" time="1.032" /></testsuite></testsuites>