<?xml version="1.0" encoding="utf-8"?><testsuites name="pytest tests"><testsuite name="pytest" errors="0" failures="2" skipped="0" tests="9" time="4.498" timestamp="2026-03-31T17:00:03.691489+00:00" hostname="agent-env-51d366c5-5193-4188-87fd-d5473f21e7aa"><testcase classname="backend.tests.test_iteration62_autopilot.TestAutoPilotAPIs" name="test_autopilot_status_endpoint" time="0.437" /><testcase classname="backend.tests.test_iteration62_autopilot.TestAutoPilotAPIs" name="test_autopilot_start_endpoint" time="0.497" /><testcase classname="backend.tests.test_iteration62_autopilot.TestAutoPilotAPIs" name="test_autopilot_stop_endpoint" time="0.496" /><testcase classname="backend.tests.test_iteration62_autopilot.TestAutoPilotAPIs" name="test_autopilot_toggle_cycle" time="0.759" /><testcase classname="backend.tests.test_iteration62_autopilot.TestMatchAutoEngineAPIs" name="test_seed_question_pool_endpoint" time="0.462"><failure message="AssertionError: Seed endpoint failed: 500 - {&quot;error&quot;:&quot;INTERNAL_ERROR&quot;,&quot;message&quot;:&quot;An unexpected error occurred&quot;,&quot;details&quot;:{}}&#10;assert 500 in [200, 201]&#10; +  where 500 = &lt;Response [500]&gt;.status_code">backend/tests/test_iteration62_autopilot.py:160: in test_seed_question_pool_endpoint
    assert response.status_code in [200, 201], f"Seed endpoint failed: {response.status_code} - {response.text}"
E   AssertionError: Seed endpoint failed: 500 - {"error":"INTERNAL_ERROR","message":"An unexpected error occurred","details":{}}
E   assert 500 in [200, 201]
E    +  where 500 = &lt;Response [500]&gt;.status_code</failure></testcase><testcase classname="backend.tests.test_iteration62_autopilot.TestMatchAutoEngineAPIs" name="test_auto_templates_all_endpoint" time="0.453" /><testcase classname="backend.tests.test_iteration62_autopilot.TestMatchAutoEngineAPIs" name="test_auto_contests_24h_endpoint" time="0.402" /><testcase classname="backend.tests.test_iteration62_autopilot.TestPerMatchAutoTemplates" name="test_per_match_auto_templates_endpoint" time="0.455"><failure message="AssertionError: Per-match auto templates failed: 400 - {&quot;detail&quot;:&quot;Need at least 50 questions in pool. Currently have 19. Run seed-question-pool first.&quot;}&#10;assert 400 in [200, 201]&#10; +  where 400 = &lt;Response [400]&gt;.status_code">backend/tests/test_iteration62_autopilot.py:244: in test_per_match_auto_templates_endpoint
    assert response.status_code in [200, 201], f"Per-match auto templates failed: {response.status_code} - {response.text}"
E   AssertionError: Per-match auto templates failed: 400 - {"detail":"Need at least 50 questions in pool. Currently have 19. Run seed-question-pool first."}
E   assert 400 in [200, 201]
E    +  where 400 = &lt;Response [400]&gt;.status_code</failure></testcase><testcase classname="backend.tests.test_iteration62_autopilot.TestAdminStatsEndpoint" name="test_admin_stats_endpoint" time="0.426" /></testsuite></testsuites>