<?xml version="1.0" encoding="utf-8"?><testsuites name="pytest tests"><testsuite name="pytest" errors="0" failures="0" skipped="1" tests="23" time="4.722" timestamp="2026-03-30T09:04:57.776403+00:00" hostname="agent-env-268e87aa-6270-415e-b37d-9d09f89d3a00"><testcase classname="backend.tests.test_stage10_14_audit.TestRegressionLoginAndBasics" name="test_health_check" time="0.247" /><testcase classname="backend.tests.test_stage10_14_audit.TestRegressionLoginAndBasics" name="test_admin_login" time="0.334" /><testcase classname="backend.tests.test_stage10_14_audit.TestRegressionLoginAndBasics" name="test_non_admin_login" time="0.332" /><testcase classname="backend.tests.test_stage10_14_audit.TestRegressionLoginAndBasics" name="test_home_matches_load" time="0.118" /><testcase classname="backend.tests.test_stage10_14_audit.TestRegressionLoginAndBasics" name="test_wallet_balance" time="0.120" /><testcase classname="backend.tests.test_stage10_14_audit.TestStage7_9MyContestsPagination" name="test_my_contests_returns_data" time="0.109" /><testcase classname="backend.tests.test_stage10_14_audit.TestStage7_9MyContestsPagination" name="test_my_contests_with_status_filter" time="0.149" /><testcase classname="backend.tests.test_stage10_14_audit.TestStage7_9MyContestsPagination" name="test_my_contests_pagination" time="0.098" /><testcase classname="backend.tests.test_stage10_14_audit.TestStage7_9FinalizeBlocksUnresolved" name="test_finalize_blocks_unresolved" time="0.217" /><testcase classname="backend.tests.test_stage10_14_audit.TestStage10LeaderboardAndModal" name="test_leaderboard_endpoint" time="0.189" /><testcase classname="backend.tests.test_stage10_14_audit.TestStage10LeaderboardAndModal" name="test_my_leaderboard_position" time="0.212" /><testcase classname="backend.tests.test_stage10_14_audit.TestStage10LeaderboardAndModal" name="test_user_answers_endpoint" time="0.204"><skipped type="pytest.skip" message="No entries in leaderboard">/app/backend/tests/test_stage10_14_audit.py:225: No entries in leaderboard</skipped></testcase><testcase classname="backend.tests.test_stage10_14_audit.TestStage10LeaderboardAndModal" name="test_user_answers_404_on_invalid" time="0.104" /><testcase classname="backend.tests.test_stage10_14_audit.TestStage11CricketDataService" name="test_cricbuzz_live_endpoint" time="0.208" /><testcase classname="backend.tests.test_stage10_14_audit.TestStage13_14AdminGuardMatchEndpoints" name="test_create_match_admin_allowed" time="0.105" /><testcase classname="backend.tests.test_stage10_14_audit.TestStage13_14AdminGuardMatchEndpoints" name="test_create_match_non_admin_forbidden" time="0.093" /><testcase classname="backend.tests.test_stage10_14_audit.TestStage13_14AdminGuardMatchEndpoints" name="test_update_match_status_non_admin_forbidden" time="0.207" /><testcase classname="backend.tests.test_stage10_14_audit.TestStage13_14AdminGuardMatchEndpoints" name="test_update_live_score_non_admin_forbidden" time="0.198" /><testcase classname="backend.tests.test_stage10_14_audit.TestStage13_14AdminGuardMatchEndpoints" name="test_assign_template_non_admin_forbidden" time="0.227" /><testcase classname="backend.tests.test_stage10_14_audit.TestStage13_14AdminGuardMatchEndpoints" name="test_sync_cricbuzz_non_admin_forbidden" time="0.095" /><testcase classname="backend.tests.test_stage10_14_audit.TestStage13_14AdminGuardMatchEndpoints" name="test_sync_match_score_non_admin_forbidden" time="0.201" /><testcase classname="backend.tests.test_stage10_14_audit.TestStage13_14FinalizeUsernameInTop3" name="test_finalize_response_has_username" time="0.248" /><testcase classname="backend.tests.test_stage10_14_audit.TestContestFullFlow" name="test_contest_join_flow" time="0.606" /></testsuite></testsuites>