<?xml version="1.0" encoding="utf-8"?><testsuites name="pytest tests"><testsuite name="pytest" errors="0" failures="0" skipped="0" tests="15" time="4.085" timestamp="2026-03-30T08:32:23.771817+00:00" hostname="agent-env-268e87aa-6270-415e-b37d-9d09f89d3a00"><testcase classname="backend.tests.test_13_critical_fixes.TestFix1_RequestIDHeader" name="test_request_id_is_full_uuid" time="0.164" /><testcase classname="backend.tests.test_13_critical_fixes.TestFix2_ContentSecurityPolicy" name="test_csp_header_present" time="0.106" /><testcase classname="backend.tests.test_13_critical_fixes.TestFix3_RequestBodyLimit" name="test_large_body_returns_413" time="0.247" /><testcase classname="backend.tests.test_13_critical_fixes.TestFix4_RateLimitStoreCleanup" name="test_cleanup_function_exists" time="0.000" /><testcase classname="backend.tests.test_13_critical_fixes.TestFix5_WalletUpdateCoinsGteGuard" name="test_gte_guard_in_update_coins" time="0.000" /><testcase classname="backend.tests.test_13_critical_fixes.TestFix6_UniqueReferralCodeRetries" name="test_unique_referral_code_retries" time="0.000" /><testcase classname="backend.tests.test_13_critical_fixes.TestFix7_ContestJoinRollback" name="test_contest_join_has_rollback" time="0.000" /><testcase classname="backend.tests.test_13_critical_fixes.TestFix8_PinChangeSetsPinChangedAt" name="test_pin_change_returns_new_tokens" time="1.009" /><testcase classname="backend.tests.test_13_critical_fixes.TestFix9_OldTokenRejectedAfterPinChange" name="test_old_token_rejected_after_pin_change" time="1.395" /><testcase classname="backend.tests.test_13_critical_fixes.TestFix10_LockoutAutoReset" name="test_lockout_auto_reset_code_exists" time="0.000" /><testcase classname="backend.tests.test_13_critical_fixes.TestFix11_PhoneValidationRejects1to5" name="test_phone_starting_with_1_rejected" time="0.112" /><testcase classname="backend.tests.test_13_critical_fixes.TestFix12_PhoneValidationAccepts6to9" name="test_phone_starting_with_6_accepted" time="0.096" /><testcase classname="backend.tests.test_13_critical_fixes.TestFix13_ChangePinHasRateLimit" name="test_change_pin_has_rate_limit" time="0.000" /><testcase classname="backend.tests.test_13_critical_fixes.TestFix14_RefreshTokenRotation" name="test_refresh_returns_both_tokens" time="0.432" /><testcase classname="backend.tests.test_13_critical_fixes.TestFix15_WalletBalanceLastClaimed" name="test_wallet_balance_has_last_claimed" time="0.433" /></testsuite></testsuites>