<?xml version="1.0" encoding="utf-8"?><testsuites name="pytest tests"><testsuite name="pytest" errors="0" failures="0" skipped="0" tests="150" time="20.292" timestamp="2026-03-30T07:37:22.524985+00:00" hostname="agent-env-268e87aa-6270-415e-b37d-9d09f89d3a00"><testcase classname="tests.test_stage123_deep.TestStage1Foundation" name="test_s1_01_health_returns_healthy_and_version" time="0.155" /><testcase classname="tests.test_stage123_deep.TestStage1Foundation" name="test_s1_02_health_ready_returns_ready" time="0.103" /><testcase classname="tests.test_stage123_deep.TestStage1Foundation" name="test_s1_03_health_live_returns_alive" time="0.096" /><testcase classname="tests.test_stage123_deep.TestStage1Foundation" name="test_s1_04_api_root_returns_app_info" time="0.109" /><testcase classname="tests.test_stage123_deep.TestStage1Foundation" name="test_s1_05_x_request_id_header_present" time="0.103" /><testcase classname="tests.test_stage123_deep.TestStage1Foundation" name="test_s1_06_x_response_time_header_present" time="0.096" /><testcase classname="tests.test_stage123_deep.TestStage1Foundation" name="test_s1_07_x_content_type_options_nosniff" time="0.095" /><testcase classname="tests.test_stage123_deep.TestStage1Foundation" name="test_s1_08_x_frame_options_deny" time="0.102" /><testcase classname="tests.test_stage123_deep.TestStage1Foundation" name="test_s1_09_x_xss_protection_enabled" time="0.094" /><testcase classname="tests.test_stage123_deep.TestStage1Foundation" name="test_s1_10_referrer_policy_strict" time="0.090" /><testcase classname="tests.test_stage123_deep.TestStage1Foundation" name="test_s1_11_permissions_policy_blocks_camera_mic_geo" time="0.099" /><testcase classname="tests.test_stage123_deep.TestStage1Foundation" name="test_s1_12_gzip_compression_active" time="0.097" /><testcase classname="tests.test_stage123_deep.TestStage1Foundation" name="test_s1_13_cors_headers_present" time="0.100" /><testcase classname="tests.test_stage123_deep.TestStage1Foundation" name="test_s1_14_cors_allows_all_methods" time="0.101" /><testcase classname="tests.test_stage123_deep.TestStage1Foundation" name="test_s1_15_options_preflight_returns_200" time="0.074" /><testcase classname="tests.test_stage123_deep.TestStage1Foundation" name="test_s1_16_health_reports_mongodb_latency" time="0.102" /><testcase classname="tests.test_stage123_deep.TestStage1Foundation" name="test_s1_17_health_reports_redis_status" time="0.104" /><testcase classname="tests.test_stage123_deep.TestStage1Foundation" name="test_s1_18_404_returns_json_error" time="0.099" /><testcase classname="tests.test_stage123_deep.TestStage1Foundation" name="test_s1_19_custom_exception_format" time="0.097" /><testcase classname="tests.test_stage123_deep.TestStage1Foundation" name="test_s1_20_generic_500_returns_internal_error" time="0.000" /><testcase classname="tests.test_stage123_deep.TestStage1Foundation" name="test_s1_21_docs_available_in_debug" time="0.107" /><testcase classname="tests.test_stage123_deep.TestStage1Foundation" name="test_s1_22_redoc_available" time="0.091" /><testcase classname="tests.test_stage123_deep.TestStage1Foundation" name="test_s1_23_openapi_schema_available" time="0.137" /><testcase classname="tests.test_stage123_deep.TestStage1Foundation" name="test_s1_24_request_id_unique_per_request" time="0.469" /><testcase classname="tests.test_stage123_deep.TestStage1Foundation" name="test_s1_25_response_timing_middleware" time="0.112" /><testcase classname="tests.test_stage123_deep.TestStage1Foundation" name="test_s1_26_server_starts_without_errors" time="0.102" /><testcase classname="tests.test_stage123_deep.TestStage1Foundation" name="test_s1_27_all_routers_registered" time="0.102" /><testcase classname="tests.test_stage123_deep.TestStage1Foundation" name="test_s1_28_database_indexes_created" time="0.092" /><testcase classname="tests.test_stage123_deep.TestStage1Foundation" name="test_s1_29_lifespan_connects_db" time="0.097" /><testcase classname="tests.test_stage123_deep.TestStage1Foundation" name="test_s1_30_lifespan_disconnects_on_shutdown" time="0.000" /><testcase classname="tests.test_stage123_deep.TestStage1Foundation" name="test_s1_31_settings_load_from_env" time="0.098" /><testcase classname="tests.test_stage123_deep.TestStage1Foundation" name="test_s1_32_mongo_url_from_env" time="0.000" /><testcase classname="tests.test_stage123_deep.TestStage1Foundation" name="test_s1_33_jwt_secret_from_env" time="0.000" /><testcase classname="tests.test_stage123_deep.TestStage1Foundation" name="test_s1_34_db_name_matches_expected" time="0.092" /><testcase classname="tests.test_stage123_deep.TestStage1Foundation" name="test_s1_35_rate_limit_header_limit" time="0.320" /><testcase classname="tests.test_stage123_deep.TestStage1Foundation" name="test_s1_36_rate_limit_header_remaining" time="0.317" /><testcase classname="tests.test_stage123_deep.TestStage1Foundation" name="test_s1_37_rate_limit_header_window" time="0.326" /><testcase classname="tests.test_stage123_deep.TestStage1Foundation" name="test_s1_38_rate_limit_returns_429" time="0.000" /><testcase classname="tests.test_stage123_deep.TestStage1Foundation" name="test_s1_39_memory_rate_limit_fallback" time="0.102" /><testcase classname="tests.test_stage123_deep.TestStage1Foundation" name="test_s1_40_crickpredict_exception_has_fields" time="0.000" /><testcase classname="tests.test_stage123_deep.TestStage1Foundation" name="test_s1_41_exception_to_http_exception" time="0.000" /><testcase classname="tests.test_stage123_deep.TestStage1Foundation" name="test_s1_42_structured_logging_setup" time="0.000" /><testcase classname="tests.test_stage123_deep.TestStage1Foundation" name="test_s1_43_request_id_propagated" time="0.100" /><testcase classname="tests.test_stage123_deep.TestStage1Foundation" name="test_s1_44_large_response_compressed" time="0.091" /><testcase classname="tests.test_stage123_deep.TestStage1Foundation" name="test_s1_45_small_response_not_compressed" time="0.099" /><testcase classname="tests.test_stage123_deep.TestStage1Foundation" name="test_s1_46_concurrent_requests_unique_ids" time="0.335" /><testcase classname="tests.test_stage123_deep.TestStage1Foundation" name="test_s1_47_backend_running_on_8001" time="0.119" /><testcase classname="tests.test_stage123_deep.TestStage1Foundation" name="test_s1_48_frontend_running_on_3000" time="0.093" /><testcase classname="tests.test_stage123_deep.TestStage1Foundation" name="test_s1_49_pwa_manifest_accessible" time="0.120" /><testcase classname="tests.test_stage123_deep.TestStage1Foundation" name="test_s1_50_service_worker_registered" time="0.095" /><testcase classname="tests.test_stage123_deep.TestStage2Database" name="test_s2_01_mongodb_connection_pool_active" time="0.000" /><testcase classname="tests.test_stage123_deep.TestStage2Database" name="test_s2_02_database_manager_singleton" time="0.001" /><testcase classname="tests.test_stage123_deep.TestStage2Database" name="test_s2_03_db_property_returns_motor_database" time="0.000" /><testcase classname="tests.test_stage123_deep.TestStage2Database" name="test_s2_04_redis_connection_optional" time="0.096" /><testcase classname="tests.test_stage123_deep.TestStage2Database" name="test_s2_05_health_check_returns_both_statuses" time="0.111" /><testcase classname="tests.test_stage123_deep.TestStage2Database" name="test_s2_06_users_index_on_id" time="0.000" /><testcase classname="tests.test_stage123_deep.TestStage2Database" name="test_s2_07_users_index_on_phone" time="0.000" /><testcase classname="tests.test_stage123_deep.TestStage2Database" name="test_s2_08_users_index_on_referral_code" time="0.000" /><testcase classname="tests.test_stage123_deep.TestStage2Database" name="test_s2_09_users_text_index_on_username" time="0.000" /><testcase classname="tests.test_stage123_deep.TestStage2Database" name="test_s2_10_matches_index_on_id" time="0.000" /><testcase classname="tests.test_stage123_deep.TestStage2Database" name="test_s2_11_matches_index_on_status" time="0.000" /><testcase classname="tests.test_stage123_deep.TestStage2Database" name="test_s2_12_matches_index_on_start_time" time="0.000" /><testcase classname="tests.test_stage123_deep.TestStage2Database" name="test_s2_13_matches_compound_index" time="0.000" /><testcase classname="tests.test_stage123_deep.TestStage2Database" name="test_s2_14_contests_index_on_id" time="0.000" /><testcase classname="tests.test_stage123_deep.TestStage2Database" name="test_s2_15_contests_index_on_match_id" time="0.000" /><testcase classname="tests.test_stage123_deep.TestStage2Database" name="test_s2_16_contests_compound_index" time="0.000" /><testcase classname="tests.test_stage123_deep.TestStage2Database" name="test_s2_17_contest_entries_compound_unique_index" time="0.000" /><testcase classname="tests.test_stage123_deep.TestStage2Database" name="test_s2_18_contest_entries_index_on_points" time="0.000" /><testcase classname="tests.test_stage123_deep.TestStage2Database" name="test_s2_19_questions_index_on_category" time="0.000" /><testcase classname="tests.test_stage123_deep.TestStage2Database" name="test_s2_20_templates_index_on_match_type" time="0.000" /><testcase classname="tests.test_stage123_deep.TestStage2Database" name="test_s2_21_wallet_transactions_index" time="0.000" /><testcase classname="tests.test_stage123_deep.TestStage2Database" name="test_s2_22_question_results_unique_index" time="0.000" /><testcase classname="tests.test_stage123_deep.TestStage2Database" name="test_s2_23_user_model_required_fields" time="0.000" /><testcase classname="tests.test_stage123_deep.TestStage2Database" name="test_s2_24_user_model_phone_pin_username_coins" time="0.000" /><testcase classname="tests.test_stage123_deep.TestStage2Database" name="test_s2_25_user_model_rank_points_matches_wins" time="0.000" /><testcase classname="tests.test_stage123_deep.TestStage2Database" name="test_s2_26_user_model_referral_streak" time="0.000" /><testcase classname="tests.test_stage123_deep.TestStage2Database" name="test_s2_27_user_model_ban_lock_fields" time="0.000" /><testcase classname="tests.test_stage123_deep.TestStage2Database" name="test_s2_28_generate_id_returns_uuid4" time="0.000" /><testcase classname="tests.test_stage123_deep.TestStage2Database" name="test_s2_29_utc_now_returns_timezone_aware" time="0.000" /><testcase classname="tests.test_stage123_deep.TestStage2Database" name="test_s2_30_generate_referral_code_6_chars" time="0.000" /><testcase classname="tests.test_stage123_deep.TestStage2Database" name="test_s2_31_user_rank_enum_values" time="0.000" /><testcase classname="tests.test_stage123_deep.TestStage2Database" name="test_s2_32_match_status_enum_values" time="0.000" /><testcase classname="tests.test_stage123_deep.TestStage2Database" name="test_s2_33_contest_status_enum_values" time="0.000" /><testcase classname="tests.test_stage123_deep.TestStage2Database" name="test_s2_34_question_category_enum_7_values" time="0.000" /><testcase classname="tests.test_stage123_deep.TestStage2Database" name="test_s2_35_transaction_type_enum" time="0.000" /><testcase classname="tests.test_stage123_deep.TestStage2Database" name="test_s2_36_transaction_reason_enum_8_values" time="0.000" /><testcase classname="tests.test_stage123_deep.TestStage2Database" name="test_s2_37_evaluation_type_enum_5_values" time="0.000" /><testcase classname="tests.test_stage123_deep.TestStage2Database" name="test_s2_38_id_excluded_from_queries" time="0.000" /><testcase classname="tests.test_stage123_deep.TestStage2Database" name="test_s2_39_no_objectid_in_api_response" time="0.315" /><testcase classname="tests.test_stage123_deep.TestStage2Database" name="test_s2_40_pydantic_strict_validation" time="0.000" /><testcase classname="tests.test_stage123_deep.TestStage2Database" name="test_s2_41_seed_script_idempotent" time="0.000" /><testcase classname="tests.test_stage123_deep.TestStage2Database" name="test_s2_42_seed_creates_72_plus_questions" time="0.000" /><testcase classname="tests.test_stage123_deep.TestStage2Database" name="test_s2_43_seed_creates_5_plus_templates" time="0.000" /><testcase classname="tests.test_stage123_deep.TestStage2Database" name="test_s2_44_questions_bilingual_text" time="0.000" /><testcase classname="tests.test_stage123_deep.TestStage2Database" name="test_s2_45_options_bilingual_text" time="0.000" /><testcase classname="tests.test_stage123_deep.TestStage2Database" name="test_s2_46_questions_have_4_options" time="0.000" /><testcase classname="tests.test_stage123_deep.TestStage2Database" name="test_s2_47_base_repository_pattern" time="0.000" /><testcase classname="tests.test_stage123_deep.TestStage2Database" name="test_s2_48_user_repository_extends_base" time="0.000" /><testcase classname="tests.test_stage123_deep.TestStage2Database" name="test_s2_49_wallet_transaction_repository_exists" time="0.000" /><testcase classname="tests.test_stage123_deep.TestStage2Database" name="test_s2_50_mongodb_retry_writes" time="0.000" /><testcase classname="tests.test_stage123_deep.TestStage3Authentication" name="test_s3_01_register_valid_returns_201" time="0.322" /><testcase classname="tests.test_stage123_deep.TestStage3Authentication" name="test_s3_02_register_returns_token_and_user" time="0.335" /><testcase classname="tests.test_stage123_deep.TestStage3Authentication" name="test_s3_03_register_gives_10000_signup_bonus" time="0.320" /><testcase classname="tests.test_stage123_deep.TestStage3Authentication" name="test_s3_04_register_creates_wallet_transaction" time="0.426" /><testcase classname="tests.test_stage123_deep.TestStage3Authentication" name="test_s3_05_register_invalid_phone_returns_422" time="0.111" /><testcase classname="tests.test_stage123_deep.TestStage3Authentication" name="test_s3_06_register_invalid_pin_returns_422" time="0.117" /><testcase classname="tests.test_stage123_deep.TestStage3Authentication" name="test_s3_07_register_duplicate_phone_returns_409" time="0.096" /><testcase classname="tests.test_stage123_deep.TestStage3Authentication" name="test_s3_08_register_valid_referral_gives_bonus" time="0.648" /><testcase classname="tests.test_stage123_deep.TestStage3Authentication" name="test_s3_09_register_invalid_referral_returns_400" time="0.098" /><testcase classname="tests.test_stage123_deep.TestStage3Authentication" name="test_s3_10_register_generates_unique_referral_code" time="0.326" /><testcase classname="tests.test_stage123_deep.TestStage3Authentication" name="test_s3_11_register_generates_username" time="0.329" /><testcase classname="tests.test_stage123_deep.TestStage3Authentication" name="test_s3_12_register_custom_username" time="0.335" /><testcase classname="tests.test_stage123_deep.TestStage3Authentication" name="test_s3_13_login_correct_credentials_returns_200" time="0.333" /><testcase classname="tests.test_stage123_deep.TestStage3Authentication" name="test_s3_14_login_returns_same_format_as_register" time="0.329" /><testcase classname="tests.test_stage123_deep.TestStage3Authentication" name="test_s3_15_login_wrong_pin_returns_401" time="0.339" /><testcase classname="tests.test_stage123_deep.TestStage3Authentication" name="test_s3_16_login_nonexistent_phone_returns_401" time="0.098" /><testcase classname="tests.test_stage123_deep.TestStage3Authentication" name="test_s3_17_login_invalid_pin_format_returns_422" time="0.206" /><testcase classname="tests.test_stage123_deep.TestStage3Authentication" name="test_s3_18_password_stored_as_bcrypt" time="0.000" /><testcase classname="tests.test_stage123_deep.TestStage3Authentication" name="test_s3_19_bcrypt_uses_12_rounds" time="0.000" /><testcase classname="tests.test_stage123_deep.TestStage3Authentication" name="test_s3_20_5_failed_attempts_locks_account" time="0.000" /><testcase classname="tests.test_stage123_deep.TestStage3Authentication" name="test_s3_21_locked_account_returns_remaining_time" time="0.000" /><testcase classname="tests.test_stage123_deep.TestStage3Authentication" name="test_s3_22_account_unlocks_after_15_minutes" time="0.000" /><testcase classname="tests.test_stage123_deep.TestStage3Authentication" name="test_s3_23_successful_login_resets_attempts" time="0.000" /><testcase classname="tests.test_stage123_deep.TestStage3Authentication" name="test_s3_24_refresh_with_valid_token_returns_new_tokens" time="0.420" /><testcase classname="tests.test_stage123_deep.TestStage3Authentication" name="test_s3_25_refresh_with_access_token_fails" time="0.438" /><testcase classname="tests.test_stage123_deep.TestStage3Authentication" name="test_s3_26_refresh_with_invalid_token_returns_401" time="0.098" /><testcase classname="tests.test_stage123_deep.TestStage3Authentication" name="test_s3_27_refresh_with_expired_token_returns_401" time="0.000" /><testcase classname="tests.test_stage123_deep.TestStage3Authentication" name="test_s3_28_get_me_with_valid_token_returns_profile" time="0.413" /><testcase classname="tests.test_stage123_deep.TestStage3Authentication" name="test_s3_29_get_me_without_token_returns_401" time="0.114" /><testcase classname="tests.test_stage123_deep.TestStage3Authentication" name="test_s3_30_get_me_with_expired_token_returns_401" time="0.000" /><testcase classname="tests.test_stage123_deep.TestStage3Authentication" name="test_s3_31_get_me_with_invalid_token_returns_401" time="0.119" /><testcase classname="tests.test_stage123_deep.TestStage3Authentication" name="test_s3_32_change_pin_with_correct_old_pin" time="0.876" /><testcase classname="tests.test_stage123_deep.TestStage3Authentication" name="test_s3_33_change_pin_wrong_old_pin_returns_error" time="0.638" /><testcase classname="tests.test_stage123_deep.TestStage3Authentication" name="test_s3_34_change_pin_invalid_new_pin_returns_error" time="0.423" /><testcase classname="tests.test_stage123_deep.TestStage3Authentication" name="test_s3_35_after_change_old_pin_fails" time="1.213" /><testcase classname="tests.test_stage123_deep.TestStage3Authentication" name="test_s3_36_after_change_new_pin_works" time="1.183" /><testcase classname="tests.test_stage123_deep.TestStage3Authentication" name="test_s3_37_jwt_access_token_has_type_access" time="0.329" /><testcase classname="tests.test_stage123_deep.TestStage3Authentication" name="test_s3_38_jwt_refresh_token_has_type_refresh" time="0.318" /><testcase classname="tests.test_stage123_deep.TestStage3Authentication" name="test_s3_39_jwt_has_required_claims" time="0.324" /><testcase classname="tests.test_stage123_deep.TestStage3Authentication" name="test_s3_40_jwt_jti_unique_per_token" time="0.976" /><testcase classname="tests.test_stage123_deep.TestStage3Authentication" name="test_s3_41_access_token_expires_7_days" time="0.327" /><testcase classname="tests.test_stage123_deep.TestStage3Authentication" name="test_s3_42_refresh_token_expires_30_days" time="0.000" /><testcase classname="tests.test_stage123_deep.TestStage3Authentication" name="test_s3_43_banned_user_cannot_login" time="0.000" /><testcase classname="tests.test_stage123_deep.TestStage3Authentication" name="test_s3_44_banned_user_token_rejected" time="0.000" /><testcase classname="tests.test_stage123_deep.TestStage3Authentication" name="test_s3_45_phone_cleaned_strips_non_digits" time="0.000" /><testcase classname="tests.test_stage123_deep.TestStage3Authentication" name="test_s3_46_phone_with_country_code_works" time="0.000" /><testcase classname="tests.test_stage123_deep.TestStage3Authentication" name="test_s3_47_rate_limit_on_register" time="0.000" /><testcase classname="tests.test_stage123_deep.TestStage3Authentication" name="test_s3_48_rate_limit_on_login" time="0.000" /><testcase classname="tests.test_stage123_deep.TestStage3Authentication" name="test_s3_49_no_id_in_auth_response" time="0.321" /><testcase classname="tests.test_stage123_deep.TestStage3Authentication" name="test_s3_50_auth_response_consistent_format" time="0.762" /></testsuite></testsuites>